<?xml version="1.0" encoding="UTF-8"?>
<coverage generated="1781069067551" clover="3.2.0">
  <project timestamp="1781069067551" name="All files">
    <metrics statements="879" coveredstatements="553" conditionals="593" coveredconditionals="404" methods="179" coveredmethods="87" elements="1651" coveredelements="1044" complexity="0" loc="879" ncloc="879" packages="2" files="22" classes="22"/>
    <package name="store">
      <metrics statements="339" coveredstatements="206" conditionals="127" coveredconditionals="62" methods="84" coveredmethods="39"/>
      <file name="favoritesStore.ts" path="/Users/gunho/code/conjugo-es/src/store/favoritesStore.ts">
        <metrics statements="17" coveredstatements="0" conditionals="4" coveredconditionals="0" methods="5" coveredmethods="0"/>
        <line num="1" count="0" type="stmt"/>
        <line num="2" count="0" type="stmt"/>
        <line num="3" count="0" type="stmt"/>
        <line num="13" count="0" type="stmt"/>
        <line num="18" count="0" type="stmt"/>
        <line num="19" count="0" type="stmt"/>
        <line num="20" count="0" type="cond" truecount="0" falsecount="2"/>
        <line num="21" count="0" type="stmt"/>
        <line num="23" count="0" type="stmt"/>
        <line num="26" count="0" type="stmt"/>
        <line num="27" count="0" type="stmt"/>
        <line num="32" count="0" type="stmt"/>
        <line num="33" count="0" type="cond" truecount="0" falsecount="2"/>
        <line num="34" count="0" type="stmt"/>
        <line num="36" count="0" type="stmt"/>
        <line num="37" count="0" type="stmt"/>
        <line num="41" count="0" type="stmt"/>
      </file>
      <file name="flashcardSessionStore.ts" path="/Users/gunho/code/conjugo-es/src/store/flashcardSessionStore.ts">
        <metrics statements="65" coveredstatements="54" conditionals="26" coveredconditionals="16" methods="15" coveredmethods="10"/>
        <line num="1" count="1" type="stmt"/>
        <line num="2" count="1" type="stmt"/>
        <line num="3" count="1" type="stmt"/>
        <line num="4" count="1" type="stmt"/>
        <line num="22" count="3" type="stmt"/>
        <line num="26" count="1" type="stmt"/>
        <line num="27" count="1" type="stmt"/>
        <line num="30" count="5" type="stmt"/>
        <line num="31" count="5" type="stmt"/>
        <line num="32" count="5" type="stmt"/>
        <line num="35" count="1" type="stmt"/>
        <line num="41" count="3" type="cond" truecount="1" falsecount="1"/>
        <line num="42" count="3" type="cond" truecount="2" falsecount="0"/>
        <line num="43" count="2" type="stmt"/>
        <line num="44" count="2" type="stmt"/>
        <line num="45" count="2" type="cond" truecount="1" falsecount="1"/>
        <line num="46" count="2" type="stmt"/>
        <line num="47" count="2" type="stmt"/>
        <line num="48" count="1" type="cond" truecount="1" falsecount="1"/>
        <line num="49" count="1" type="stmt"/>
        <line num="52" count="1" type="stmt"/>
        <line num="53" count="1" type="stmt"/>
        <line num="54" count="1" type="stmt"/>
        <line num="55" count="1" type="cond" truecount="1" falsecount="1"/>
        <line num="56" count="1" type="cond" truecount="1" falsecount="1"/>
        <line num="57" count="1" type="cond" truecount="1" falsecount="1"/>
        <line num="58" count="0" type="stmt"/>
        <line num="59" count="0" type="stmt"/>
        <line num="60" count="0" type="stmt"/>
        <line num="62" count="1" type="stmt"/>
        <line num="65" count="1" type="stmt"/>
        <line num="66" count="1" type="stmt"/>
        <line num="67" count="1" type="cond" truecount="1" falsecount="1"/>
        <line num="68" count="0" type="stmt"/>
        <line num="71" count="0" type="stmt"/>
        <line num="76" count="1" type="stmt"/>
        <line num="77" count="1" type="stmt"/>
        <line num="80" count="2" type="stmt"/>
        <line num="81" count="2" type="cond" truecount="1" falsecount="1"/>
        <line num="83" count="2" type="stmt"/>
        <line num="84" count="2" type="stmt"/>
        <line num="88" count="4" type="cond" truecount="2" falsecount="0"/>
        <line num="89" count="2" type="stmt"/>
        <line num="91" count="4" type="cond" truecount="2" falsecount="0"/>
        <line num="92" count="1" type="stmt"/>
        <line num="95" count="3" type="stmt"/>
        <line num="96" count="3" type="stmt"/>
        <line num="97" count="3" type="stmt"/>
        <line num="98" count="3" type="stmt"/>
        <line num="101" count="3" type="cond" truecount="1" falsecount="1"/>
        <line num="102" count="3" type="stmt"/>
        <line num="103" count="3" type="stmt"/>
        <line num="109" count="0" type="stmt"/>
        <line num="112" count="3" type="stmt"/>
        <line num="113" count="3" type="cond" truecount="1" falsecount="1"/>
        <line num="114" count="0" type="stmt"/>
        <line num="116" count="3" type="stmt"/>
        <line num="121" count="0" type="stmt"/>
        <line num="122" count="0" type="stmt"/>
        <line num="123" count="0" type="stmt"/>
        <line num="124" count="0" type="stmt"/>
        <line num="129" count="1" type="stmt"/>
        <line num="130" count="7" type="stmt"/>
        <line num="131" count="7" type="stmt"/>
        <line num="132" count="7" type="stmt"/>
      </file>
      <file name="historyStore.ts" path="/Users/gunho/code/conjugo-es/src/store/historyStore.ts">
        <metrics statements="21" coveredstatements="0" conditionals="2" coveredconditionals="0" methods="7" coveredmethods="0"/>
        <line num="1" count="0" type="stmt"/>
        <line num="2" count="0" type="stmt"/>
        <line num="3" count="0" type="stmt"/>
        <line num="4" count="0" type="stmt"/>
        <line num="15" count="0" type="stmt"/>
        <line num="20" count="0" type="stmt"/>
        <line num="21" count="0" type="stmt"/>
        <line num="22" count="0" type="cond" truecount="0" falsecount="2"/>
        <line num="23" count="0" type="stmt"/>
        <line num="25" count="0" type="stmt"/>
        <line num="28" count="0" type="stmt"/>
        <line num="29" count="0" type="stmt"/>
        <line num="34" count="0" type="stmt"/>
        <line num="35" count="0" type="stmt"/>
        <line num="36" count="0" type="stmt"/>
        <line num="37" count="0" type="stmt"/>
        <line num="41" count="0" type="stmt"/>
        <line num="42" count="0" type="stmt"/>
        <line num="43" count="0" type="stmt"/>
        <line num="47" count="0" type="stmt"/>
        <line num="48" count="0" type="stmt"/>
      </file>
      <file name="practiceSettingsStore.ts" path="/Users/gunho/code/conjugo-es/src/store/practiceSettingsStore.ts">
        <metrics statements="41" coveredstatements="0" conditionals="20" coveredconditionals="0" methods="9" coveredmethods="0"/>
        <line num="1" count="0" type="stmt"/>
        <line num="2" count="0" type="stmt"/>
        <line num="3" count="0" type="stmt"/>
        <line num="17" count="0" type="stmt"/>
        <line num="25" count="0" type="stmt"/>
        <line num="27" count="0" type="stmt"/>
        <line num="33" count="0" type="stmt"/>
        <line num="34" count="0" type="stmt"/>
        <line num="35" count="0" type="cond" truecount="0" falsecount="2"/>
        <line num="36" count="0" type="stmt"/>
        <line num="37" count="0" type="stmt"/>
        <line num="43" count="0" type="stmt"/>
        <line num="46" count="0" type="stmt"/>
        <line num="47" count="0" type="stmt"/>
        <line num="52" count="0" type="cond" truecount="0" falsecount="2"/>
        <line num="53" count="0" type="stmt"/>
        <line num="54" count="0" type="stmt"/>
        <line num="58" count="0" type="cond" truecount="0" falsecount="2"/>
        <line num="59" count="0" type="stmt"/>
        <line num="60" count="0" type="stmt"/>
        <line num="64" count="0" type="stmt"/>
        <line num="66" count="0" type="cond" truecount="0" falsecount="2"/>
        <line num="67" count="0" type="cond" truecount="0" falsecount="2"/>
        <line num="68" count="0" type="stmt"/>
        <line num="70" count="0" type="stmt"/>
        <line num="72" count="0" type="stmt"/>
        <line num="73" count="0" type="stmt"/>
        <line num="77" count="0" type="stmt"/>
        <line num="79" count="0" type="cond" truecount="0" falsecount="2"/>
        <line num="80" count="0" type="cond" truecount="0" falsecount="2"/>
        <line num="81" count="0" type="stmt"/>
        <line num="83" count="0" type="stmt"/>
        <line num="85" count="0" type="stmt"/>
        <line num="86" count="0" type="stmt"/>
        <line num="91" count="0" type="stmt"/>
        <line num="92" count="0" type="stmt"/>
        <line num="93" count="0" type="cond" truecount="0" falsecount="2"/>
        <line num="94" count="0" type="stmt"/>
        <line num="95" count="0" type="stmt"/>
        <line num="97" count="0" type="stmt"/>
        <line num="101" count="0" type="stmt"/>
      </file>
      <file name="quizStore.ts" path="/Users/gunho/code/conjugo-es/src/store/quizStore.ts">
        <metrics statements="47" coveredstatements="42" conditionals="18" coveredconditionals="14" methods="12" coveredmethods="8"/>
        <line num="1" count="1" type="stmt"/>
        <line num="2" count="1" type="stmt"/>
        <line num="3" count="1" type="stmt"/>
        <line num="18" count="1" type="stmt"/>
        <line num="19" count="1" type="stmt"/>
        <line num="22" count="7" type="stmt"/>
        <line num="23" count="7" type="stmt"/>
        <line num="24" count="7" type="stmt"/>
        <line num="27" count="1" type="stmt"/>
        <line num="35" count="5" type="cond" truecount="1" falsecount="1"/>
        <line num="36" count="5" type="cond" truecount="2" falsecount="0"/>
        <line num="37" count="4" type="stmt"/>
        <line num="38" count="4" type="stmt"/>
        <line num="39" count="4" type="cond" truecount="1" falsecount="1"/>
        <line num="40" count="4" type="stmt"/>
        <line num="41" count="4" type="stmt"/>
        <line num="42" count="2" type="cond" truecount="1" falsecount="1"/>
        <line num="43" count="2" type="stmt"/>
        <line num="44" count="2" type="stmt"/>
        <line num="46" count="0" type="stmt"/>
        <line num="52" count="2" type="stmt"/>
        <line num="53" count="2" type="stmt"/>
        <line num="56" count="4" type="stmt"/>
        <line num="57" count="4" type="cond" truecount="1" falsecount="1"/>
        <line num="59" count="4" type="stmt"/>
        <line num="60" count="4" type="stmt"/>
        <line num="64" count="5" type="cond" truecount="2" falsecount="0"/>
        <line num="65" count="4" type="stmt"/>
        <line num="67" count="5" type="cond" truecount="2" falsecount="0"/>
        <line num="70" count="2" type="stmt"/>
        <line num="71" count="2" type="stmt"/>
        <line num="73" count="3" type="stmt"/>
        <line num="74" count="3" type="stmt"/>
        <line num="75" count="3" type="stmt"/>
        <line num="80" count="3" type="stmt"/>
        <line num="81" count="3" type="cond" truecount="2" falsecount="0"/>
        <line num="85" count="1" type="stmt"/>
        <line num="86" count="1" type="stmt"/>
        <line num="88" count="2" type="stmt"/>
        <line num="93" count="0" type="stmt"/>
        <line num="94" count="0" type="stmt"/>
        <line num="95" count="0" type="stmt"/>
        <line num="96" count="0" type="stmt"/>
        <line num="101" count="1" type="stmt"/>
        <line num="102" count="8" type="stmt"/>
        <line num="103" count="8" type="stmt"/>
        <line num="104" count="8" type="stmt"/>
      </file>
      <file name="sessionStore.ts" path="/Users/gunho/code/conjugo-es/src/store/sessionStore.ts">
        <metrics statements="66" coveredstatements="54" conditionals="30" coveredconditionals="17" methods="15" coveredmethods="10"/>
        <line num="1" count="1" type="stmt"/>
        <line num="2" count="1" type="stmt"/>
        <line num="3" count="1" type="stmt"/>
        <line num="4" count="1" type="stmt"/>
        <line num="23" count="4" type="stmt"/>
        <line num="27" count="1" type="stmt"/>
        <line num="28" count="1" type="stmt"/>
        <line num="31" count="8" type="stmt"/>
        <line num="32" count="8" type="stmt"/>
        <line num="33" count="8" type="stmt"/>
        <line num="36" count="1" type="stmt"/>
        <line num="42" count="5" type="cond" truecount="1" falsecount="1"/>
        <line num="43" count="5" type="cond" truecount="2" falsecount="0"/>
        <line num="44" count="4" type="stmt"/>
        <line num="45" count="4" type="stmt"/>
        <line num="46" count="4" type="cond" truecount="1" falsecount="1"/>
        <line num="47" count="4" type="stmt"/>
        <line num="48" count="4" type="stmt"/>
        <line num="49" count="2" type="cond" truecount="1" falsecount="1"/>
        <line num="50" count="2" type="stmt"/>
        <line num="53" count="2" type="stmt"/>
        <line num="54" count="2" type="stmt"/>
        <line num="55" count="2" type="stmt"/>
        <line num="56" count="2" type="cond" truecount="1" falsecount="1"/>
        <line num="57" count="2" type="cond" truecount="1" falsecount="1"/>
        <line num="58" count="2" type="cond" truecount="1" falsecount="1"/>
        <line num="59" count="0" type="stmt"/>
        <line num="60" count="0" type="stmt"/>
        <line num="61" count="0" type="stmt"/>
        <line num="62" count="0" type="cond" truecount="0" falsecount="2"/>
        <line num="64" count="2" type="cond" truecount="1" falsecount="1"/>
        <line num="67" count="2" type="stmt"/>
        <line num="68" count="2" type="stmt"/>
        <line num="69" count="2" type="cond" truecount="1" falsecount="1"/>
        <line num="70" count="0" type="stmt"/>
        <line num="73" count="0" type="stmt"/>
        <line num="79" count="2" type="stmt"/>
        <line num="80" count="2" type="stmt"/>
        <line num="83" count="4" type="stmt"/>
        <line num="84" count="4" type="cond" truecount="1" falsecount="1"/>
        <line num="86" count="4" type="stmt"/>
        <line num="87" count="4" type="stmt"/>
        <line num="91" count="6" type="cond" truecount="2" falsecount="0"/>
        <line num="92" count="4" type="stmt"/>
        <line num="94" count="6" type="cond" truecount="2" falsecount="0"/>
        <line num="95" count="2" type="stmt"/>
        <line num="98" count="4" type="stmt"/>
        <line num="99" count="4" type="stmt"/>
        <line num="100" count="4" type="stmt"/>
        <line num="101" count="4" type="stmt"/>
        <line num="104" count="4" type="cond" truecount="1" falsecount="1"/>
        <line num="106" count="4" type="stmt"/>
        <line num="107" count="4" type="stmt"/>
        <line num="115" count="0" type="stmt"/>
        <line num="118" count="4" type="stmt"/>
        <line num="119" count="4" type="cond" truecount="1" falsecount="1"/>
        <line num="120" count="0" type="stmt"/>
        <line num="122" count="4" type="stmt"/>
        <line num="127" count="0" type="stmt"/>
        <line num="128" count="0" type="stmt"/>
        <line num="129" count="0" type="stmt"/>
        <line num="130" count="0" type="stmt"/>
        <line num="135" count="1" type="stmt"/>
        <line num="136" count="7" type="stmt"/>
        <line num="137" count="7" type="stmt"/>
        <line num="138" count="7" type="stmt"/>
      </file>
      <file name="spacedRepStore.ts" path="/Users/gunho/code/conjugo-es/src/store/spacedRepStore.ts">
        <metrics statements="62" coveredstatements="56" conditionals="21" coveredconditionals="15" methods="16" coveredmethods="11"/>
        <line num="1" count="2" type="stmt"/>
        <line num="2" count="2" type="stmt"/>
        <line num="3" count="2" type="stmt"/>
        <line num="22" count="2" type="stmt"/>
        <line num="23" count="2" type="stmt"/>
        <line num="24" count="2" type="stmt"/>
        <line num="25" count="2" type="stmt"/>
        <line num="27" count="2" type="stmt"/>
        <line num="28" count="15" type="stmt"/>
        <line num="31" count="2" type="stmt"/>
        <line num="37" count="7" type="stmt"/>
        <line num="38" count="7" type="cond" truecount="2" falsecount="1"/>
        <line num="41" count="2" type="stmt"/>
        <line num="48" count="4" type="stmt"/>
        <line num="49" count="4" type="stmt"/>
        <line num="50" count="4" type="stmt"/>
        <line num="52" count="4" type="cond" truecount="1" falsecount="1"/>
        <line num="58" count="4" type="stmt"/>
        <line num="60" count="4" type="stmt"/>
        <line num="65" count="2" type="stmt"/>
        <line num="66" count="2" type="stmt"/>
        <line num="69" count="7" type="stmt"/>
        <line num="70" count="7" type="stmt"/>
        <line num="71" count="7" type="stmt"/>
        <line num="74" count="2" type="stmt"/>
        <line num="80" count="5" type="cond" truecount="1" falsecount="1"/>
        <line num="81" count="5" type="cond" truecount="2" falsecount="0"/>
        <line num="82" count="4" type="stmt"/>
        <line num="83" count="4" type="stmt"/>
        <line num="84" count="4" type="cond" truecount="1" falsecount="1"/>
        <line num="85" count="4" type="stmt"/>
        <line num="86" count="4" type="stmt"/>
        <line num="87" count="2" type="cond" truecount="1" falsecount="1"/>
        <line num="88" count="2" type="stmt"/>
        <line num="90" count="0" type="stmt"/>
        <line num="95" count="2" type="stmt"/>
        <line num="96" count="2" type="stmt"/>
        <line num="99" count="4" type="stmt"/>
        <line num="100" count="4" type="cond" truecount="1" falsecount="1"/>
        <line num="102" count="4" type="stmt"/>
        <line num="103" count="4" type="stmt"/>
        <line num="107" count="5" type="cond" truecount="2" falsecount="0"/>
        <line num="108" count="4" type="stmt"/>
        <line num="110" count="5" type="cond" truecount="2" falsecount="0"/>
        <line num="112" count="2" type="stmt"/>
        <line num="113" count="2" type="stmt"/>
        <line num="115" count="3" type="stmt"/>
        <line num="116" count="3" type="stmt"/>
        <line num="117" count="3" type="stmt"/>
        <line num="118" count="3" type="cond" truecount="2" falsecount="0"/>
        <line num="120" count="1" type="stmt"/>
        <line num="121" count="1" type="stmt"/>
        <line num="123" count="2" type="stmt"/>
        <line num="128" count="0" type="stmt"/>
        <line num="132" count="0" type="stmt"/>
        <line num="133" count="0" type="stmt"/>
        <line num="134" count="0" type="stmt"/>
        <line num="135" count="0" type="stmt"/>
        <line num="140" count="2" type="stmt"/>
        <line num="141" count="8" type="stmt"/>
        <line num="142" count="8" type="stmt"/>
        <line num="143" count="8" type="stmt"/>
      </file>
      <file name="themeStore.ts" path="/Users/gunho/code/conjugo-es/src/store/themeStore.ts">
        <metrics statements="20" coveredstatements="0" conditionals="6" coveredconditionals="0" methods="5" coveredmethods="0"/>
        <line num="1" count="0" type="stmt"/>
        <line num="2" count="0" type="stmt"/>
        <line num="3" count="0" type="stmt"/>
        <line num="16" count="0" type="stmt"/>
        <line num="23" count="0" type="stmt"/>
        <line num="24" count="0" type="stmt"/>
        <line num="25" count="0" type="stmt"/>
        <line num="26" count="0" type="stmt"/>
        <line num="27" count="0" type="stmt"/>
        <line num="34" count="0" type="stmt"/>
        <line num="35" count="0" type="stmt"/>
        <line num="40" count="0" type="stmt"/>
        <line num="41" count="0" type="stmt"/>
        <line num="42" count="0" type="cond" truecount="0" falsecount="2"/>
        <line num="46" count="0" type="stmt"/>
        <line num="47" count="0" type="stmt"/>
        <line num="48" count="0" type="cond" truecount="0" falsecount="2"/>
        <line num="52" count="0" type="stmt"/>
        <line num="53" count="0" type="stmt"/>
        <line num="54" count="0" type="cond" truecount="0" falsecount="2"/>
      </file>
    </package>
    <package name="utils">
      <metrics statements="540" coveredstatements="347" conditionals="466" coveredconditionals="342" methods="95" coveredmethods="48"/>
      <file name="appMeta.ts" path="/Users/gunho/code/conjugo-es/src/utils/appMeta.ts">
        <metrics statements="9" coveredstatements="0" conditionals="0" coveredconditionals="0" methods="0" coveredmethods="0"/>
        <line num="1" count="0" type="stmt"/>
        <line num="3" count="0" type="stmt"/>
        <line num="5" count="0" type="stmt"/>
        <line num="6" count="0" type="stmt"/>
        <line num="7" count="0" type="stmt"/>
        <line num="8" count="0" type="stmt"/>
        <line num="9" count="0" type="stmt"/>
        <line num="10" count="0" type="stmt"/>
        <line num="11" count="0" type="stmt"/>
      </file>
      <file name="conjugate.ts" path="/Users/gunho/code/conjugo-es/src/utils/conjugate.ts">
        <metrics statements="265" coveredstatements="257" conditionals="339" coveredconditionals="314" methods="28" coveredmethods="28"/>
        <line num="1" count="3" type="stmt"/>
        <line num="5" count="3" type="stmt"/>
        <line num="55" count="3" type="stmt"/>
        <line num="64" count="3" type="stmt"/>
        <line num="74" count="3" type="stmt"/>
        <line num="131" count="10139" type="cond" truecount="2" falsecount="0"/>
        <line num="136" count="3" type="stmt"/>
        <line num="174" count="3" type="stmt"/>
        <line num="176" count="3" type="stmt"/>
        <line num="182" count="4642" type="stmt"/>
        <line num="189" count="4642" type="stmt"/>
        <line num="191" count="4642" type="stmt"/>
        <line num="192" count="4642" type="cond" truecount="2" falsecount="0"/>
        <line num="193" count="4586" type="stmt"/>
        <line num="218" count="3" type="stmt"/>
        <line num="237" count="3" type="stmt"/>
        <line num="256" count="3" type="stmt"/>
        <line num="282" count="10139" type="stmt"/>
        <line num="283" count="10139" type="cond" truecount="2" falsecount="0"/>
        <line num="284" count="9778" type="stmt"/>
        <line num="285" count="9778" type="cond" truecount="2" falsecount="0"/>
        <line num="289" count="6091" type="cond" truecount="2" falsecount="0"/>
        <line num="290" count="181" type="stmt"/>
        <line num="293" count="5910" type="cond" truecount="2" falsecount="0"/>
        <line num="294" count="114" type="stmt"/>
        <line num="296" count="5796" type="stmt"/>
        <line num="297" count="5796" type="cond" truecount="2" falsecount="0"/>
        <line num="313" count="110124" type="stmt"/>
        <line num="317" count="2026" type="stmt"/>
        <line num="325" count="2026" type="stmt"/>
        <line num="326" count="2026" type="stmt"/>
        <line num="327" count="2026" type="cond" truecount="1" falsecount="1"/>
        <line num="328" count="2026" type="stmt"/>
        <line num="332" count="0" type="stmt"/>
        <line num="336" count="23580" type="stmt"/>
        <line num="344" count="23580" type="cond" truecount="1" falsecount="1"/>
        <line num="348" count="2037" type="cond" truecount="4" falsecount="0"/>
        <line num="349" count="7" type="stmt"/>
        <line num="351" count="2030" type="stmt"/>
        <line num="356" count="18354" type="cond" truecount="2" falsecount="0"/>
        <line num="357" count="18354" type="cond" truecount="2" falsecount="0"/>
        <line num="358" count="247" type="stmt"/>
        <line num="359" count="1482" type="cond" truecount="2" falsecount="0"/>
        <line num="364" count="18107" type="cond" truecount="2" falsecount="0"/>
        <line num="365" count="18107" type="cond" truecount="4" falsecount="0"/>
        <line num="367" count="62" type="stmt"/>
        <line num="368" count="62" type="stmt"/>
        <line num="369" count="372" type="cond" truecount="2" falsecount="0"/>
        <line num="370" count="310" type="cond" truecount="4" falsecount="0"/>
        <line num="371" count="252" type="cond" truecount="2" falsecount="0"/>
        <line num="372" count="190" type="stmt"/>
        <line num="375" count="18045" type="cond" truecount="4" falsecount="0"/>
        <line num="376" count="64" type="stmt"/>
        <line num="377" count="384" type="cond" truecount="2" falsecount="0"/>
        <line num="378" count="320" type="stmt"/>
        <line num="382" count="17981" type="stmt"/>
        <line num="387" count="107886" type="cond" truecount="5" falsecount="0"/>
        <line num="388" count="690" type="stmt"/>
        <line num="390" count="107196" type="stmt"/>
        <line num="395" count="107196" type="cond" truecount="4" falsecount="0"/>
        <line num="396" count="438" type="stmt"/>
        <line num="397" count="438" type="stmt"/>
        <line num="399" count="106758" type="stmt"/>
        <line num="404" count="106758" type="cond" truecount="2" falsecount="0"/>
        <line num="405" count="1494" type="stmt"/>
        <line num="406" count="1494" type="cond" truecount="4" falsecount="0"/>
        <line num="407" count="43" type="stmt"/>
        <line num="410" count="1451" type="cond" truecount="2" falsecount="0"/>
        <line num="411" count="228" type="cond" truecount="1" falsecount="1"/>
        <line num="414" count="228" type="stmt"/>
        <line num="417" count="1223" type="cond" truecount="4" falsecount="0"/>
        <line num="418" count="117" type="stmt"/>
        <line num="419" count="117" type="stmt"/>
        <line num="422" count="1106" type="cond" truecount="4" falsecount="0"/>
        <line num="423" count="195" type="stmt"/>
        <line num="424" count="195" type="stmt"/>
        <line num="426" count="911" type="stmt"/>
        <line num="431" count="106175" type="cond" truecount="2" falsecount="0"/>
        <line num="432" count="5640" type="stmt"/>
        <line num="433" count="5640" type="cond" truecount="4" falsecount="0"/>
        <line num="434" count="107" type="stmt"/>
        <line num="436" count="5533" type="cond" truecount="2" falsecount="0"/>
        <line num="437" count="642" type="stmt"/>
        <line num="440" count="4891" type="cond" truecount="4" falsecount="0"/>
        <line num="441" count="321" type="stmt"/>
        <line num="442" count="321" type="stmt"/>
        <line num="445" count="4570" type="cond" truecount="4" falsecount="0"/>
        <line num="446" count="535" type="stmt"/>
        <line num="447" count="535" type="stmt"/>
        <line num="449" count="4035" type="stmt"/>
        <line num="454" count="92414" type="cond" truecount="2" falsecount="0"/>
        <line num="455" count="19380" type="stmt"/>
        <line num="456" count="19380" type="cond" truecount="3" falsecount="0"/>
        <line num="459" count="19380" type="stmt"/>
        <line num="460" count="19380" type="cond" truecount="8" falsecount="0"/>
        <line num="461" count="5286" type="stmt"/>
        <line num="462" count="3684" type="stmt"/>
        <line num="463" count="6252" type="stmt"/>
        <line num="464" count="414" type="stmt"/>
        <line num="465" count="402" type="stmt"/>
        <line num="466" count="876" type="stmt"/>
        <line num="467" count="516" type="stmt"/>
        <line num="468" count="1950" type="stmt"/>
        <line num="472" count="19380" type="stmt"/>
        <line num="473" count="19380" type="cond" truecount="2" falsecount="0"/>
        <line num="475" count="17430" type="stmt"/>
        <line num="476" count="4456" type="stmt"/>
        <line num="477" count="4456" type="cond" truecount="4" falsecount="0"/>
        <line num="478" count="211" type="stmt"/>
        <line num="479" count="4245" type="cond" truecount="2" falsecount="2"/>
        <line num="480" count="0" type="stmt"/>
        <line num="483" count="4456" type="cond" truecount="3" falsecount="1"/>
        <line num="485" count="1540" type="stmt"/>
        <line num="487" count="1090" type="stmt"/>
        <line num="489" count="1826" type="stmt"/>
        <line num="491" count="0" type="stmt"/>
        <line num="496" count="17430" type="cond" truecount="4" falsecount="0"/>
        <line num="497" count="363" type="cond" truecount="3" falsecount="0"/>
        <line num="498" count="111" type="stmt"/>
        <line num="499" count="77" type="stmt"/>
        <line num="500" count="131" type="stmt"/>
        <line num="505" count="17111" type="cond" truecount="4" falsecount="0"/>
        <line num="506" count="364" type="cond" truecount="6" falsecount="0"/>
        <line num="507" count="48" type="stmt"/>
        <line num="508" count="48" type="cond" truecount="2" falsecount="0"/>
        <line num="509" count="16" type="stmt"/>
        <line num="511" count="48" type="stmt"/>
        <line num="516" count="17063" type="cond" truecount="2" falsecount="0"/>
        <line num="517" count="2202" type="cond" truecount="2" falsecount="0"/>
        <line num="518" count="1920" type="stmt"/>
        <line num="519" count="1920" type="cond" truecount="2" falsecount="4"/>
        <line num="520" count="0" type="stmt"/>
        <line num="522" count="1920" type="stmt"/>
        <line num="525" count="282" type="stmt"/>
        <line num="526" count="282" type="stmt"/>
        <line num="528" count="282" type="cond" truecount="4" falsecount="0"/>
        <line num="529" count="64" type="stmt"/>
        <line num="532" count="282" type="cond" truecount="6" falsecount="0"/>
        <line num="533" count="26" type="stmt"/>
        <line num="535" count="282" type="stmt"/>
        <line num="539" count="14861" type="cond" truecount="4" falsecount="0"/>
        <line num="540" count="1104" type="cond" truecount="2" falsecount="0"/>
        <line num="541" count="951" type="stmt"/>
        <line num="542" count="951" type="stmt"/>
        <line num="543" count="951" type="cond" truecount="2" falsecount="3"/>
        <line num="544" count="0" type="stmt"/>
        <line num="546" count="951" type="stmt"/>
        <line num="548" count="153" type="stmt"/>
        <line num="549" count="153" type="stmt"/>
        <line num="550" count="153" type="cond" truecount="4" falsecount="0"/>
        <line num="551" count="40" type="stmt"/>
        <line num="554" count="153" type="cond" truecount="5" falsecount="0"/>
        <line num="555" count="15" type="stmt"/>
        <line num="557" count="153" type="stmt"/>
        <line num="561" count="13757" type="cond" truecount="4" falsecount="0"/>
        <line num="562" count="1815" type="cond" truecount="2" falsecount="0"/>
        <line num="563" count="1585" type="stmt"/>
        <line num="564" count="1585" type="stmt"/>
        <line num="565" count="1585" type="cond" truecount="2" falsecount="4"/>
        <line num="566" count="0" type="stmt"/>
        <line num="568" count="1585" type="stmt"/>
        <line num="570" count="230" type="stmt"/>
        <line num="571" count="230" type="stmt"/>
        <line num="572" count="230" type="cond" truecount="4" falsecount="0"/>
        <line num="573" count="45" type="stmt"/>
        <line num="576" count="230" type="cond" truecount="6" falsecount="0"/>
        <line num="577" count="26" type="stmt"/>
        <line num="579" count="230" type="stmt"/>
        <line num="582" count="11942" type="stmt"/>
        <line num="587" count="86926" type="cond" truecount="2" falsecount="0"/>
        <line num="588" count="1950" type="stmt"/>
        <line num="589" count="1950" type="cond" truecount="4" falsecount="0"/>
        <line num="590" count="164" type="stmt"/>
        <line num="592" count="1786" type="cond" truecount="4" falsecount="0"/>
        <line num="593" count="82" type="cond" truecount="2" falsecount="0"/>
        <line num="596" count="1704" type="cond" truecount="5" falsecount="0"/>
        <line num="597" count="164" type="stmt"/>
        <line num="598" count="164" type="stmt"/>
        <line num="601" count="1540" type="cond" truecount="4" falsecount="0"/>
        <line num="602" count="205" type="stmt"/>
        <line num="603" count="205" type="stmt"/>
        <line num="606" count="1335" type="cond" truecount="2" falsecount="0"/>
        <line num="607" count="246" type="stmt"/>
        <line num="608" count="246" type="stmt"/>
        <line num="610" count="1089" type="stmt"/>
        <line num="615" count="104570" type="cond" truecount="2" falsecount="0"/>
        <line num="617" count="12156" type="stmt"/>
        <line num="619" count="12156" type="cond" truecount="2" falsecount="0"/>
        <line num="621" count="12156" type="cond" truecount="2" falsecount="0"/>
        <line num="622" count="240" type="stmt"/>
        <line num="623" count="11916" type="cond" truecount="2" falsecount="0"/>
        <line num="624" count="432" type="cond" truecount="2" falsecount="0"/>
        <line num="627" count="11484" type="cond" truecount="2" falsecount="0"/>
        <line num="628" count="252" type="stmt"/>
        <line num="630" count="11232" type="stmt"/>
        <line num="631" count="11232" type="cond" truecount="4" falsecount="0"/>
        <line num="632" count="456" type="stmt"/>
        <line num="634" count="11232" type="cond" truecount="2" falsecount="0"/>
        <line num="637" count="12156" type="cond" truecount="2" falsecount="0"/>
        <line num="638" count="12156" type="stmt"/>
        <line num="643" count="86065" type="stmt"/>
        <line num="646" count="86065" type="cond" truecount="4" falsecount="0"/>
        <line num="647" count="1526" type="cond" truecount="2" falsecount="0"/>
        <line num="648" count="1004" type="stmt"/>
        <line num="653" count="85061" type="cond" truecount="4" falsecount="0"/>
        <line num="654" count="1368" type="cond" truecount="5" falsecount="0"/>
        <line num="655" count="652" type="stmt"/>
        <line num="658" count="716" type="cond" truecount="5" falsecount="0"/>
        <line num="659" count="64" type="stmt"/>
        <line num="664" count="84345" type="cond" truecount="4" falsecount="0"/>
        <line num="665" count="1229" type="cond" truecount="2" falsecount="0"/>
        <line num="666" count="839" type="stmt"/>
        <line num="669" count="390" type="cond" truecount="6" falsecount="0"/>
        <line num="670" count="128" type="stmt"/>
        <line num="675" count="83378" type="cond" truecount="4" falsecount="0"/>
        <line num="676" count="498" type="cond" truecount="2" falsecount="0"/>
        <line num="677" count="166" type="stmt"/>
        <line num="682" count="83212" type="cond" truecount="4" falsecount="0"/>
        <line num="683" count="1140" type="cond" truecount="2" falsecount="0"/>
        <line num="684" count="760" type="stmt"/>
        <line num="686" count="380" type="cond" truecount="6" falsecount="0"/>
        <line num="687" count="130" type="stmt"/>
        <line num="692" count="82322" type="cond" truecount="2" falsecount="3"/>
        <line num="693" count="0" type="cond" truecount="0" falsecount="5"/>
        <line num="694" count="0" type="stmt"/>
        <line num="698" count="82322" type="stmt"/>
        <line num="706" count="18354" type="stmt"/>
        <line num="707" count="18354" type="stmt"/>
        <line num="708" count="18354" type="stmt"/>
        <line num="709" count="18354" type="stmt"/>
        <line num="714" count="18354" type="stmt"/>
        <line num="715" count="18354" type="cond" truecount="2" falsecount="0"/>
        <line num="718" count="17981" type="stmt"/>
        <line num="719" count="107886" type="cond" truecount="2" falsecount="0"/>
        <line num="722" count="107886" type="stmt"/>
        <line num="723" count="107886" type="cond" truecount="2" falsecount="0"/>
        <line num="725" count="107196" type="stmt"/>
        <line num="726" count="107196" type="cond" truecount="2" falsecount="0"/>
        <line num="728" count="106758" type="stmt"/>
        <line num="729" count="106758" type="cond" truecount="2" falsecount="0"/>
        <line num="731" count="106175" type="stmt"/>
        <line num="732" count="106175" type="cond" truecount="2" falsecount="0"/>
        <line num="734" count="104570" type="stmt"/>
        <line num="735" count="104570" type="cond" truecount="2" falsecount="0"/>
        <line num="737" count="92414" type="stmt"/>
        <line num="738" count="92414" type="cond" truecount="2" falsecount="0"/>
        <line num="740" count="86926" type="stmt"/>
        <line num="741" count="86926" type="cond" truecount="2" falsecount="0"/>
        <line num="744" count="86065" type="cond" truecount="4" falsecount="0"/>
        <line num="745" count="86065" type="stmt"/>
        <line num="748" count="86065" type="cond" truecount="4" falsecount="0"/>
        <line num="751" count="86065" type="cond" truecount="5" falsecount="0"/>
        <line num="755" count="86065" type="stmt"/>
        <line num="761" count="3" type="stmt"/>
        <line num="766" count="32533" type="cond" truecount="2" falsecount="0"/>
        <line num="767" count="2051" type="stmt"/>
        <line num="773" count="30482" type="cond" truecount="2" falsecount="0"/>
        <line num="774" count="8088" type="stmt"/>
        <line num="775" count="8088" type="stmt"/>
        <line num="776" count="48528" type="stmt"/>
        <line num="782" count="22394" type="cond" truecount="2" falsecount="0"/>
        <line num="783" count="4040" type="stmt"/>
        <line num="784" count="4040" type="stmt"/>
        <line num="785" count="24240" type="stmt"/>
        <line num="791" count="18354" type="stmt"/>
      </file>
      <file name="constants.ts" path="/Users/gunho/code/conjugo-es/src/utils/constants.ts">
        <metrics statements="11" coveredstatements="11" conditionals="0" coveredconditionals="0" methods="0" coveredmethods="0"/>
        <line num="1" count="2" type="stmt"/>
        <line num="2" count="2" type="stmt"/>
        <line num="6" count="2" type="stmt"/>
        <line num="7" count="2" type="stmt"/>
        <line num="8" count="2" type="stmt"/>
        <line num="11" count="2" type="stmt"/>
        <line num="12" count="2" type="stmt"/>
        <line num="15" count="2" type="stmt"/>
        <line num="16" count="2" type="stmt"/>
        <line num="19" count="2" type="stmt"/>
        <line num="22" count="2" type="stmt"/>
      </file>
      <file name="iapLifecycle.ts" path="/Users/gunho/code/conjugo-es/src/utils/iapLifecycle.ts">
        <metrics statements="33" coveredstatements="32" conditionals="13" coveredconditionals="8" methods="11" coveredmethods="10"/>
        <line num="3" count="2" type="stmt"/>
        <line num="4" count="2" type="stmt"/>
        <line num="5" count="2" type="stmt"/>
        <line num="8" count="9" type="cond" truecount="2" falsecount="0"/>
        <line num="9" count="1" type="stmt"/>
        <line num="10" count="1" type="stmt"/>
        <line num="14" count="2" type="stmt"/>
        <line num="15" count="3" type="stmt"/>
        <line num="16" count="3" type="stmt"/>
        <line num="19" count="2" type="stmt"/>
        <line num="20" count="2" type="stmt"/>
        <line num="23" count="2" type="stmt"/>
        <line num="24" count="1" type="cond" truecount="1" falsecount="1"/>
        <line num="25" count="1" type="stmt"/>
        <line num="29" count="2" type="cond" truecount="0" falsecount="1"/>
        <line num="30" count="2" type="stmt"/>
        <line num="31" count="2" type="cond" truecount="3" falsecount="1"/>
        <line num="33" count="2" type="stmt"/>
        <line num="34" count="2" type="stmt"/>
        <line num="35" count="1" type="stmt"/>
        <line num="36" count="1" type="cond" truecount="1" falsecount="1"/>
        <line num="38" count="1" type="stmt"/>
        <line num="39" count="1" type="stmt"/>
        <line num="40" count="1" type="stmt"/>
        <line num="41" count="0" type="stmt"/>
        <line num="43" count="1" type="stmt"/>
        <line num="44" count="1" type="cond" truecount="1" falsecount="1"/>
        <line num="45" count="1" type="stmt"/>
        <line num="48" count="1" type="stmt"/>
        <line num="52" count="2" type="stmt"/>
        <line num="53" count="4" type="stmt"/>
        <line num="54" count="4" type="stmt"/>
        <line num="55" count="4" type="stmt"/>
      </file>
      <file name="practiceFeedback.ts" path="/Users/gunho/code/conjugo-es/src/utils/practiceFeedback.ts">
        <metrics statements="24" coveredstatements="0" conditionals="25" coveredconditionals="0" methods="5" coveredmethods="0"/>
        <line num="1" count="0" type="stmt"/>
        <line num="3" count="0" type="stmt"/>
        <line num="17" count="0" type="stmt"/>
        <line num="18" count="0" type="cond" truecount="0" falsecount="2"/>
        <line num="19" count="0" type="stmt"/>
        <line num="27" count="0" type="cond" truecount="0" falsecount="2"/>
        <line num="28" count="0" type="stmt"/>
        <line num="36" count="0" type="cond" truecount="0" falsecount="2"/>
        <line num="37" count="0" type="stmt"/>
        <line num="45" count="0" type="stmt"/>
        <line num="53" count="0" type="stmt"/>
        <line num="54" count="0" type="cond" truecount="0" falsecount="2"/>
        <line num="56" count="0" type="stmt"/>
        <line num="57" count="0" type="stmt"/>
        <line num="59" count="0" type="stmt"/>
        <line num="60" count="0" type="cond" truecount="0" falsecount="2"/>
        <line num="61" count="0" type="cond" truecount="0" falsecount="2"/>
        <line num="64" count="0" type="stmt"/>
        <line num="65" count="0" type="stmt"/>
        <line num="67" count="0" type="cond" truecount="0" falsecount="6"/>
        <line num="68" count="0" type="stmt"/>
        <line num="71" count="0" type="cond" truecount="0" falsecount="2"/>
        <line num="72" count="0" type="cond" truecount="0" falsecount="5"/>
        <line num="73" count="0" type="stmt"/>
      </file>
      <file name="practiceInsights.ts" path="/Users/gunho/code/conjugo-es/src/utils/practiceInsights.ts">
        <metrics statements="31" coveredstatements="0" conditionals="16" coveredconditionals="0" methods="15" coveredmethods="0"/>
        <line num="1" count="0" type="stmt"/>
        <line num="2" count="0" type="stmt"/>
        <line num="3" count="0" type="stmt"/>
        <line num="28" count="0" type="stmt"/>
        <line num="31" count="0" type="stmt"/>
        <line num="32" count="0" type="stmt"/>
        <line num="34" count="0" type="stmt"/>
        <line num="35" count="0" type="stmt"/>
        <line num="36" count="0" type="cond" truecount="0" falsecount="2"/>
        <line num="44" count="0" type="stmt"/>
        <line num="46" count="0" type="stmt"/>
        <line num="48" count="0" type="stmt"/>
        <line num="52" count="0" type="stmt"/>
        <line num="54" count="0" type="stmt"/>
        <line num="55" count="0" type="stmt"/>
        <line num="56" count="0" type="cond" truecount="0" falsecount="2"/>
        <line num="57" count="0" type="stmt"/>
        <line num="58" count="0" type="stmt"/>
        <line num="59" count="0" type="stmt"/>
        <line num="62" count="0" type="stmt"/>
        <line num="63" count="0" type="stmt"/>
        <line num="68" count="0" type="cond" truecount="0" falsecount="6"/>
        <line num="72" count="0" type="stmt"/>
        <line num="73" count="0" type="stmt"/>
        <line num="74" count="0" type="stmt"/>
        <line num="76" count="0" type="stmt"/>
        <line num="78" count="0" type="stmt"/>
        <line num="80" count="0" type="stmt"/>
        <line num="84" count="0" type="stmt"/>
        <line num="85" count="0" type="stmt"/>
        <line num="86" count="0" type="stmt"/>
      </file>
      <file name="safeStorage.ts" path="/Users/gunho/code/conjugo-es/src/utils/safeStorage.ts">
        <metrics statements="13" coveredstatements="8" conditionals="0" coveredconditionals="0" methods="2" coveredmethods="1"/>
        <line num="1" count="3" type="stmt"/>
        <line num="3" count="3" type="stmt"/>
        <line num="4" count="13" type="stmt"/>
        <line num="5" count="13" type="stmt"/>
        <line num="6" count="11" type="stmt"/>
        <line num="8" count="2" type="stmt"/>
        <line num="9" count="2" type="stmt"/>
        <line num="13" count="3" type="stmt"/>
        <line num="14" count="0" type="stmt"/>
        <line num="15" count="0" type="stmt"/>
        <line num="16" count="0" type="stmt"/>
        <line num="18" count="0" type="stmt"/>
        <line num="19" count="0" type="stmt"/>
      </file>
      <file name="screenActivity.ts" path="/Users/gunho/code/conjugo-es/src/utils/screenActivity.ts">
        <metrics statements="2" coveredstatements="2" conditionals="3" coveredconditionals="3" methods="1" coveredmethods="1"/>
        <line num="7" count="1" type="stmt"/>
        <line num="8" count="4" type="cond" truecount="3" falsecount="0"/>
      </file>
      <file name="searchDebounce.ts" path="/Users/gunho/code/conjugo-es/src/utils/searchDebounce.ts">
        <metrics statements="6" coveredstatements="6" conditionals="2" coveredconditionals="2" methods="2" coveredmethods="2"/>
        <line num="1" count="1" type="stmt"/>
        <line num="3" count="1" type="stmt"/>
        <line num="4" count="3" type="stmt"/>
        <line num="7" count="1" type="stmt"/>
        <line num="8" count="3" type="cond" truecount="2" falsecount="0"/>
        <line num="9" count="2" type="stmt"/>
      </file>
      <file name="speech.ts" path="/Users/gunho/code/conjugo-es/src/utils/speech.ts">
        <metrics statements="6" coveredstatements="0" conditionals="0" coveredconditionals="0" methods="2" coveredmethods="0"/>
        <line num="1" count="0" type="stmt"/>
        <line num="3" count="0" type="stmt"/>
        <line num="4" count="0" type="stmt"/>
        <line num="5" count="0" type="stmt"/>
        <line num="11" count="0" type="stmt"/>
        <line num="12" count="0" type="stmt"/>
      </file>
      <file name="statsMath.ts" path="/Users/gunho/code/conjugo-es/src/utils/statsMath.ts">
        <metrics statements="5" coveredstatements="5" conditionals="5" coveredconditionals="5" methods="2" coveredmethods="2"/>
        <line num="1" count="1" type="stmt"/>
        <line num="2" count="3" type="cond" truecount="3" falsecount="0"/>
        <line num="5" count="1" type="stmt"/>
        <line num="6" count="2" type="cond" truecount="2" falsecount="0"/>
        <line num="7" count="1" type="stmt"/>
      </file>
      <file name="theme.ts" path="/Users/gunho/code/conjugo-es/src/utils/theme.ts">
        <metrics statements="11" coveredstatements="0" conditionals="2" coveredconditionals="0" methods="2" coveredmethods="0"/>
        <line num="1" count="0" type="stmt"/>
        <line num="3" count="0" type="stmt"/>
        <line num="44" count="0" type="stmt"/>
        <line num="87" count="0" type="stmt"/>
        <line num="89" count="0" type="stmt"/>
        <line num="90" count="0" type="stmt"/>
        <line num="91" count="0" type="cond" truecount="0" falsecount="2"/>
        <line num="95" count="0" type="stmt"/>
        <line num="97" count="0" type="stmt"/>
        <line num="115" count="0" type="stmt"/>
        <line num="123" count="0" type="stmt"/>
      </file>
      <file name="tipJar.ts" path="/Users/gunho/code/conjugo-es/src/utils/tipJar.ts">
        <metrics statements="91" coveredstatements="12" conditionals="49" coveredconditionals="10" methods="14" coveredmethods="2"/>
        <line num="1" count="1" type="stmt"/>
        <line num="2" count="1" type="stmt"/>
        <line num="3" count="1" type="stmt"/>
        <line num="10" count="1" type="stmt"/>
        <line num="12" count="1" type="stmt"/>
        <line num="27" count="12" type="cond" truecount="4" falsecount="0"/>
        <line num="30" count="1" type="stmt"/>
        <line num="31" count="5" type="cond" truecount="3" falsecount="0"/>
        <line num="36" count="1" type="stmt"/>
        <line num="37" count="1" type="stmt"/>
        <line num="38" count="1" type="cond" truecount="3" falsecount="1"/>
        <line num="39" count="0" type="stmt"/>
        <line num="45" count="1" type="stmt"/>
        <line num="46" count="0" type="cond" truecount="0" falsecount="2"/>
        <line num="47" count="0" type="stmt"/>
        <line num="49" count="0" type="stmt"/>
        <line num="63" count="0" type="stmt"/>
        <line num="67" count="0" type="stmt"/>
        <line num="68" count="0" type="stmt"/>
        <line num="69" count="0" type="stmt"/>
        <line num="70" count="0" type="stmt"/>
        <line num="72" count="0" type="stmt"/>
        <line num="73" count="0" type="stmt"/>
        <line num="74" count="0" type="stmt"/>
        <line num="75" count="0" type="stmt"/>
        <line num="78" count="0" type="stmt"/>
        <line num="79" count="0" type="stmt"/>
        <line num="81" count="0" type="stmt"/>
        <line num="82" count="0" type="stmt"/>
        <line num="83" count="0" type="stmt"/>
        <line num="84" count="0" type="stmt"/>
        <line num="85" count="0" type="cond" truecount="0" falsecount="2"/>
        <line num="86" count="0" type="stmt"/>
        <line num="90" count="0" type="stmt"/>
        <line num="91" count="0" type="cond" truecount="0" falsecount="2"/>
        <line num="93" count="0" type="stmt"/>
        <line num="94" count="0" type="cond" truecount="0" falsecount="2"/>
        <line num="95" count="0" type="stmt"/>
        <line num="96" count="0" type="cond" truecount="0" falsecount="4"/>
        <line num="98" count="0" type="stmt"/>
        <line num="100" count="0" type="cond" truecount="0" falsecount="2"/>
        <line num="101" count="0" type="stmt"/>
        <line num="108" count="0" type="stmt"/>
        <line num="109" count="0" type="cond" truecount="0" falsecount="2"/>
        <line num="110" count="0" type="stmt"/>
        <line num="111" count="0" type="cond" truecount="0" falsecount="2"/>
        <line num="112" count="0" type="stmt"/>
        <line num="116" count="0" type="stmt"/>
        <line num="117" count="0" type="stmt"/>
        <line num="118" count="0" type="stmt"/>
        <line num="119" count="0" type="stmt"/>
        <line num="120" count="0" type="stmt"/>
        <line num="127" count="0" type="stmt"/>
        <line num="129" count="0" type="stmt"/>
        <line num="130" count="0" type="stmt"/>
        <line num="131" count="0" type="stmt"/>
        <line num="132" count="0" type="stmt"/>
        <line num="133" count="0" type="cond" truecount="0" falsecount="2"/>
        <line num="134" count="0" type="cond" truecount="0" falsecount="2"/>
        <line num="135" count="0" type="stmt"/>
        <line num="137" count="0" type="stmt"/>
        <line num="138" count="0" type="cond" truecount="0" falsecount="2"/>
        <line num="139" count="0" type="stmt"/>
        <line num="140" count="0" type="cond" truecount="0" falsecount="2"/>
        <line num="141" count="0" type="stmt"/>
        <line num="142" count="0" type="stmt"/>
        <line num="143" count="0" type="stmt"/>
        <line num="144" count="0" type="cond" truecount="0" falsecount="2"/>
        <line num="145" count="0" type="stmt"/>
        <line num="152" count="0" type="cond" truecount="0" falsecount="2"/>
        <line num="153" count="0" type="stmt"/>
        <line num="154" count="0" type="cond" truecount="0" falsecount="2"/>
        <line num="155" count="0" type="stmt"/>
        <line num="156" count="0" type="cond" truecount="0" falsecount="4"/>
        <line num="157" count="0" type="stmt"/>
        <line num="158" count="0" type="stmt"/>
        <line num="160" count="0" type="cond" truecount="0" falsecount="2"/>
        <line num="161" count="0" type="stmt"/>
        <line num="162" count="0" type="stmt"/>
        <line num="166" count="0" type="stmt"/>
        <line num="168" count="0" type="stmt"/>
        <line num="169" count="0" type="stmt"/>
        <line num="170" count="0" type="stmt"/>
        <line num="171" count="0" type="stmt"/>
        <line num="172" count="0" type="stmt"/>
        <line num="176" count="0" type="stmt"/>
        <line num="177" count="0" type="stmt"/>
        <line num="178" count="0" type="stmt"/>
        <line num="179" count="0" type="stmt"/>
        <line num="184" count="0" type="stmt"/>
        <line num="189" count="0" type="stmt"/>
      </file>
      <file name="verbSearch.ts" path="/Users/gunho/code/conjugo-es/src/utils/verbSearch.ts">
        <metrics statements="33" coveredstatements="14" conditionals="12" coveredconditionals="0" methods="11" coveredmethods="2"/>
        <line num="1" count="1" type="stmt"/>
        <line num="2" count="1" type="stmt"/>
        <line num="3" count="1" type="stmt"/>
        <line num="4" count="1" type="stmt"/>
        <line num="21" count="1" type="stmt"/>
        <line num="22" count="2024" type="stmt"/>
        <line num="32" count="1" type="stmt"/>
        <line num="33" count="1010" type="stmt"/>
        <line num="41" count="1" type="stmt"/>
        <line num="54" count="1" type="stmt"/>
        <line num="55" count="1" type="stmt"/>
        <line num="58" count="0" type="cond" truecount="0" falsecount="2"/>
        <line num="59" count="0" type="stmt"/>
        <line num="60" count="0" type="stmt"/>
        <line num="61" count="0" type="stmt"/>
        <line num="62" count="0" type="stmt"/>
        <line num="63" count="0" type="stmt"/>
        <line num="64" count="0" type="cond" truecount="0" falsecount="4"/>
        <line num="65" count="0" type="stmt"/>
        <line num="66" count="0" type="stmt"/>
        <line num="78" count="0" type="stmt"/>
        <line num="79" count="0" type="stmt"/>
        <line num="83" count="0" type="cond" truecount="0" falsecount="2"/>
        <line num="84" count="0" type="stmt"/>
        <line num="92" count="0" type="stmt"/>
        <line num="95" count="1" type="stmt"/>
        <line num="96" count="0" type="stmt"/>
        <line num="99" count="1" type="stmt"/>
        <line num="100" count="0" type="cond" truecount="0" falsecount="2"/>
        <line num="101" count="0" type="stmt"/>
        <line num="104" count="1" type="stmt"/>
        <line num="105" count="0" type="cond" truecount="0" falsecount="2"/>
        <line num="106" count="0" type="stmt"/>
      </file>
    </package>
  </project>
</coverage>
