{"/Users/gunho/code/conjugo-es/src/store/favoritesStore.ts": {"path":"/Users/gunho/code/conjugo-es/src/store/favoritesStore.ts","statementMap":{"0":{"start":{"line":1,"column":0},"end":{"line":1,"column":33}},"1":{"start":{"line":2,"column":0},"end":{"line":2,"column":69}},"2":{"start":{"line":3,"column":0},"end":{"line":3,"column":51}},"3":{"start":{"line":13,"column":13},"end":{"line":43,"column":4}},"4":{"start":{"line":13,"column":71},"end":{"line":43,"column":2}},"5":{"start":{"line":18,"column":4},"end":{"line":28,"column":5}},"6":{"start":{"line":19,"column":21},"end":{"line":19,"column":60}},"7":{"start":{"line":20,"column":6},"end":{"line":24,"column":7}},"8":{"start":{"line":21,"column":8},"end":{"line":21,"column":61}},"9":{"start":{"line":23,"column":8},"end":{"line":23,"column":30}},"10":{"start":{"line":26,"column":6},"end":{"line":26,"column":51}},"11":{"start":{"line":27,"column":6},"end":{"line":27,"column":28}},"12":{"start":{"line":32,"column":20},"end":{"line":32,"column":35}},"13":{"start":{"line":33,"column":20},"end":{"line":35,"column":32}},"14":{"start":{"line":34,"column":30},"end":{"line":34,"column":46}},"15":{"start":{"line":36,"column":4},"end":{"line":36,"column":32}},"16":{"start":{"line":37,"column":4},"end":{"line":37,"column":60}},"17":{"start":{"line":41,"column":4},"end":{"line":41,"column":48}}},"fnMap":{"0":{"name":"(anonymous_1)","decl":{"start":{"line":13,"column":56},"end":{"line":13,"column":57}},"loc":{"start":{"line":13,"column":71},"end":{"line":43,"column":2}}},"1":{"name":"(anonymous_2)","decl":{"start":{"line":17,"column":17},"end":{"line":17,"column":22}},"loc":{"start":{"line":17,"column":28},"end":{"line":29,"column":3}}},"2":{"name":"(anonymous_3)","decl":{"start":{"line":31,"column":18},"end":{"line":31,"column":23}},"loc":{"start":{"line":31,"column":47},"end":{"line":38,"column":3}}},"3":{"name":"(anonymous_4)","decl":{"start":{"line":34,"column":23},"end":{"line":34,"column":24}},"loc":{"start":{"line":34,"column":30},"end":{"line":34,"column":46}}},"4":{"name":"(anonymous_5)","decl":{"start":{"line":40,"column":14},"end":{"line":40,"column":15}},"loc":{"start":{"line":40,"column":37},"end":{"line":42,"column":3}}}},"branchMap":{"0":{"loc":{"start":{"line":20,"column":6},"end":{"line":24,"column":7}},"type":"if","locations":[{"start":{"line":20,"column":6},"end":{"line":24,"column":7}},{"start":{"line":22,"column":13},"end":{"line":24,"column":7}}]},"1":{"loc":{"start":{"line":33,"column":20},"end":{"line":35,"column":32}},"type":"cond-expr","locations":[{"start":{"line":34,"column":8},"end":{"line":34,"column":47}},{"start":{"line":35,"column":8},"end":{"line":35,"column":32}}]}},"s":{"0":0,"1":0,"2":0,"3":0,"4":0,"5":0,"6":0,"7":0,"8":0,"9":0,"10":0,"11":0,"12":0,"13":0,"14":0,"15":0,"16":0,"17":0},"f":{"0":0,"1":0,"2":0,"3":0,"4":0},"b":{"0":[0,0],"1":[0,0]}}
,"/Users/gunho/code/conjugo-es/src/store/flashcardSessionStore.ts": {"path":"/Users/gunho/code/conjugo-es/src/store/flashcardSessionStore.ts","statementMap":{"0":{"start":{"line":129,"column":0},"end":{"line":129,"column":16}},"1":{"start":{"line":1,"column":0},"end":{"line":1,"column":33}},"2":{"start":{"line":2,"column":0},"end":{"line":2,"column":69}},"3":{"start":{"line":3,"column":0},"end":{"line":3,"column":67}},"4":{"start":{"line":4,"column":0},"end":{"line":4,"column":56}},"5":{"start":{"line":22,"column":2},"end":{"line":22,"column":48}},"6":{"start":{"line":26,"column":40},"end":{"line":26,"column":44}},"7":{"start":{"line":27,"column":36},"end":{"line":27,"column":53}},"8":{"start":{"line":30,"column":15},"end":{"line":30,"column":68}},"9":{"start":{"line":30,"column":42},"end":{"line":30,"column":51}},"10":{"start":{"line":31,"column":2},"end":{"line":31,"column":47}},"11":{"start":{"line":31,"column":36},"end":{"line":31,"column":45}},"12":{"start":{"line":32,"column":2},"end":{"line":32,"column":14}},"13":{"start":{"line":35,"column":13},"end":{"line":127,"column":4}},"14":{"start":{"line":35,"column":85},"end":{"line":127,"column":2}},"15":{"start":{"line":41,"column":4},"end":{"line":41,"column":29}},"16":{"start":{"line":41,"column":22},"end":{"line":41,"column":29}},"17":{"start":{"line":42,"column":4},"end":{"line":42,"column":40}},"18":{"start":{"line":42,"column":21},"end":{"line":42,"column":40}},"19":{"start":{"line":43,"column":4},"end":{"line":43,"column":30}},"20":{"start":{"line":44,"column":20},"end":{"line":79,"column":6}},"21":{"start":{"line":45,"column":6},"end":{"line":45,"column":31}},"22":{"start":{"line":45,"column":24},"end":{"line":45,"column":31}},"23":{"start":{"line":46,"column":6},"end":{"line":78,"column":7}},"24":{"start":{"line":47,"column":23},"end":{"line":47,"column":70}},"25":{"start":{"line":48,"column":8},"end":{"line":72,"column":9}},"26":{"start":{"line":49,"column":25},"end":{"line":49,"column":43}},"27":{"start":{"line":52,"column":59},"end":{"line":52,"column":61}},"28":{"start":{"line":53,"column":27},"end":{"line":53,"column":32}},"29":{"start":{"line":54,"column":10},"end":{"line":64,"column":11}},"30":{"start":{"line":55,"column":12},"end":{"line":55,"column":42}},"31":{"start":{"line":55,"column":24},"end":{"line":55,"column":42}},"32":{"start":{"line":56,"column":24},"end":{"line":56,"column":77}},"33":{"start":{"line":57,"column":12},"end":{"line":63,"column":13}},"34":{"start":{"line":58,"column":14},"end":{"line":58,"column":32}},"35":{"start":{"line":59,"column":14},"end":{"line":59,"column":49}},"36":{"start":{"line":60,"column":14},"end":{"line":60,"column":47}},"37":{"start":{"line":62,"column":14},"end":{"line":62,"column":78}},"38":{"start":{"line":65,"column":27},"end":{"line":65,"column":91}},"39":{"start":{"line":65,"column":64},"end":{"line":65,"column":90}},"40":{"start":{"line":66,"column":10},"end":{"line":66,"column":60}},"41":{"start":{"line":67,"column":10},"end":{"line":69,"column":11}},"42":{"start":{"line":68,"column":12},"end":{"line":68,"column":77}},"43":{"start":{"line":71,"column":10},"end":{"line":71,"column":50}},"44":{"start":{"line":76,"column":8},"end":{"line":76,"column":62}},"45":{"start":{"line":77,"column":8},"end":{"line":77,"column":33}},"46":{"start":{"line":80,"column":35},"end":{"line":82,"column":6}},"47":{"start":{"line":81,"column":6},"end":{"line":81,"column":54}},"48":{"start":{"line":81,"column":35},"end":{"line":81,"column":54}},"49":{"start":{"line":83,"column":4},"end":{"line":83,"column":26}},"50":{"start":{"line":84,"column":4},"end":{"line":84,"column":23}},"51":{"start":{"line":88,"column":4},"end":{"line":90,"column":5}},"52":{"start":{"line":89,"column":6},"end":{"line":89,"column":33}},"53":{"start":{"line":91,"column":4},"end":{"line":93,"column":5}},"54":{"start":{"line":92,"column":6},"end":{"line":92,"column":75}},"55":{"start":{"line":95,"column":4},"end":{"line":117,"column":7}},"56":{"start":{"line":96,"column":20},"end":{"line":96,"column":33}},"57":{"start":{"line":97,"column":22},"end":{"line":97,"column":36}},"58":{"start":{"line":98,"column":28},"end":{"line":98,"column":67}},"59":{"start":{"line":98,"column":51},"end":{"line":98,"column":66}},"60":{"start":{"line":101,"column":6},"end":{"line":110,"column":7}},"61":{"start":{"line":102,"column":8},"end":{"line":102,"column":31}},"62":{"start":{"line":103,"column":8},"end":{"line":107,"column":10}},"63":{"start":{"line":109,"column":8},"end":{"line":109,"column":88}},"64":{"start":{"line":112,"column":24},"end":{"line":112,"column":87}},"65":{"start":{"line":113,"column":6},"end":{"line":115,"column":7}},"66":{"start":{"line":114,"column":8},"end":{"line":114,"column":63}},"67":{"start":{"line":116,"column":6},"end":{"line":116,"column":33}},"68":{"start":{"line":121,"column":4},"end":{"line":125,"column":7}},"69":{"start":{"line":122,"column":6},"end":{"line":122,"column":60}},"70":{"start":{"line":123,"column":6},"end":{"line":123,"column":25}},"71":{"start":{"line":124,"column":6},"end":{"line":124,"column":48}},"72":{"start":{"line":130,"column":2},"end":{"line":130,"column":21}},"73":{"start":{"line":131,"column":2},"end":{"line":131,"column":37}},"74":{"start":{"line":132,"column":2},"end":{"line":132,"column":87}}},"fnMap":{"0":{"name":"getTodayKey","decl":{"start":{"line":21,"column":9},"end":{"line":21,"column":20}},"loc":{"start":{"line":21,"column":20},"end":{"line":23,"column":1}}},"1":{"name":"enqueueOperation","decl":{"start":{"line":29,"column":9},"end":{"line":29,"column":25}},"loc":{"start":{"line":29,"column":56},"end":{"line":33,"column":1}}},"2":{"name":"(anonymous_3)","decl":{"start":{"line":30,"column":36},"end":{"line":30,"column":39}},"loc":{"start":{"line":30,"column":42},"end":{"line":30,"column":51}}},"3":{"name":"(anonymous_4)","decl":{"start":{"line":31,"column":30},"end":{"line":31,"column":33}},"loc":{"start":{"line":31,"column":36},"end":{"line":31,"column":45}}},"4":{"name":"(anonymous_5)","decl":{"start":{"line":35,"column":70},"end":{"line":35,"column":71}},"loc":{"start":{"line":35,"column":85},"end":{"line":127,"column":2}}},"5":{"name":"(anonymous_6)","decl":{"start":{"line":40,"column":16},"end":{"line":40,"column":21}},"loc":{"start":{"line":40,"column":27},"end":{"line":85,"column":3}}},"6":{"name":"(anonymous_7)","decl":{"start":{"line":44,"column":37},"end":{"line":44,"column":42}},"loc":{"start":{"line":44,"column":48},"end":{"line":79,"column":5}}},"7":{"name":"(anonymous_8)","decl":{"start":{"line":65,"column":54},"end":{"line":65,"column":55}},"loc":{"start":{"line":65,"column":64},"end":{"line":65,"column":90}}},"8":{"name":"(anonymous_9)","decl":{"start":{"line":80,"column":51},"end":{"line":80,"column":54}},"loc":{"start":{"line":80,"column":56},"end":{"line":82,"column":5}}},"9":{"name":"(anonymous_10)","decl":{"start":{"line":87,"column":15},"end":{"line":87,"column":20}},"loc":{"start":{"line":87,"column":33},"end":{"line":118,"column":3}}},"10":{"name":"(anonymous_11)","decl":{"start":{"line":95,"column":28},"end":{"line":95,"column":33}},"loc":{"start":{"line":95,"column":39},"end":{"line":117,"column":5}}},"11":{"name":"(anonymous_12)","decl":{"start":{"line":98,"column":46},"end":{"line":98,"column":47}},"loc":{"start":{"line":98,"column":51},"end":{"line":98,"column":66}}},"12":{"name":"(anonymous_13)","decl":{"start":{"line":120,"column":17},"end":{"line":120,"column":22}},"loc":{"start":{"line":120,"column":28},"end":{"line":126,"column":3}}},"13":{"name":"(anonymous_14)","decl":{"start":{"line":121,"column":28},"end":{"line":121,"column":33}},"loc":{"start":{"line":121,"column":39},"end":{"line":125,"column":5}}},"14":{"name":"__resetFlashcardSessionStoreForTests","decl":{"start":{"line":129,"column":16},"end":{"line":129,"column":52}},"loc":{"start":{"line":129,"column":52},"end":{"line":133,"column":1}}}},"branchMap":{"0":{"loc":{"start":{"line":41,"column":4},"end":{"line":41,"column":29}},"type":"if","locations":[{"start":{"line":41,"column":4},"end":{"line":41,"column":29}},{"start":{},"end":{}}]},"1":{"loc":{"start":{"line":42,"column":4},"end":{"line":42,"column":40}},"type":"if","locations":[{"start":{"line":42,"column":4},"end":{"line":42,"column":40}},{"start":{},"end":{}}]},"2":{"loc":{"start":{"line":45,"column":6},"end":{"line":45,"column":31}},"type":"if","locations":[{"start":{"line":45,"column":6},"end":{"line":45,"column":31}},{"start":{},"end":{}}]},"3":{"loc":{"start":{"line":48,"column":8},"end":{"line":72,"column":9}},"type":"if","locations":[{"start":{"line":48,"column":8},"end":{"line":72,"column":9}},{"start":{"line":70,"column":15},"end":{"line":72,"column":9}}]},"4":{"loc":{"start":{"line":55,"column":12},"end":{"line":55,"column":42}},"type":"if","locations":[{"start":{"line":55,"column":12},"end":{"line":55,"column":42}},{"start":{},"end":{}}]},"5":{"loc":{"start":{"line":56,"column":24},"end":{"line":56,"column":77}},"type":"binary-expr","locations":[{"start":{"line":56,"column":24},"end":{"line":56,"column":29}},{"start":{"line":56,"column":33},"end":{"line":56,"column":77}}]},"6":{"loc":{"start":{"line":57,"column":12},"end":{"line":63,"column":13}},"type":"if","locations":[{"start":{"line":57,"column":12},"end":{"line":63,"column":13}},{"start":{"line":61,"column":19},"end":{"line":63,"column":13}}]},"7":{"loc":{"start":{"line":67,"column":10},"end":{"line":69,"column":11}},"type":"if","locations":[{"start":{"line":67,"column":10},"end":{"line":69,"column":11}},{"start":{},"end":{}}]},"8":{"loc":{"start":{"line":81,"column":6},"end":{"line":81,"column":54}},"type":"if","locations":[{"start":{"line":81,"column":6},"end":{"line":81,"column":54}},{"start":{},"end":{}}]},"9":{"loc":{"start":{"line":88,"column":4},"end":{"line":90,"column":5}},"type":"if","locations":[{"start":{"line":88,"column":4},"end":{"line":90,"column":5}},{"start":{},"end":{}}]},"10":{"loc":{"start":{"line":91,"column":4},"end":{"line":93,"column":5}},"type":"if","locations":[{"start":{"line":91,"column":4},"end":{"line":93,"column":5}},{"start":{},"end":{}}]},"11":{"loc":{"start":{"line":101,"column":6},"end":{"line":110,"column":7}},"type":"if","locations":[{"start":{"line":101,"column":6},"end":{"line":110,"column":7}},{"start":{"line":108,"column":13},"end":{"line":110,"column":7}}]},"12":{"loc":{"start":{"line":113,"column":6},"end":{"line":115,"column":7}},"type":"if","locations":[{"start":{"line":113,"column":6},"end":{"line":115,"column":7}},{"start":{},"end":{}}]}},"s":{"0":1,"1":1,"2":1,"3":1,"4":1,"5":3,"6":1,"7":1,"8":5,"9":0,"10":5,"11":0,"12":5,"13":1,"14":1,"15":3,"16":0,"17":3,"18":1,"19":2,"20":2,"21":2,"22":0,"23":2,"24":2,"25":1,"26":1,"27":1,"28":1,"29":1,"30":1,"31":0,"32":1,"33":1,"34":0,"35":0,"36":0,"37":1,"38":1,"39":0,"40":1,"41":1,"42":0,"43":0,"44":1,"45":1,"46":2,"47":2,"48":2,"49":2,"50":2,"51":4,"52":2,"53":4,"54":1,"55":3,"56":3,"57":3,"58":3,"59":3,"60":3,"61":3,"62":3,"63":0,"64":3,"65":3,"66":0,"67":3,"68":0,"69":0,"70":0,"71":0,"72":7,"73":7,"74":7},"f":{"0":3,"1":5,"2":0,"3":0,"4":1,"5":3,"6":2,"7":0,"8":2,"9":4,"10":3,"11":3,"12":0,"13":0,"14":7},"b":{"0":[0,3],"1":[1,2],"2":[0,2],"3":[1,0],"4":[0,1],"5":[1,0],"6":[0,1],"7":[0,1],"8":[2,0],"9":[2,2],"10":[1,3],"11":[3,0],"12":[0,3]}}
,"/Users/gunho/code/conjugo-es/src/store/historyStore.ts": {"path":"/Users/gunho/code/conjugo-es/src/store/historyStore.ts","statementMap":{"0":{"start":{"line":1,"column":0},"end":{"line":1,"column":33}},"1":{"start":{"line":2,"column":0},"end":{"line":2,"column":69}},"2":{"start":{"line":3,"column":0},"end":{"line":3,"column":67}},"3":{"start":{"line":4,"column":0},"end":{"line":4,"column":54}},"4":{"start":{"line":15,"column":13},"end":{"line":50,"column":4}},"5":{"start":{"line":15,"column":67},"end":{"line":50,"column":2}},"6":{"start":{"line":20,"column":4},"end":{"line":30,"column":5}},"7":{"start":{"line":21,"column":21},"end":{"line":21,"column":63}},"8":{"start":{"line":22,"column":6},"end":{"line":26,"column":7}},"9":{"start":{"line":23,"column":8},"end":{"line":23,"column":59}},"10":{"start":{"line":25,"column":8},"end":{"line":25,"column":30}},"11":{"start":{"line":28,"column":6},"end":{"line":28,"column":49}},"12":{"start":{"line":29,"column":6},"end":{"line":29,"column":28}},"13":{"start":{"line":34,"column":20},"end":{"line":34,"column":59}},"14":{"start":{"line":34,"column":48},"end":{"line":34,"column":58}},"15":{"start":{"line":35,"column":20},"end":{"line":35,"column":65}},"16":{"start":{"line":36,"column":4},"end":{"line":36,"column":30}},"17":{"start":{"line":37,"column":4},"end":{"line":37,"column":63}},"18":{"start":{"line":41,"column":20},"end":{"line":41,"column":59}},"19":{"start":{"line":41,"column":48},"end":{"line":41,"column":58}},"20":{"start":{"line":42,"column":4},"end":{"line":42,"column":30}},"21":{"start":{"line":43,"column":4},"end":{"line":43,"column":63}},"22":{"start":{"line":47,"column":4},"end":{"line":47,"column":25}},"23":{"start":{"line":48,"column":4},"end":{"line":48,"column":41}}},"fnMap":{"0":{"name":"(anonymous_1)","decl":{"start":{"line":15,"column":52},"end":{"line":15,"column":53}},"loc":{"start":{"line":15,"column":67},"end":{"line":50,"column":2}}},"1":{"name":"(anonymous_2)","decl":{"start":{"line":19,"column":15},"end":{"line":19,"column":20}},"loc":{"start":{"line":19,"column":26},"end":{"line":31,"column":3}}},"2":{"name":"(anonymous_3)","decl":{"start":{"line":33,"column":16},"end":{"line":33,"column":21}},"loc":{"start":{"line":33,"column":39},"end":{"line":38,"column":3}}},"3":{"name":"(anonymous_4)","decl":{"start":{"line":34,"column":41},"end":{"line":34,"column":42}},"loc":{"start":{"line":34,"column":48},"end":{"line":34,"column":58}}},"4":{"name":"(anonymous_5)","decl":{"start":{"line":40,"column":21},"end":{"line":40,"column":26}},"loc":{"start":{"line":40,"column":44},"end":{"line":44,"column":3}}},"5":{"name":"(anonymous_6)","decl":{"start":{"line":41,"column":41},"end":{"line":41,"column":42}},"loc":{"start":{"line":41,"column":48},"end":{"line":41,"column":58}}},"6":{"name":"(anonymous_7)","decl":{"start":{"line":46,"column":16},"end":{"line":46,"column":21}},"loc":{"start":{"line":46,"column":27},"end":{"line":49,"column":3}}}},"branchMap":{"0":{"loc":{"start":{"line":22,"column":6},"end":{"line":26,"column":7}},"type":"if","locations":[{"start":{"line":22,"column":6},"end":{"line":26,"column":7}},{"start":{"line":24,"column":13},"end":{"line":26,"column":7}}]}},"s":{"0":0,"1":0,"2":0,"3":0,"4":0,"5":0,"6":0,"7":0,"8":0,"9":0,"10":0,"11":0,"12":0,"13":0,"14":0,"15":0,"16":0,"17":0,"18":0,"19":0,"20":0,"21":0,"22":0,"23":0},"f":{"0":0,"1":0,"2":0,"3":0,"4":0,"5":0,"6":0},"b":{"0":[0,0]}}
,"/Users/gunho/code/conjugo-es/src/store/practiceSettingsStore.ts": {"path":"/Users/gunho/code/conjugo-es/src/store/practiceSettingsStore.ts","statementMap":{"0":{"start":{"line":1,"column":0},"end":{"line":1,"column":33}},"1":{"start":{"line":2,"column":0},"end":{"line":2,"column":69}},"2":{"start":{"line":3,"column":0},"end":{"line":3,"column":51}},"3":{"start":{"line":17,"column":27},"end":{"line":23,"column":2}},"4":{"start":{"line":101,"column":9},"end":{"line":101,"column":18}},"5":{"start":{"line":25,"column":31},"end":{"line":25,"column":67}},"6":{"start":{"line":101,"column":20},"end":{"line":101,"column":29}},"7":{"start":{"line":27,"column":13},"end":{"line":88,"column":4}},"8":{"start":{"line":27,"column":85},"end":{"line":88,"column":2}},"9":{"start":{"line":33,"column":4},"end":{"line":48,"column":5}},"10":{"start":{"line":34,"column":21},"end":{"line":34,"column":67}},"11":{"start":{"line":35,"column":6},"end":{"line":44,"column":7}},"12":{"start":{"line":36,"column":23},"end":{"line":36,"column":41}},"13":{"start":{"line":37,"column":8},"end":{"line":41,"column":11}},"14":{"start":{"line":43,"column":8},"end":{"line":43,"column":30}},"15":{"start":{"line":46,"column":6},"end":{"line":46,"column":59}},"16":{"start":{"line":47,"column":6},"end":{"line":47,"column":28}},"17":{"start":{"line":52,"column":17},"end":{"line":52,"column":66}},"18":{"start":{"line":53,"column":4},"end":{"line":53,"column":32}},"19":{"start":{"line":54,"column":4},"end":{"line":54,"column":50}},"20":{"start":{"line":58,"column":17},"end":{"line":58,"column":65}},"21":{"start":{"line":59,"column":4},"end":{"line":59,"column":32}},"22":{"start":{"line":60,"column":4},"end":{"line":60,"column":50}},"23":{"start":{"line":64,"column":20},"end":{"line":64,"column":38}},"24":{"start":{"line":66,"column":4},"end":{"line":71,"column":5}},"25":{"start":{"line":67,"column":6},"end":{"line":67,"column":38}},"26":{"start":{"line":67,"column":31},"end":{"line":67,"column":38}},"27":{"start":{"line":68,"column":6},"end":{"line":68,"column":49}},"28":{"start":{"line":68,"column":36},"end":{"line":68,"column":47}},"29":{"start":{"line":70,"column":6},"end":{"line":70,"column":36}},"30":{"start":{"line":72,"column":4},"end":{"line":72,"column":35}},"31":{"start":{"line":73,"column":4},"end":{"line":73,"column":53}},"32":{"start":{"line":77,"column":20},"end":{"line":77,"column":38}},"33":{"start":{"line":79,"column":4},"end":{"line":84,"column":5}},"34":{"start":{"line":80,"column":6},"end":{"line":80,"column":38}},"35":{"start":{"line":80,"column":31},"end":{"line":80,"column":38}},"36":{"start":{"line":81,"column":6},"end":{"line":81,"column":49}},"37":{"start":{"line":81,"column":36},"end":{"line":81,"column":47}},"38":{"start":{"line":83,"column":6},"end":{"line":83,"column":36}},"39":{"start":{"line":85,"column":4},"end":{"line":85,"column":35}},"40":{"start":{"line":86,"column":4},"end":{"line":86,"column":53}},"41":{"start":{"line":91,"column":2},"end":{"line":98,"column":3}},"42":{"start":{"line":92,"column":19},"end":{"line":92,"column":65}},"43":{"start":{"line":93,"column":21},"end":{"line":93,"column":53}},"44":{"start":{"line":94,"column":4},"end":{"line":94,"column":35}},"45":{"start":{"line":95,"column":4},"end":{"line":95,"column":68}},"46":{"start":{"line":97,"column":4},"end":{"line":97,"column":60}}},"fnMap":{"0":{"name":"(anonymous_1)","decl":{"start":{"line":27,"column":70},"end":{"line":27,"column":71}},"loc":{"start":{"line":27,"column":85},"end":{"line":88,"column":2}}},"1":{"name":"(anonymous_2)","decl":{"start":{"line":32,"column":24},"end":{"line":32,"column":29}},"loc":{"start":{"line":32,"column":35},"end":{"line":49,"column":3}}},"2":{"name":"(anonymous_3)","decl":{"start":{"line":51,"column":19},"end":{"line":51,"column":24}},"loc":{"start":{"line":51,"column":36},"end":{"line":55,"column":3}}},"3":{"name":"(anonymous_4)","decl":{"start":{"line":57,"column":19},"end":{"line":57,"column":24}},"loc":{"start":{"line":57,"column":36},"end":{"line":61,"column":3}}},"4":{"name":"(anonymous_5)","decl":{"start":{"line":63,"column":15},"end":{"line":63,"column":20}},"loc":{"start":{"line":63,"column":31},"end":{"line":74,"column":3}}},"5":{"name":"(anonymous_6)","decl":{"start":{"line":68,"column":31},"end":{"line":68,"column":32}},"loc":{"start":{"line":68,"column":36},"end":{"line":68,"column":47}}},"6":{"name":"(anonymous_7)","decl":{"start":{"line":76,"column":15},"end":{"line":76,"column":20}},"loc":{"start":{"line":76,"column":31},"end":{"line":87,"column":3}}},"7":{"name":"(anonymous_8)","decl":{"start":{"line":81,"column":31},"end":{"line":81,"column":32}},"loc":{"start":{"line":81,"column":36},"end":{"line":81,"column":47}}},"8":{"name":"persistSettings","decl":{"start":{"line":90,"column":15},"end":{"line":90,"column":30}},"loc":{"start":{"line":90,"column":99},"end":{"line":99,"column":1}}}},"branchMap":{"0":{"loc":{"start":{"line":35,"column":6},"end":{"line":44,"column":7}},"type":"if","locations":[{"start":{"line":35,"column":6},"end":{"line":44,"column":7}},{"start":{"line":42,"column":13},"end":{"line":44,"column":7}}]},"1":{"loc":{"start":{"line":38,"column":24},"end":{"line":38,"column":61}},"type":"binary-expr","locations":[{"start":{"line":38,"column":24},"end":{"line":38,"column":43}},{"start":{"line":38,"column":47},"end":{"line":38,"column":61}}]},"2":{"loc":{"start":{"line":39,"column":24},"end":{"line":39,"column":61}},"type":"binary-expr","locations":[{"start":{"line":39,"column":24},"end":{"line":39,"column":43}},{"start":{"line":39,"column":47},"end":{"line":39,"column":61}}]},"3":{"loc":{"start":{"line":52,"column":17},"end":{"line":52,"column":66}},"type":"cond-expr","locations":[{"start":{"line":52,"column":37},"end":{"line":52,"column":43}},{"start":{"line":52,"column":46},"end":{"line":52,"column":66}}]},"4":{"loc":{"start":{"line":58,"column":17},"end":{"line":58,"column":65}},"type":"cond-expr","locations":[{"start":{"line":58,"column":37},"end":{"line":58,"column":43}},{"start":{"line":58,"column":46},"end":{"line":58,"column":65}}]},"5":{"loc":{"start":{"line":66,"column":4},"end":{"line":71,"column":5}},"type":"if","locations":[{"start":{"line":66,"column":4},"end":{"line":71,"column":5}},{"start":{"line":69,"column":11},"end":{"line":71,"column":5}}]},"6":{"loc":{"start":{"line":67,"column":6},"end":{"line":67,"column":38}},"type":"if","locations":[{"start":{"line":67,"column":6},"end":{"line":67,"column":38}},{"start":{},"end":{}}]},"7":{"loc":{"start":{"line":79,"column":4},"end":{"line":84,"column":5}},"type":"if","locations":[{"start":{"line":79,"column":4},"end":{"line":84,"column":5}},{"start":{"line":82,"column":11},"end":{"line":84,"column":5}}]},"8":{"loc":{"start":{"line":80,"column":6},"end":{"line":80,"column":38}},"type":"if","locations":[{"start":{"line":80,"column":6},"end":{"line":80,"column":38}},{"start":{},"end":{}}]},"9":{"loc":{"start":{"line":93,"column":21},"end":{"line":93,"column":53}},"type":"cond-expr","locations":[{"start":{"line":93,"column":30},"end":{"line":93,"column":48}},{"start":{"line":93,"column":51},"end":{"line":93,"column":53}}]}},"s":{"0":0,"1":0,"2":0,"3":0,"4":0,"5":0,"6":0,"7":0,"8":0,"9":0,"10":0,"11":0,"12":0,"13":0,"14":0,"15":0,"16":0,"17":0,"18":0,"19":0,"20":0,"21":0,"22":0,"23":0,"24":0,"25":0,"26":0,"27":0,"28":0,"29":0,"30":0,"31":0,"32":0,"33":0,"34":0,"35":0,"36":0,"37":0,"38":0,"39":0,"40":0,"41":0,"42":0,"43":0,"44":0,"45":0,"46":0},"f":{"0":0,"1":0,"2":0,"3":0,"4":0,"5":0,"6":0,"7":0,"8":0},"b":{"0":[0,0],"1":[0,0],"2":[0,0],"3":[0,0],"4":[0,0],"5":[0,0],"6":[0,0],"7":[0,0],"8":[0,0],"9":[0,0]}}
,"/Users/gunho/code/conjugo-es/src/store/quizStore.ts": {"path":"/Users/gunho/code/conjugo-es/src/store/quizStore.ts","statementMap":{"0":{"start":{"line":101,"column":0},"end":{"line":101,"column":16}},"1":{"start":{"line":1,"column":0},"end":{"line":1,"column":33}},"2":{"start":{"line":2,"column":0},"end":{"line":2,"column":69}},"3":{"start":{"line":3,"column":0},"end":{"line":3,"column":67}},"4":{"start":{"line":18,"column":40},"end":{"line":18,"column":44}},"5":{"start":{"line":19,"column":36},"end":{"line":19,"column":53}},"6":{"start":{"line":22,"column":15},"end":{"line":22,"column":68}},"7":{"start":{"line":22,"column":42},"end":{"line":22,"column":51}},"8":{"start":{"line":23,"column":2},"end":{"line":23,"column":47}},"9":{"start":{"line":23,"column":36},"end":{"line":23,"column":45}},"10":{"start":{"line":24,"column":2},"end":{"line":24,"column":14}},"11":{"start":{"line":27,"column":13},"end":{"line":99,"column":4}},"12":{"start":{"line":27,"column":61},"end":{"line":99,"column":2}},"13":{"start":{"line":35,"column":4},"end":{"line":35,"column":29}},"14":{"start":{"line":35,"column":22},"end":{"line":35,"column":29}},"15":{"start":{"line":36,"column":4},"end":{"line":36,"column":40}},"16":{"start":{"line":36,"column":21},"end":{"line":36,"column":40}},"17":{"start":{"line":37,"column":4},"end":{"line":37,"column":30}},"18":{"start":{"line":38,"column":20},"end":{"line":55,"column":6}},"19":{"start":{"line":39,"column":6},"end":{"line":39,"column":31}},"20":{"start":{"line":39,"column":24},"end":{"line":39,"column":31}},"21":{"start":{"line":40,"column":6},"end":{"line":54,"column":7}},"22":{"start":{"line":41,"column":23},"end":{"line":41,"column":63}},"23":{"start":{"line":42,"column":8},"end":{"line":47,"column":9}},"24":{"start":{"line":43,"column":23},"end":{"line":43,"column":41}},"25":{"start":{"line":44,"column":10},"end":{"line":44,"column":59}},"26":{"start":{"line":46,"column":10},"end":{"line":46,"column":50}},"27":{"start":{"line":52,"column":8},"end":{"line":52,"column":54}},"28":{"start":{"line":53,"column":8},"end":{"line":53,"column":33}},"29":{"start":{"line":56,"column":35},"end":{"line":58,"column":6}},"30":{"start":{"line":57,"column":6},"end":{"line":57,"column":54}},"31":{"start":{"line":57,"column":35},"end":{"line":57,"column":54}},"32":{"start":{"line":59,"column":4},"end":{"line":59,"column":26}},"33":{"start":{"line":60,"column":4},"end":{"line":60,"column":23}},"34":{"start":{"line":64,"column":4},"end":{"line":66,"column":5}},"35":{"start":{"line":65,"column":6},"end":{"line":65,"column":30}},"36":{"start":{"line":67,"column":4},"end":{"line":72,"column":5}},"37":{"start":{"line":70,"column":6},"end":{"line":70,"column":75}},"38":{"start":{"line":71,"column":6},"end":{"line":71,"column":13}},"39":{"start":{"line":73,"column":4},"end":{"line":89,"column":7}},"40":{"start":{"line":74,"column":20},"end":{"line":74,"column":25}},"41":{"start":{"line":75,"column":22},"end":{"line":79,"column":8}},"42":{"start":{"line":80,"column":24},"end":{"line":80,"column":80}},"43":{"start":{"line":81,"column":6},"end":{"line":87,"column":7}},"44":{"start":{"line":85,"column":8},"end":{"line":85,"column":53}},"45":{"start":{"line":86,"column":8},"end":{"line":86,"column":15}},"46":{"start":{"line":88,"column":6},"end":{"line":88,"column":19}},"47":{"start":{"line":93,"column":4},"end":{"line":97,"column":7}},"48":{"start":{"line":94,"column":6},"end":{"line":94,"column":97}},"49":{"start":{"line":95,"column":6},"end":{"line":95,"column":25}},"50":{"start":{"line":96,"column":6},"end":{"line":96,"column":41}},"51":{"start":{"line":102,"column":2},"end":{"line":102,"column":21}},"52":{"start":{"line":103,"column":2},"end":{"line":103,"column":37}},"53":{"start":{"line":104,"column":2},"end":{"line":110,"column":5}}},"fnMap":{"0":{"name":"enqueueOperation","decl":{"start":{"line":21,"column":9},"end":{"line":21,"column":25}},"loc":{"start":{"line":21,"column":56},"end":{"line":25,"column":1}}},"1":{"name":"(anonymous_2)","decl":{"start":{"line":22,"column":36},"end":{"line":22,"column":39}},"loc":{"start":{"line":22,"column":42},"end":{"line":22,"column":51}}},"2":{"name":"(anonymous_3)","decl":{"start":{"line":23,"column":30},"end":{"line":23,"column":33}},"loc":{"start":{"line":23,"column":36},"end":{"line":23,"column":45}}},"3":{"name":"(anonymous_4)","decl":{"start":{"line":27,"column":46},"end":{"line":27,"column":47}},"loc":{"start":{"line":27,"column":61},"end":{"line":99,"column":2}}},"4":{"name":"(anonymous_5)","decl":{"start":{"line":34,"column":13},"end":{"line":34,"column":18}},"loc":{"start":{"line":34,"column":24},"end":{"line":61,"column":3}}},"5":{"name":"(anonymous_6)","decl":{"start":{"line":38,"column":37},"end":{"line":38,"column":42}},"loc":{"start":{"line":38,"column":48},"end":{"line":55,"column":5}}},"6":{"name":"(anonymous_7)","decl":{"start":{"line":56,"column":51},"end":{"line":56,"column":54}},"loc":{"start":{"line":56,"column":56},"end":{"line":58,"column":5}}},"7":{"name":"(anonymous_8)","decl":{"start":{"line":63,"column":16},"end":{"line":63,"column":21}},"loc":{"start":{"line":63,"column":66},"end":{"line":90,"column":3}}},"8":{"name":"(anonymous_9)","decl":{"start":{"line":73,"column":28},"end":{"line":73,"column":33}},"loc":{"start":{"line":73,"column":39},"end":{"line":89,"column":5}}},"9":{"name":"(anonymous_10)","decl":{"start":{"line":92,"column":14},"end":{"line":92,"column":19}},"loc":{"start":{"line":92,"column":25},"end":{"line":98,"column":3}}},"10":{"name":"(anonymous_11)","decl":{"start":{"line":93,"column":28},"end":{"line":93,"column":33}},"loc":{"start":{"line":93,"column":39},"end":{"line":97,"column":5}}},"11":{"name":"__resetQuizStoreForTests","decl":{"start":{"line":101,"column":16},"end":{"line":101,"column":40}},"loc":{"start":{"line":101,"column":40},"end":{"line":111,"column":1}}}},"branchMap":{"0":{"loc":{"start":{"line":35,"column":4},"end":{"line":35,"column":29}},"type":"if","locations":[{"start":{"line":35,"column":4},"end":{"line":35,"column":29}},{"start":{},"end":{}}]},"1":{"loc":{"start":{"line":36,"column":4},"end":{"line":36,"column":40}},"type":"if","locations":[{"start":{"line":36,"column":4},"end":{"line":36,"column":40}},{"start":{},"end":{}}]},"2":{"loc":{"start":{"line":39,"column":6},"end":{"line":39,"column":31}},"type":"if","locations":[{"start":{"line":39,"column":6},"end":{"line":39,"column":31}},{"start":{},"end":{}}]},"3":{"loc":{"start":{"line":42,"column":8},"end":{"line":47,"column":9}},"type":"if","locations":[{"start":{"line":42,"column":8},"end":{"line":47,"column":9}},{"start":{"line":45,"column":15},"end":{"line":47,"column":9}}]},"4":{"loc":{"start":{"line":57,"column":6},"end":{"line":57,"column":54}},"type":"if","locations":[{"start":{"line":57,"column":6},"end":{"line":57,"column":54}},{"start":{},"end":{}}]},"5":{"loc":{"start":{"line":64,"column":4},"end":{"line":66,"column":5}},"type":"if","locations":[{"start":{"line":64,"column":4},"end":{"line":66,"column":5}},{"start":{},"end":{}}]},"6":{"loc":{"start":{"line":67,"column":4},"end":{"line":72,"column":5}},"type":"if","locations":[{"start":{"line":67,"column":4},"end":{"line":72,"column":5}},{"start":{},"end":{}}]},"7":{"loc":{"start":{"line":77,"column":44},"end":{"line":77,"column":59}},"type":"cond-expr","locations":[{"start":{"line":77,"column":54},"end":{"line":77,"column":55}},{"start":{"line":77,"column":58},"end":{"line":77,"column":59}}]},"8":{"loc":{"start":{"line":81,"column":6},"end":{"line":87,"column":7}},"type":"if","locations":[{"start":{"line":81,"column":6},"end":{"line":87,"column":7}},{"start":{},"end":{}}]}},"s":{"0":1,"1":1,"2":1,"3":1,"4":1,"5":1,"6":7,"7":0,"8":7,"9":0,"10":7,"11":1,"12":1,"13":5,"14":0,"15":5,"16":1,"17":4,"18":4,"19":4,"20":0,"21":4,"22":4,"23":2,"24":2,"25":2,"26":0,"27":2,"28":2,"29":4,"30":4,"31":4,"32":4,"33":4,"34":5,"35":4,"36":5,"37":2,"38":2,"39":3,"40":3,"41":3,"42":3,"43":3,"44":1,"45":1,"46":2,"47":0,"48":0,"49":0,"50":0,"51":8,"52":8,"53":8},"f":{"0":7,"1":0,"2":0,"3":1,"4":5,"5":4,"6":4,"7":5,"8":3,"9":0,"10":0,"11":8},"b":{"0":[0,5],"1":[1,4],"2":[0,4],"3":[2,0],"4":[4,0],"5":[4,1],"6":[2,3],"7":[2,1],"8":[1,2]}}
,"/Users/gunho/code/conjugo-es/src/store/sessionStore.ts": {"path":"/Users/gunho/code/conjugo-es/src/store/sessionStore.ts","statementMap":{"0":{"start":{"line":135,"column":0},"end":{"line":135,"column":16}},"1":{"start":{"line":1,"column":0},"end":{"line":1,"column":33}},"2":{"start":{"line":2,"column":0},"end":{"line":2,"column":69}},"3":{"start":{"line":3,"column":0},"end":{"line":3,"column":67}},"4":{"start":{"line":4,"column":0},"end":{"line":4,"column":56}},"5":{"start":{"line":23,"column":2},"end":{"line":23,"column":48}},"6":{"start":{"line":27,"column":40},"end":{"line":27,"column":44}},"7":{"start":{"line":28,"column":36},"end":{"line":28,"column":53}},"8":{"start":{"line":31,"column":15},"end":{"line":31,"column":68}},"9":{"start":{"line":31,"column":42},"end":{"line":31,"column":51}},"10":{"start":{"line":32,"column":2},"end":{"line":32,"column":47}},"11":{"start":{"line":32,"column":36},"end":{"line":32,"column":45}},"12":{"start":{"line":33,"column":2},"end":{"line":33,"column":14}},"13":{"start":{"line":36,"column":13},"end":{"line":133,"column":4}},"14":{"start":{"line":36,"column":67},"end":{"line":133,"column":2}},"15":{"start":{"line":42,"column":4},"end":{"line":42,"column":29}},"16":{"start":{"line":42,"column":22},"end":{"line":42,"column":29}},"17":{"start":{"line":43,"column":4},"end":{"line":43,"column":40}},"18":{"start":{"line":43,"column":21},"end":{"line":43,"column":40}},"19":{"start":{"line":44,"column":4},"end":{"line":44,"column":30}},"20":{"start":{"line":45,"column":20},"end":{"line":82,"column":6}},"21":{"start":{"line":46,"column":6},"end":{"line":46,"column":31}},"22":{"start":{"line":46,"column":24},"end":{"line":46,"column":31}},"23":{"start":{"line":47,"column":6},"end":{"line":81,"column":7}},"24":{"start":{"line":48,"column":23},"end":{"line":48,"column":61}},"25":{"start":{"line":49,"column":8},"end":{"line":74,"column":9}},"26":{"start":{"line":50,"column":25},"end":{"line":50,"column":43}},"27":{"start":{"line":53,"column":50},"end":{"line":53,"column":52}},"28":{"start":{"line":54,"column":27},"end":{"line":54,"column":32}},"29":{"start":{"line":55,"column":10},"end":{"line":66,"column":11}},"30":{"start":{"line":56,"column":12},"end":{"line":56,"column":42}},"31":{"start":{"line":56,"column":24},"end":{"line":56,"column":42}},"32":{"start":{"line":57,"column":24},"end":{"line":57,"column":77}},"33":{"start":{"line":58,"column":12},"end":{"line":65,"column":13}},"34":{"start":{"line":59,"column":14},"end":{"line":59,"column":32}},"35":{"start":{"line":60,"column":14},"end":{"line":60,"column":43}},"36":{"start":{"line":61,"column":14},"end":{"line":61,"column":47}},"37":{"start":{"line":62,"column":14},"end":{"line":62,"column":79}},"38":{"start":{"line":64,"column":14},"end":{"line":64,"column":95}},"39":{"start":{"line":67,"column":27},"end":{"line":67,"column":91}},"40":{"start":{"line":67,"column":64},"end":{"line":67,"column":90}},"41":{"start":{"line":68,"column":10},"end":{"line":68,"column":60}},"42":{"start":{"line":69,"column":10},"end":{"line":71,"column":11}},"43":{"start":{"line":70,"column":12},"end":{"line":70,"column":68}},"44":{"start":{"line":73,"column":10},"end":{"line":73,"column":50}},"45":{"start":{"line":79,"column":8},"end":{"line":79,"column":52}},"46":{"start":{"line":80,"column":8},"end":{"line":80,"column":33}},"47":{"start":{"line":83,"column":35},"end":{"line":85,"column":6}},"48":{"start":{"line":84,"column":6},"end":{"line":84,"column":54}},"49":{"start":{"line":84,"column":35},"end":{"line":84,"column":54}},"50":{"start":{"line":86,"column":4},"end":{"line":86,"column":26}},"51":{"start":{"line":87,"column":4},"end":{"line":87,"column":23}},"52":{"start":{"line":91,"column":4},"end":{"line":93,"column":5}},"53":{"start":{"line":92,"column":6},"end":{"line":92,"column":33}},"54":{"start":{"line":94,"column":4},"end":{"line":96,"column":5}},"55":{"start":{"line":95,"column":6},"end":{"line":95,"column":70}},"56":{"start":{"line":98,"column":4},"end":{"line":123,"column":7}},"57":{"start":{"line":99,"column":20},"end":{"line":99,"column":33}},"58":{"start":{"line":100,"column":22},"end":{"line":100,"column":36}},"59":{"start":{"line":101,"column":28},"end":{"line":101,"column":67}},"60":{"start":{"line":101,"column":51},"end":{"line":101,"column":66}},"61":{"start":{"line":104,"column":6},"end":{"line":116,"column":7}},"62":{"start":{"line":106,"column":8},"end":{"line":106,"column":31}},"63":{"start":{"line":107,"column":8},"end":{"line":112,"column":10}},"64":{"start":{"line":115,"column":8},"end":{"line":115,"column":88}},"65":{"start":{"line":118,"column":24},"end":{"line":118,"column":78}},"66":{"start":{"line":119,"column":6},"end":{"line":121,"column":7}},"67":{"start":{"line":120,"column":8},"end":{"line":120,"column":58}},"68":{"start":{"line":122,"column":6},"end":{"line":122,"column":33}},"69":{"start":{"line":127,"column":4},"end":{"line":131,"column":7}},"70":{"start":{"line":128,"column":6},"end":{"line":128,"column":60}},"71":{"start":{"line":129,"column":6},"end":{"line":129,"column":25}},"72":{"start":{"line":130,"column":6},"end":{"line":130,"column":39}},"73":{"start":{"line":136,"column":2},"end":{"line":136,"column":21}},"74":{"start":{"line":137,"column":2},"end":{"line":137,"column":37}},"75":{"start":{"line":138,"column":2},"end":{"line":138,"column":78}}},"fnMap":{"0":{"name":"getTodayKey","decl":{"start":{"line":22,"column":9},"end":{"line":22,"column":20}},"loc":{"start":{"line":22,"column":20},"end":{"line":24,"column":1}}},"1":{"name":"enqueueOperation","decl":{"start":{"line":30,"column":9},"end":{"line":30,"column":25}},"loc":{"start":{"line":30,"column":56},"end":{"line":34,"column":1}}},"2":{"name":"(anonymous_3)","decl":{"start":{"line":31,"column":36},"end":{"line":31,"column":39}},"loc":{"start":{"line":31,"column":42},"end":{"line":31,"column":51}}},"3":{"name":"(anonymous_4)","decl":{"start":{"line":32,"column":30},"end":{"line":32,"column":33}},"loc":{"start":{"line":32,"column":36},"end":{"line":32,"column":45}}},"4":{"name":"(anonymous_5)","decl":{"start":{"line":36,"column":52},"end":{"line":36,"column":53}},"loc":{"start":{"line":36,"column":67},"end":{"line":133,"column":2}}},"5":{"name":"(anonymous_6)","decl":{"start":{"line":41,"column":16},"end":{"line":41,"column":21}},"loc":{"start":{"line":41,"column":27},"end":{"line":88,"column":3}}},"6":{"name":"(anonymous_7)","decl":{"start":{"line":45,"column":37},"end":{"line":45,"column":42}},"loc":{"start":{"line":45,"column":48},"end":{"line":82,"column":5}}},"7":{"name":"(anonymous_8)","decl":{"start":{"line":67,"column":54},"end":{"line":67,"column":55}},"loc":{"start":{"line":67,"column":64},"end":{"line":67,"column":90}}},"8":{"name":"(anonymous_9)","decl":{"start":{"line":83,"column":51},"end":{"line":83,"column":54}},"loc":{"start":{"line":83,"column":56},"end":{"line":85,"column":5}}},"9":{"name":"(anonymous_10)","decl":{"start":{"line":90,"column":15},"end":{"line":90,"column":20}},"loc":{"start":{"line":90,"column":33},"end":{"line":124,"column":3}}},"10":{"name":"(anonymous_11)","decl":{"start":{"line":98,"column":28},"end":{"line":98,"column":33}},"loc":{"start":{"line":98,"column":39},"end":{"line":123,"column":5}}},"11":{"name":"(anonymous_12)","decl":{"start":{"line":101,"column":46},"end":{"line":101,"column":47}},"loc":{"start":{"line":101,"column":51},"end":{"line":101,"column":66}}},"12":{"name":"(anonymous_13)","decl":{"start":{"line":126,"column":17},"end":{"line":126,"column":22}},"loc":{"start":{"line":126,"column":28},"end":{"line":132,"column":3}}},"13":{"name":"(anonymous_14)","decl":{"start":{"line":127,"column":28},"end":{"line":127,"column":33}},"loc":{"start":{"line":127,"column":39},"end":{"line":131,"column":5}}},"14":{"name":"__resetSessionStoreForTests","decl":{"start":{"line":135,"column":16},"end":{"line":135,"column":43}},"loc":{"start":{"line":135,"column":43},"end":{"line":139,"column":1}}}},"branchMap":{"0":{"loc":{"start":{"line":42,"column":4},"end":{"line":42,"column":29}},"type":"if","locations":[{"start":{"line":42,"column":4},"end":{"line":42,"column":29}},{"start":{},"end":{}}]},"1":{"loc":{"start":{"line":43,"column":4},"end":{"line":43,"column":40}},"type":"if","locations":[{"start":{"line":43,"column":4},"end":{"line":43,"column":40}},{"start":{},"end":{}}]},"2":{"loc":{"start":{"line":46,"column":6},"end":{"line":46,"column":31}},"type":"if","locations":[{"start":{"line":46,"column":6},"end":{"line":46,"column":31}},{"start":{},"end":{}}]},"3":{"loc":{"start":{"line":49,"column":8},"end":{"line":74,"column":9}},"type":"if","locations":[{"start":{"line":49,"column":8},"end":{"line":74,"column":9}},{"start":{"line":72,"column":15},"end":{"line":74,"column":9}}]},"4":{"loc":{"start":{"line":56,"column":12},"end":{"line":56,"column":42}},"type":"if","locations":[{"start":{"line":56,"column":12},"end":{"line":56,"column":42}},{"start":{},"end":{}}]},"5":{"loc":{"start":{"line":57,"column":24},"end":{"line":57,"column":77}},"type":"binary-expr","locations":[{"start":{"line":57,"column":24},"end":{"line":57,"column":29}},{"start":{"line":57,"column":33},"end":{"line":57,"column":77}}]},"6":{"loc":{"start":{"line":58,"column":12},"end":{"line":65,"column":13}},"type":"if","locations":[{"start":{"line":58,"column":12},"end":{"line":65,"column":13}},{"start":{"line":63,"column":19},"end":{"line":65,"column":13}}]},"7":{"loc":{"start":{"line":62,"column":64},"end":{"line":62,"column":77}},"type":"binary-expr","locations":[{"start":{"line":62,"column":64},"end":{"line":62,"column":72}},{"start":{"line":62,"column":76},"end":{"line":62,"column":77}}]},"8":{"loc":{"start":{"line":64,"column":79},"end":{"line":64,"column":92}},"type":"binary-expr","locations":[{"start":{"line":64,"column":79},"end":{"line":64,"column":87}},{"start":{"line":64,"column":91},"end":{"line":64,"column":92}}]},"9":{"loc":{"start":{"line":69,"column":10},"end":{"line":71,"column":11}},"type":"if","locations":[{"start":{"line":69,"column":10},"end":{"line":71,"column":11}},{"start":{},"end":{}}]},"10":{"loc":{"start":{"line":84,"column":6},"end":{"line":84,"column":54}},"type":"if","locations":[{"start":{"line":84,"column":6},"end":{"line":84,"column":54}},{"start":{},"end":{}}]},"11":{"loc":{"start":{"line":91,"column":4},"end":{"line":93,"column":5}},"type":"if","locations":[{"start":{"line":91,"column":4},"end":{"line":93,"column":5}},{"start":{},"end":{}}]},"12":{"loc":{"start":{"line":94,"column":4},"end":{"line":96,"column":5}},"type":"if","locations":[{"start":{"line":94,"column":4},"end":{"line":96,"column":5}},{"start":{},"end":{}}]},"13":{"loc":{"start":{"line":104,"column":6},"end":{"line":116,"column":7}},"type":"if","locations":[{"start":{"line":104,"column":6},"end":{"line":116,"column":7}},{"start":{"line":113,"column":13},"end":{"line":116,"column":7}}]},"14":{"loc":{"start":{"line":119,"column":6},"end":{"line":121,"column":7}},"type":"if","locations":[{"start":{"line":119,"column":6},"end":{"line":121,"column":7}},{"start":{},"end":{}}]}},"s":{"0":1,"1":1,"2":1,"3":1,"4":1,"5":4,"6":1,"7":1,"8":8,"9":0,"10":8,"11":0,"12":8,"13":1,"14":1,"15":5,"16":0,"17":5,"18":1,"19":4,"20":4,"21":4,"22":0,"23":4,"24":4,"25":2,"26":2,"27":2,"28":2,"29":2,"30":2,"31":0,"32":2,"33":2,"34":0,"35":0,"36":0,"37":0,"38":2,"39":2,"40":0,"41":2,"42":2,"43":0,"44":0,"45":2,"46":2,"47":4,"48":4,"49":4,"50":4,"51":4,"52":6,"53":4,"54":6,"55":2,"56":4,"57":4,"58":4,"59":4,"60":4,"61":4,"62":4,"63":4,"64":0,"65":4,"66":4,"67":0,"68":4,"69":0,"70":0,"71":0,"72":0,"73":7,"74":7,"75":7},"f":{"0":4,"1":8,"2":0,"3":0,"4":1,"5":5,"6":4,"7":0,"8":4,"9":6,"10":4,"11":4,"12":0,"13":0,"14":7},"b":{"0":[0,5],"1":[1,4],"2":[0,4],"3":[2,0],"4":[0,2],"5":[2,0],"6":[0,2],"7":[0,0],"8":[2,0],"9":[0,2],"10":[4,0],"11":[4,2],"12":[2,4],"13":[4,0],"14":[0,4]}}
,"/Users/gunho/code/conjugo-es/src/store/spacedRepStore.ts": {"path":"/Users/gunho/code/conjugo-es/src/store/spacedRepStore.ts","statementMap":{"0":{"start":{"line":27,"column":0},"end":{"line":27,"column":16}},"1":{"start":{"line":31,"column":0},"end":{"line":31,"column":16}},"2":{"start":{"line":41,"column":0},"end":{"line":41,"column":16}},"3":{"start":{"line":140,"column":0},"end":{"line":140,"column":16}},"4":{"start":{"line":1,"column":0},"end":{"line":1,"column":33}},"5":{"start":{"line":2,"column":0},"end":{"line":2,"column":69}},"6":{"start":{"line":3,"column":0},"end":{"line":3,"column":67}},"7":{"start":{"line":22,"column":23},"end":{"line":22,"column":24}},"8":{"start":{"line":23,"column":19},"end":{"line":23,"column":22}},"9":{"start":{"line":24,"column":19},"end":{"line":24,"column":20}},"10":{"start":{"line":25,"column":29},"end":{"line":25,"column":33}},"11":{"start":{"line":28,"column":2},"end":{"line":28,"column":87}},"12":{"start":{"line":37,"column":20},"end":{"line":37,"column":60}},"13":{"start":{"line":38,"column":2},"end":{"line":38,"column":63}},"14":{"start":{"line":48,"column":22},"end":{"line":48,"column":36}},"15":{"start":{"line":49,"column":20},"end":{"line":49,"column":60}},"16":{"start":{"line":50,"column":18},"end":{"line":50,"column":72}},"17":{"start":{"line":52,"column":2},"end":{"line":54,"column":42}},"18":{"start":{"line":58,"column":2},"end":{"line":58,"column":27}},"19":{"start":{"line":60,"column":2},"end":{"line":60,"column":21}},"20":{"start":{"line":65,"column":40},"end":{"line":65,"column":44}},"21":{"start":{"line":66,"column":36},"end":{"line":66,"column":53}},"22":{"start":{"line":69,"column":15},"end":{"line":69,"column":68}},"23":{"start":{"line":69,"column":42},"end":{"line":69,"column":51}},"24":{"start":{"line":70,"column":2},"end":{"line":70,"column":47}},"25":{"start":{"line":70,"column":36},"end":{"line":70,"column":45}},"26":{"start":{"line":71,"column":2},"end":{"line":71,"column":14}},"27":{"start":{"line":74,"column":13},"end":{"line":138,"column":4}},"28":{"start":{"line":74,"column":71},"end":{"line":138,"column":2}},"29":{"start":{"line":80,"column":4},"end":{"line":80,"column":29}},"30":{"start":{"line":80,"column":22},"end":{"line":80,"column":29}},"31":{"start":{"line":81,"column":4},"end":{"line":81,"column":40}},"32":{"start":{"line":81,"column":21},"end":{"line":81,"column":40}},"33":{"start":{"line":82,"column":4},"end":{"line":82,"column":30}},"34":{"start":{"line":83,"column":20},"end":{"line":98,"column":6}},"35":{"start":{"line":84,"column":6},"end":{"line":84,"column":31}},"36":{"start":{"line":84,"column":24},"end":{"line":84,"column":31}},"37":{"start":{"line":85,"column":6},"end":{"line":97,"column":7}},"38":{"start":{"line":86,"column":23},"end":{"line":86,"column":71}},"39":{"start":{"line":87,"column":8},"end":{"line":91,"column":9}},"40":{"start":{"line":88,"column":10},"end":{"line":88,"column":79}},"41":{"start":{"line":90,"column":10},"end":{"line":90,"column":50}},"42":{"start":{"line":95,"column":8},"end":{"line":95,"column":62}},"43":{"start":{"line":96,"column":8},"end":{"line":96,"column":33}},"44":{"start":{"line":99,"column":35},"end":{"line":101,"column":6}},"45":{"start":{"line":100,"column":6},"end":{"line":100,"column":54}},"46":{"start":{"line":100,"column":35},"end":{"line":100,"column":54}},"47":{"start":{"line":102,"column":4},"end":{"line":102,"column":26}},"48":{"start":{"line":103,"column":4},"end":{"line":103,"column":23}},"49":{"start":{"line":107,"column":4},"end":{"line":109,"column":5}},"50":{"start":{"line":108,"column":6},"end":{"line":108,"column":32}},"51":{"start":{"line":110,"column":4},"end":{"line":114,"column":5}},"52":{"start":{"line":112,"column":6},"end":{"line":112,"column":81}},"53":{"start":{"line":113,"column":6},"end":{"line":113,"column":13}},"54":{"start":{"line":115,"column":4},"end":{"line":124,"column":7}},"55":{"start":{"line":116,"column":22},"end":{"line":116,"column":89}},"56":{"start":{"line":117,"column":24},"end":{"line":117,"column":88}},"57":{"start":{"line":118,"column":6},"end":{"line":122,"column":7}},"58":{"start":{"line":120,"column":8},"end":{"line":120,"column":61}},"59":{"start":{"line":121,"column":8},"end":{"line":121,"column":15}},"60":{"start":{"line":123,"column":6},"end":{"line":123,"column":23}},"61":{"start":{"line":128,"column":4},"end":{"line":128,"column":68}},"62":{"start":{"line":132,"column":4},"end":{"line":136,"column":7}},"63":{"start":{"line":133,"column":6},"end":{"line":133,"column":59}},"64":{"start":{"line":134,"column":6},"end":{"line":134,"column":25}},"65":{"start":{"line":135,"column":6},"end":{"line":135,"column":49}},"66":{"start":{"line":141,"column":2},"end":{"line":141,"column":21}},"67":{"start":{"line":142,"column":2},"end":{"line":142,"column":37}},"68":{"start":{"line":143,"column":2},"end":{"line":143,"column":79}}},"fnMap":{"0":{"name":"buildPromptKey","decl":{"start":{"line":27,"column":16},"end":{"line":27,"column":30}},"loc":{"start":{"line":27,"column":78},"end":{"line":29,"column":1}}},"1":{"name":"getStoredWeight","decl":{"start":{"line":31,"column":16},"end":{"line":31,"column":31}},"loc":{"start":{"line":35,"column":21},"end":{"line":39,"column":1}}},"2":{"name":"applyPromptResult","decl":{"start":{"line":41,"column":16},"end":{"line":41,"column":33}},"loc":{"start":{"line":46,"column":18},"end":{"line":61,"column":1}}},"3":{"name":"enqueueOperation","decl":{"start":{"line":68,"column":9},"end":{"line":68,"column":25}},"loc":{"start":{"line":68,"column":56},"end":{"line":72,"column":1}}},"4":{"name":"(anonymous_5)","decl":{"start":{"line":69,"column":36},"end":{"line":69,"column":39}},"loc":{"start":{"line":69,"column":42},"end":{"line":69,"column":51}}},"5":{"name":"(anonymous_6)","decl":{"start":{"line":70,"column":30},"end":{"line":70,"column":33}},"loc":{"start":{"line":70,"column":36},"end":{"line":70,"column":45}}},"6":{"name":"(anonymous_7)","decl":{"start":{"line":74,"column":56},"end":{"line":74,"column":57}},"loc":{"start":{"line":74,"column":71},"end":{"line":138,"column":2}}},"7":{"name":"(anonymous_8)","decl":{"start":{"line":79,"column":15},"end":{"line":79,"column":20}},"loc":{"start":{"line":79,"column":26},"end":{"line":104,"column":3}}},"8":{"name":"(anonymous_9)","decl":{"start":{"line":83,"column":37},"end":{"line":83,"column":42}},"loc":{"start":{"line":83,"column":48},"end":{"line":98,"column":5}}},"9":{"name":"(anonymous_10)","decl":{"start":{"line":99,"column":51},"end":{"line":99,"column":54}},"loc":{"start":{"line":99,"column":56},"end":{"line":101,"column":5}}},"10":{"name":"(anonymous_11)","decl":{"start":{"line":106,"column":16},"end":{"line":106,"column":21}},"loc":{"start":{"line":106,"column":92},"end":{"line":125,"column":3}}},"11":{"name":"(anonymous_12)","decl":{"start":{"line":115,"column":28},"end":{"line":115,"column":33}},"loc":{"start":{"line":115,"column":39},"end":{"line":124,"column":5}}},"12":{"name":"(anonymous_13)","decl":{"start":{"line":127,"column":13},"end":{"line":127,"column":14}},"loc":{"start":{"line":127,"column":65},"end":{"line":129,"column":3}}},"13":{"name":"(anonymous_14)","decl":{"start":{"line":131,"column":16},"end":{"line":131,"column":21}},"loc":{"start":{"line":131,"column":27},"end":{"line":137,"column":3}}},"14":{"name":"(anonymous_15)","decl":{"start":{"line":132,"column":28},"end":{"line":132,"column":33}},"loc":{"start":{"line":132,"column":39},"end":{"line":136,"column":5}}},"15":{"name":"__resetSpacedRepStoreForTests","decl":{"start":{"line":140,"column":16},"end":{"line":140,"column":45}},"loc":{"start":{"line":140,"column":45},"end":{"line":144,"column":1}}}},"branchMap":{"0":{"loc":{"start":{"line":38,"column":9},"end":{"line":38,"column":62}},"type":"binary-expr","locations":[{"start":{"line":38,"column":9},"end":{"line":38,"column":27}},{"start":{"line":38,"column":31},"end":{"line":38,"column":44}},{"start":{"line":38,"column":48},"end":{"line":38,"column":62}}]},"1":{"loc":{"start":{"line":52,"column":27},"end":{"line":54,"column":41}},"type":"cond-expr","locations":[{"start":{"line":53,"column":6},"end":{"line":53,"column":41}},{"start":{"line":54,"column":6},"end":{"line":54,"column":41}}]},"2":{"loc":{"start":{"line":80,"column":4},"end":{"line":80,"column":29}},"type":"if","locations":[{"start":{"line":80,"column":4},"end":{"line":80,"column":29}},{"start":{},"end":{}}]},"3":{"loc":{"start":{"line":81,"column":4},"end":{"line":81,"column":40}},"type":"if","locations":[{"start":{"line":81,"column":4},"end":{"line":81,"column":40}},{"start":{},"end":{}}]},"4":{"loc":{"start":{"line":84,"column":6},"end":{"line":84,"column":31}},"type":"if","locations":[{"start":{"line":84,"column":6},"end":{"line":84,"column":31}},{"start":{},"end":{}}]},"5":{"loc":{"start":{"line":87,"column":8},"end":{"line":91,"column":9}},"type":"if","locations":[{"start":{"line":87,"column":8},"end":{"line":91,"column":9}},{"start":{"line":89,"column":15},"end":{"line":91,"column":9}}]},"6":{"loc":{"start":{"line":100,"column":6},"end":{"line":100,"column":54}},"type":"if","locations":[{"start":{"line":100,"column":6},"end":{"line":100,"column":54}},{"start":{},"end":{}}]},"7":{"loc":{"start":{"line":107,"column":4},"end":{"line":109,"column":5}},"type":"if","locations":[{"start":{"line":107,"column":4},"end":{"line":109,"column":5}},{"start":{},"end":{}}]},"8":{"loc":{"start":{"line":110,"column":4},"end":{"line":114,"column":5}},"type":"if","locations":[{"start":{"line":110,"column":4},"end":{"line":114,"column":5}},{"start":{},"end":{}}]},"9":{"loc":{"start":{"line":118,"column":6},"end":{"line":122,"column":7}},"type":"if","locations":[{"start":{"line":118,"column":6},"end":{"line":122,"column":7}},{"start":{},"end":{}}]}},"s":{"0":2,"1":2,"2":2,"3":2,"4":2,"5":2,"6":2,"7":2,"8":2,"9":2,"10":2,"11":15,"12":7,"13":7,"14":4,"15":4,"16":4,"17":4,"18":4,"19":4,"20":2,"21":2,"22":7,"23":0,"24":7,"25":0,"26":7,"27":2,"28":2,"29":5,"30":0,"31":5,"32":1,"33":4,"34":4,"35":4,"36":0,"37":4,"38":4,"39":2,"40":2,"41":0,"42":2,"43":2,"44":4,"45":4,"46":4,"47":4,"48":4,"49":5,"50":4,"51":5,"52":2,"53":2,"54":3,"55":3,"56":3,"57":3,"58":1,"59":1,"60":2,"61":0,"62":0,"63":0,"64":0,"65":0,"66":8,"67":8,"68":8},"f":{"0":15,"1":7,"2":4,"3":7,"4":0,"5":0,"6":2,"7":5,"8":4,"9":4,"10":5,"11":3,"12":0,"13":0,"14":0,"15":8},"b":{"0":[7,6,0],"1":[0,4],"2":[0,5],"3":[1,4],"4":[0,4],"5":[2,0],"6":[4,0],"7":[4,1],"8":[2,3],"9":[1,2]}}
,"/Users/gunho/code/conjugo-es/src/store/themeStore.ts": {"path":"/Users/gunho/code/conjugo-es/src/store/themeStore.ts","statementMap":{"0":{"start":{"line":1,"column":0},"end":{"line":1,"column":33}},"1":{"start":{"line":2,"column":0},"end":{"line":2,"column":69}},"2":{"start":{"line":3,"column":0},"end":{"line":3,"column":51}},"3":{"start":{"line":16,"column":13},"end":{"line":56,"column":4}},"4":{"start":{"line":16,"column":63},"end":{"line":56,"column":2}},"5":{"start":{"line":23,"column":4},"end":{"line":36,"column":5}},"6":{"start":{"line":24,"column":21},"end":{"line":24,"column":61}},"7":{"start":{"line":25,"column":18},"end":{"line":25,"column":56}},"8":{"start":{"line":26,"column":23},"end":{"line":26,"column":69}},"9":{"start":{"line":27,"column":6},"end":{"line":32,"column":9}},"10":{"start":{"line":34,"column":6},"end":{"line":34,"column":47}},"11":{"start":{"line":35,"column":6},"end":{"line":35,"column":28}},"12":{"start":{"line":40,"column":22},"end":{"line":40,"column":35}},"13":{"start":{"line":41,"column":4},"end":{"line":41,"column":31}},"14":{"start":{"line":42,"column":4},"end":{"line":42,"column":66}},"15":{"start":{"line":46,"column":23},"end":{"line":46,"column":37}},"16":{"start":{"line":47,"column":4},"end":{"line":47,"column":33}},"17":{"start":{"line":48,"column":4},"end":{"line":48,"column":65}},"18":{"start":{"line":52,"column":19},"end":{"line":52,"column":41}},"19":{"start":{"line":53,"column":4},"end":{"line":53,"column":37}},"20":{"start":{"line":54,"column":4},"end":{"line":54,"column":69}}},"fnMap":{"0":{"name":"(anonymous_1)","decl":{"start":{"line":16,"column":48},"end":{"line":16,"column":49}},"loc":{"start":{"line":16,"column":63},"end":{"line":56,"column":2}}},"1":{"name":"(anonymous_2)","decl":{"start":{"line":22,"column":13},"end":{"line":22,"column":18}},"loc":{"start":{"line":22,"column":24},"end":{"line":37,"column":3}}},"2":{"name":"(anonymous_3)","decl":{"start":{"line":39,"column":15},"end":{"line":39,"column":20}},"loc":{"start":{"line":39,"column":26},"end":{"line":43,"column":3}}},"3":{"name":"(anonymous_4)","decl":{"start":{"line":45,"column":17},"end":{"line":45,"column":22}},"loc":{"start":{"line":45,"column":28},"end":{"line":49,"column":3}}},"4":{"name":"(anonymous_5)","decl":{"start":{"line":51,"column":18},"end":{"line":51,"column":23}},"loc":{"start":{"line":51,"column":29},"end":{"line":55,"column":3}}}},"branchMap":{"0":{"loc":{"start":{"line":42,"column":36},"end":{"line":42,"column":64}},"type":"cond-expr","locations":[{"start":{"line":42,"column":48},"end":{"line":42,"column":54}},{"start":{"line":42,"column":57},"end":{"line":42,"column":64}}]},"1":{"loc":{"start":{"line":48,"column":34},"end":{"line":48,"column":63}},"type":"cond-expr","locations":[{"start":{"line":48,"column":47},"end":{"line":48,"column":53}},{"start":{"line":48,"column":56},"end":{"line":48,"column":63}}]},"2":{"loc":{"start":{"line":54,"column":42},"end":{"line":54,"column":67}},"type":"cond-expr","locations":[{"start":{"line":54,"column":51},"end":{"line":54,"column":57}},{"start":{"line":54,"column":60},"end":{"line":54,"column":67}}]}},"s":{"0":0,"1":0,"2":0,"3":0,"4":0,"5":0,"6":0,"7":0,"8":0,"9":0,"10":0,"11":0,"12":0,"13":0,"14":0,"15":0,"16":0,"17":0,"18":0,"19":0,"20":0},"f":{"0":0,"1":0,"2":0,"3":0,"4":0},"b":{"0":[0,0],"1":[0,0],"2":[0,0]}}
,"/Users/gunho/code/conjugo-es/src/utils/appMeta.ts": {"path":"/Users/gunho/code/conjugo-es/src/utils/appMeta.ts","statementMap":{"0":{"start":{"line":1,"column":0},"end":{"line":1,"column":39}},"1":{"start":{"line":3,"column":19},"end":{"line":3,"column":33}},"2":{"start":{"line":5,"column":13},"end":{"line":5,"column":40}},"3":{"start":{"line":6,"column":13},"end":{"line":6,"column":46}},"4":{"start":{"line":7,"column":13},"end":{"line":7,"column":71}},"5":{"start":{"line":8,"column":13},"end":{"line":8,"column":69}},"6":{"start":{"line":9,"column":13},"end":{"line":9,"column":85}},"7":{"start":{"line":10,"column":13},"end":{"line":10,"column":52}},"8":{"start":{"line":11,"column":13},"end":{"line":11,"column":104}}},"fnMap":{},"branchMap":{},"s":{"0":0,"1":0,"2":0,"3":0,"4":0,"5":0,"6":0,"7":0,"8":0},"f":{},"b":{}}
,"/Users/gunho/code/conjugo-es/src/utils/conjugate.ts": {"path":"/Users/gunho/code/conjugo-es/src/utils/conjugate.ts","statementMap":{"0":{"start":{"line":761,"column":0},"end":{"line":761,"column":16}},"1":{"start":{"line":1,"column":17},"end":{"line":1,"column":88}},"2":{"start":{"line":5,"column":65},"end":{"line":51,"column":2}},"3":{"start":{"line":55,"column":45},"end":{"line":60,"column":2}},"4":{"start":{"line":64,"column":45},"end":{"line":67,"column":2}},"5":{"start":{"line":74,"column":53},"end":{"line":128,"column":2}},"6":{"start":{"line":131,"column":2},"end":{"line":131,"column":50}},"7":{"start":{"line":136,"column":56},"end":{"line":166,"column":2}},"8":{"start":{"line":174,"column":22},"end":{"line":174,"column":34}},"9":{"start":{"line":176,"column":33},"end":{"line":176,"column":39}},"10":{"start":{"line":182,"column":63},"end":{"line":188,"column":4}},"11":{"start":{"line":189,"column":21},"end":{"line":189,"column":37}},"12":{"start":{"line":191,"column":20},"end":{"line":191,"column":42}},"13":{"start":{"line":192,"column":2},"end":{"line":192,"column":36}},"14":{"start":{"line":192,"column":24},"end":{"line":192,"column":36}},"15":{"start":{"line":193,"column":2},"end":{"line":193,"column":77}},"16":{"start":{"line":218,"column":13},"end":{"line":235,"column":2}},"17":{"start":{"line":237,"column":13},"end":{"line":254,"column":2}},"18":{"start":{"line":256,"column":13},"end":{"line":259,"column":2}},"19":{"start":{"line":282,"column":20},"end":{"line":282,"column":54}},"20":{"start":{"line":283,"column":2},"end":{"line":283,"column":34}},"21":{"start":{"line":283,"column":17},"end":{"line":283,"column":34}},"22":{"start":{"line":284,"column":15},"end":{"line":284,"column":38}},"23":{"start":{"line":285,"column":2},"end":{"line":285,"column":53}},"24":{"start":{"line":289,"column":2},"end":{"line":291,"column":3}},"25":{"start":{"line":290,"column":4},"end":{"line":290,"column":47}},"26":{"start":{"line":293,"column":2},"end":{"line":295,"column":3}},"27":{"start":{"line":294,"column":4},"end":{"line":294,"column":45}},"28":{"start":{"line":296,"column":15},"end":{"line":296,"column":38}},"29":{"start":{"line":297,"column":2},"end":{"line":297,"column":56}},"30":{"start":{"line":313,"column":2},"end":{"line":313,"column":37}},"31":{"start":{"line":317,"column":44},"end":{"line":323,"column":4}},"32":{"start":{"line":325,"column":2},"end":{"line":330,"column":3}},"33":{"start":{"line":325,"column":19},"end":{"line":325,"column":35}},"34":{"start":{"line":326,"column":21},"end":{"line":326,"column":44}},"35":{"start":{"line":327,"column":4},"end":{"line":329,"column":5}},"36":{"start":{"line":328,"column":6},"end":{"line":328,"column":71}},"37":{"start":{"line":332,"column":2},"end":{"line":332,"column":15}},"38":{"start":{"line":336,"column":44},"end":{"line":342,"column":4}},"39":{"start":{"line":344,"column":2},"end":{"line":344,"column":68}},"40":{"start":{"line":344,"column":43},"end":{"line":344,"column":66}},"41":{"start":{"line":348,"column":2},"end":{"line":350,"column":3}},"42":{"start":{"line":349,"column":4},"end":{"line":349,"column":27}},"43":{"start":{"line":351,"column":2},"end":{"line":351,"column":35}},"44":{"start":{"line":356,"column":20},"end":{"line":356,"column":94}},"45":{"start":{"line":357,"column":2},"end":{"line":361,"column":3}},"46":{"start":{"line":358,"column":4},"end":{"line":360,"column":6}},"47":{"start":{"line":359,"column":6},"end":{"line":359,"column":68}},"48":{"start":{"line":364,"column":24},"end":{"line":364,"column":114}},"49":{"start":{"line":365,"column":2},"end":{"line":374,"column":3}},"50":{"start":{"line":367,"column":29},"end":{"line":367,"column":56}},"51":{"start":{"line":368,"column":4},"end":{"line":373,"column":7}},"52":{"start":{"line":369,"column":6},"end":{"line":369,"column":57}},"53":{"start":{"line":369,"column":19},"end":{"line":369,"column":57}},"54":{"start":{"line":370,"column":6},"end":{"line":370,"column":94}},"55":{"start":{"line":370,"column":39},"end":{"line":370,"column":94}},"56":{"start":{"line":371,"column":6},"end":{"line":371,"column":86}},"57":{"start":{"line":371,"column":19},"end":{"line":371,"column":86}},"58":{"start":{"line":372,"column":6},"end":{"line":372,"column":58}},"59":{"start":{"line":375,"column":2},"end":{"line":380,"column":3}},"60":{"start":{"line":376,"column":4},"end":{"line":379,"column":7}},"61":{"start":{"line":377,"column":6},"end":{"line":377,"column":57}},"62":{"start":{"line":377,"column":19},"end":{"line":377,"column":57}},"63":{"start":{"line":378,"column":6},"end":{"line":378,"column":66}},"64":{"start":{"line":382,"column":2},"end":{"line":382,"column":14}},"65":{"start":{"line":387,"column":2},"end":{"line":389,"column":3}},"66":{"start":{"line":388,"column":4},"end":{"line":388,"column":60}},"67":{"start":{"line":390,"column":2},"end":{"line":390,"column":14}},"68":{"start":{"line":395,"column":2},"end":{"line":398,"column":3}},"69":{"start":{"line":396,"column":24},"end":{"line":396,"column":69}},"70":{"start":{"line":397,"column":4},"end":{"line":397,"column":63}},"71":{"start":{"line":399,"column":2},"end":{"line":399,"column":14}},"72":{"start":{"line":404,"column":2},"end":{"line":404,"column":38}},"73":{"start":{"line":404,"column":26},"end":{"line":404,"column":38}},"74":{"start":{"line":405,"column":17},"end":{"line":405,"column":31}},"75":{"start":{"line":406,"column":2},"end":{"line":408,"column":3}},"76":{"start":{"line":407,"column":4},"end":{"line":407,"column":24}},"77":{"start":{"line":410,"column":2},"end":{"line":415,"column":3}},"78":{"start":{"line":411,"column":24},"end":{"line":413,"column":45}},"79":{"start":{"line":414,"column":4},"end":{"line":414,"column":35}},"80":{"start":{"line":417,"column":2},"end":{"line":420,"column":3}},"81":{"start":{"line":418,"column":47},"end":{"line":418,"column":77}},"82":{"start":{"line":419,"column":4},"end":{"line":419,"column":34}},"83":{"start":{"line":422,"column":2},"end":{"line":425,"column":3}},"84":{"start":{"line":423,"column":47},"end":{"line":423,"column":96}},"85":{"start":{"line":424,"column":4},"end":{"line":424,"column":42}},"86":{"start":{"line":426,"column":2},"end":{"line":426,"column":14}},"87":{"start":{"line":431,"column":2},"end":{"line":431,"column":39}},"88":{"start":{"line":431,"column":27},"end":{"line":431,"column":39}},"89":{"start":{"line":432,"column":17},"end":{"line":432,"column":45}},"90":{"start":{"line":433,"column":2},"end":{"line":435,"column":3}},"91":{"start":{"line":434,"column":4},"end":{"line":434,"column":24}},"92":{"start":{"line":436,"column":2},"end":{"line":438,"column":3}},"93":{"start":{"line":437,"column":4},"end":{"line":437,"column":35}},"94":{"start":{"line":440,"column":2},"end":{"line":443,"column":3}},"95":{"start":{"line":441,"column":48},"end":{"line":441,"column":78}},"96":{"start":{"line":442,"column":4},"end":{"line":442,"column":35}},"97":{"start":{"line":445,"column":2},"end":{"line":448,"column":3}},"98":{"start":{"line":446,"column":47},"end":{"line":446,"column":96}},"99":{"start":{"line":447,"column":4},"end":{"line":447,"column":42}},"100":{"start":{"line":449,"column":2},"end":{"line":449,"column":14}},"101":{"start":{"line":454,"column":2},"end":{"line":454,"column":48}},"102":{"start":{"line":454,"column":36},"end":{"line":454,"column":48}},"103":{"start":{"line":455,"column":13},"end":{"line":455,"column":39}},"104":{"start":{"line":456,"column":22},"end":{"line":456,"column":77}},"105":{"start":{"line":459,"column":21},"end":{"line":470,"column":3}},"106":{"start":{"line":460,"column":4},"end":{"line":469,"column":5}},"107":{"start":{"line":461,"column":22},"end":{"line":461,"column":58}},"108":{"start":{"line":462,"column":22},"end":{"line":462,"column":44}},"109":{"start":{"line":463,"column":21},"end":{"line":463,"column":56}},"110":{"start":{"line":464,"column":20},"end":{"line":464,"column":55}},"111":{"start":{"line":465,"column":20},"end":{"line":465,"column":55}},"112":{"start":{"line":466,"column":20},"end":{"line":466,"column":55}},"113":{"start":{"line":467,"column":21},"end":{"line":467,"column":56}},"114":{"start":{"line":468,"column":15},"end":{"line":468,"column":27}},"115":{"start":{"line":472,"column":18},"end":{"line":472,"column":30}},"116":{"start":{"line":473,"column":2},"end":{"line":473,"column":28}},"117":{"start":{"line":473,"column":16},"end":{"line":473,"column":28}},"118":{"start":{"line":475,"column":39},"end":{"line":493,"column":3}},"119":{"start":{"line":476,"column":19},"end":{"line":476,"column":27}},"120":{"start":{"line":477,"column":4},"end":{"line":481,"column":5}},"121":{"start":{"line":478,"column":6},"end":{"line":478,"column":75}},"122":{"start":{"line":479,"column":11},"end":{"line":481,"column":5}},"123":{"start":{"line":480,"column":6},"end":{"line":480,"column":77}},"124":{"start":{"line":483,"column":4},"end":{"line":492,"column":5}},"125":{"start":{"line":485,"column":8},"end":{"line":485,"column":44}},"126":{"start":{"line":487,"column":8},"end":{"line":487,"column":30}},"127":{"start":{"line":489,"column":8},"end":{"line":489,"column":43}},"128":{"start":{"line":491,"column":8},"end":{"line":491,"column":23}},"129":{"start":{"line":496,"column":2},"end":{"line":502,"column":3}},"130":{"start":{"line":497,"column":4},"end":{"line":501,"column":5}},"131":{"start":{"line":498,"column":22},"end":{"line":498,"column":59}},"132":{"start":{"line":499,"column":22},"end":{"line":499,"column":45}},"133":{"start":{"line":500,"column":21},"end":{"line":500,"column":57}},"134":{"start":{"line":505,"column":2},"end":{"line":513,"column":3}},"135":{"start":{"line":506,"column":4},"end":{"line":512,"column":5}},"136":{"start":{"line":507,"column":22},"end":{"line":507,"column":29}},"137":{"start":{"line":508,"column":6},"end":{"line":510,"column":7}},"138":{"start":{"line":509,"column":8},"end":{"line":509,"column":77}},"139":{"start":{"line":511,"column":6},"end":{"line":511,"column":29}},"140":{"start":{"line":516,"column":2},"end":{"line":536,"column":3}},"141":{"start":{"line":517,"column":4},"end":{"line":523,"column":5}},"142":{"start":{"line":518,"column":22},"end":{"line":518,"column":77}},"143":{"start":{"line":519,"column":6},"end":{"line":521,"column":7}},"144":{"start":{"line":520,"column":8},"end":{"line":520,"column":56}},"145":{"start":{"line":522,"column":6},"end":{"line":522,"column":40}},"146":{"start":{"line":525,"column":24},"end":{"line":525,"column":61}},"147":{"start":{"line":526,"column":20},"end":{"line":526,"column":27}},"148":{"start":{"line":528,"column":4},"end":{"line":530,"column":5}},"149":{"start":{"line":529,"column":6},"end":{"line":529,"column":75}},"150":{"start":{"line":532,"column":4},"end":{"line":534,"column":5}},"151":{"start":{"line":533,"column":6},"end":{"line":533,"column":77}},"152":{"start":{"line":535,"column":4},"end":{"line":535,"column":38}},"153":{"start":{"line":539,"column":2},"end":{"line":558,"column":3}},"154":{"start":{"line":540,"column":4},"end":{"line":547,"column":5}},"155":{"start":{"line":541,"column":49},"end":{"line":541,"column":79}},"156":{"start":{"line":542,"column":22},"end":{"line":542,"column":70}},"157":{"start":{"line":543,"column":6},"end":{"line":545,"column":7}},"158":{"start":{"line":544,"column":8},"end":{"line":544,"column":56}},"159":{"start":{"line":546,"column":6},"end":{"line":546,"column":39}},"160":{"start":{"line":548,"column":47},"end":{"line":548,"column":77}},"161":{"start":{"line":549,"column":20},"end":{"line":549,"column":27}},"162":{"start":{"line":550,"column":4},"end":{"line":552,"column":5}},"163":{"start":{"line":551,"column":6},"end":{"line":551,"column":75}},"164":{"start":{"line":554,"column":4},"end":{"line":556,"column":5}},"165":{"start":{"line":555,"column":6},"end":{"line":555,"column":77}},"166":{"start":{"line":557,"column":4},"end":{"line":557,"column":37}},"167":{"start":{"line":561,"column":2},"end":{"line":580,"column":3}},"168":{"start":{"line":562,"column":4},"end":{"line":569,"column":5}},"169":{"start":{"line":563,"column":49},"end":{"line":563,"column":98}},"170":{"start":{"line":564,"column":22},"end":{"line":564,"column":77}},"171":{"start":{"line":565,"column":6},"end":{"line":567,"column":7}},"172":{"start":{"line":566,"column":8},"end":{"line":566,"column":56}},"173":{"start":{"line":568,"column":6},"end":{"line":568,"column":47}},"174":{"start":{"line":570,"column":47},"end":{"line":570,"column":96}},"175":{"start":{"line":571,"column":20},"end":{"line":571,"column":27}},"176":{"start":{"line":572,"column":4},"end":{"line":574,"column":5}},"177":{"start":{"line":573,"column":6},"end":{"line":573,"column":75}},"178":{"start":{"line":576,"column":4},"end":{"line":578,"column":5}},"179":{"start":{"line":577,"column":6},"end":{"line":577,"column":77}},"180":{"start":{"line":579,"column":4},"end":{"line":579,"column":45}},"181":{"start":{"line":582,"column":2},"end":{"line":582,"column":14}},"182":{"start":{"line":587,"column":2},"end":{"line":587,"column":60}},"183":{"start":{"line":587,"column":48},"end":{"line":587,"column":60}},"184":{"start":{"line":588,"column":18},"end":{"line":588,"column":46}},"185":{"start":{"line":589,"column":2},"end":{"line":591,"column":3}},"186":{"start":{"line":590,"column":4},"end":{"line":590,"column":36}},"187":{"start":{"line":592,"column":2},"end":{"line":594,"column":3}},"188":{"start":{"line":593,"column":4},"end":{"line":593,"column":46}},"189":{"start":{"line":596,"column":2},"end":{"line":599,"column":3}},"190":{"start":{"line":597,"column":47},"end":{"line":597,"column":85}},"191":{"start":{"line":598,"column":4},"end":{"line":598,"column":35}},"192":{"start":{"line":601,"column":2},"end":{"line":604,"column":3}},"193":{"start":{"line":602,"column":47},"end":{"line":602,"column":96}},"194":{"start":{"line":603,"column":4},"end":{"line":603,"column":43}},"195":{"start":{"line":606,"column":2},"end":{"line":609,"column":3}},"196":{"start":{"line":607,"column":24},"end":{"line":607,"column":61}},"197":{"start":{"line":608,"column":4},"end":{"line":608,"column":36}},"198":{"start":{"line":610,"column":2},"end":{"line":610,"column":14}},"199":{"start":{"line":615,"column":2},"end":{"line":615,"column":57}},"200":{"start":{"line":615,"column":45},"end":{"line":615,"column":57}},"201":{"start":{"line":617,"column":25},"end":{"line":617,"column":68}},"202":{"start":{"line":619,"column":29},"end":{"line":619,"column":99}},"203":{"start":{"line":621,"column":2},"end":{"line":635,"column":3}},"204":{"start":{"line":622,"column":4},"end":{"line":622,"column":50}},"205":{"start":{"line":623,"column":9},"end":{"line":635,"column":3}},"206":{"start":{"line":624,"column":4},"end":{"line":626,"column":50}},"207":{"start":{"line":627,"column":9},"end":{"line":635,"column":3}},"208":{"start":{"line":628,"column":4},"end":{"line":628,"column":45}},"209":{"start":{"line":630,"column":24},"end":{"line":630,"column":32}},"210":{"start":{"line":631,"column":4},"end":{"line":633,"column":5}},"211":{"start":{"line":632,"column":6},"end":{"line":632,"column":87}},"212":{"start":{"line":634,"column":4},"end":{"line":634,"column":69}},"213":{"start":{"line":637,"column":21},"end":{"line":637,"column":67}},"214":{"start":{"line":638,"column":2},"end":{"line":638,"column":40}},"215":{"start":{"line":643,"column":41},"end":{"line":643,"column":44}},"216":{"start":{"line":646,"column":2},"end":{"line":650,"column":3}},"217":{"start":{"line":647,"column":4},"end":{"line":649,"column":5}},"218":{"start":{"line":648,"column":6},"end":{"line":648,"column":63}},"219":{"start":{"line":653,"column":2},"end":{"line":661,"column":3}},"220":{"start":{"line":654,"column":4},"end":{"line":656,"column":5}},"221":{"start":{"line":655,"column":6},"end":{"line":655,"column":63}},"222":{"start":{"line":658,"column":4},"end":{"line":660,"column":5}},"223":{"start":{"line":659,"column":6},"end":{"line":659,"column":65}},"224":{"start":{"line":664,"column":2},"end":{"line":672,"column":3}},"225":{"start":{"line":665,"column":4},"end":{"line":667,"column":5}},"226":{"start":{"line":666,"column":6},"end":{"line":666,"column":63}},"227":{"start":{"line":669,"column":4},"end":{"line":671,"column":5}},"228":{"start":{"line":670,"column":6},"end":{"line":670,"column":65}},"229":{"start":{"line":675,"column":2},"end":{"line":679,"column":3}},"230":{"start":{"line":676,"column":4},"end":{"line":678,"column":5}},"231":{"start":{"line":677,"column":6},"end":{"line":677,"column":65}},"232":{"start":{"line":682,"column":2},"end":{"line":689,"column":3}},"233":{"start":{"line":683,"column":4},"end":{"line":685,"column":5}},"234":{"start":{"line":684,"column":6},"end":{"line":684,"column":63}},"235":{"start":{"line":686,"column":4},"end":{"line":688,"column":5}},"236":{"start":{"line":687,"column":6},"end":{"line":687,"column":65}},"237":{"start":{"line":692,"column":2},"end":{"line":696,"column":3}},"238":{"start":{"line":693,"column":4},"end":{"line":695,"column":5}},"239":{"start":{"line":694,"column":6},"end":{"line":694,"column":65}},"240":{"start":{"line":698,"column":2},"end":{"line":698,"column":21}},"241":{"start":{"line":706,"column":23},"end":{"line":706,"column":55}},"242":{"start":{"line":707,"column":15},"end":{"line":707,"column":38}},"243":{"start":{"line":708,"column":18},"end":{"line":708,"column":50}},"244":{"start":{"line":709,"column":34},"end":{"line":711,"column":4}},"245":{"start":{"line":714,"column":25},"end":{"line":714,"column":42}},"246":{"start":{"line":715,"column":2},"end":{"line":715,"column":44}},"247":{"start":{"line":715,"column":22},"end":{"line":715,"column":44}},"248":{"start":{"line":718,"column":2},"end":{"line":756,"column":5}},"249":{"start":{"line":719,"column":21},"end":{"line":719,"column":44}},"250":{"start":{"line":722,"column":25},"end":{"line":722,"column":62}},"251":{"start":{"line":723,"column":4},"end":{"line":723,"column":73}},"252":{"start":{"line":723,"column":22},"end":{"line":723,"column":73}},"253":{"start":{"line":725,"column":22},"end":{"line":725,"column":51}},"254":{"start":{"line":726,"column":4},"end":{"line":726,"column":67}},"255":{"start":{"line":726,"column":19},"end":{"line":726,"column":67}},"256":{"start":{"line":728,"column":17},"end":{"line":728,"column":32}},"257":{"start":{"line":729,"column":4},"end":{"line":729,"column":54}},"258":{"start":{"line":729,"column":14},"end":{"line":729,"column":54}},"259":{"start":{"line":731,"column":18},"end":{"line":731,"column":34}},"260":{"start":{"line":732,"column":4},"end":{"line":732,"column":59}},"261":{"start":{"line":732,"column":15},"end":{"line":732,"column":59}},"262":{"start":{"line":734,"column":20},"end":{"line":734,"column":51}},"263":{"start":{"line":735,"column":4},"end":{"line":735,"column":63}},"264":{"start":{"line":735,"column":17},"end":{"line":735,"column":63}},"265":{"start":{"line":737,"column":25},"end":{"line":737,"column":59}},"266":{"start":{"line":738,"column":4},"end":{"line":738,"column":70}},"267":{"start":{"line":738,"column":22},"end":{"line":738,"column":70}},"268":{"start":{"line":740,"column":16},"end":{"line":740,"column":34}},"269":{"start":{"line":741,"column":4},"end":{"line":741,"column":52}},"270":{"start":{"line":741,"column":13},"end":{"line":741,"column":52}},"271":{"start":{"line":744,"column":22},"end":{"line":744,"column":104}},"272":{"start":{"line":745,"column":4},"end":{"line":745,"column":56}},"273":{"start":{"line":748,"column":17},"end":{"line":750,"column":32}},"274":{"start":{"line":751,"column":22},"end":{"line":753,"column":12}},"275":{"start":{"line":755,"column":4},"end":{"line":755,"column":52}},"276":{"start":{"line":766,"column":2},"end":{"line":771,"column":3}},"277":{"start":{"line":767,"column":4},"end":{"line":770,"column":6}},"278":{"start":{"line":773,"column":2},"end":{"line":780,"column":3}},"279":{"start":{"line":774,"column":23},"end":{"line":774,"column":63}},"280":{"start":{"line":775,"column":18},"end":{"line":775,"column":52}},"281":{"start":{"line":776,"column":4},"end":{"line":779,"column":8}},"282":{"start":{"line":776,"column":41},"end":{"line":779,"column":6}},"283":{"star
[...]
,"27":{"start":{"line":81,"column":34},"end":{"line":106,"column":5}},"28":{"start":{"line":82,"column":20},"end":{"line":82,"column":50}},"29":{"start":{"line":83,"column":6},"end":{"line":105,"column":7}},"30":{"start":{"line":84,"column":8},"end":{"line":84,"column":66}},"31":{"start":{"line":85,"column":8},"end":{"line":85,"column":29}},"32":{"start":{"line":85,"column":22},"end":{"line":85,"column":29}},"33":{"start":{"line":86,"column":8},"end":{"line":86,"column":26}},"34":{"start":{"line":90,"column":8},"end":{"line":90,"column":104}},"35":{"start":{"line":91,"column":8},"end":{"line":91,"column":54}},"36":{"start":{"line":91,"column":19},"end":{"line":91,"column":54}},"37":{"start":{"line":93,"column":8},"end":{"line":93,"column":65}},"38":{"start":{"line":94,"column":8},"end":{"line":94,"column":29}},"39":{"start":{"line":94,"column":22},"end":{"line":94,"column":29}},"40":{"start":{"line":95,"column":8},"end":{"line":95,"column":26}},"41":{"start":{"line":96,"column":8},"end":{"line":99,"column":9}},"42":{"start":{"line":98,"column":10},"end":{"line":98,"column":17}},"43":{"start":{"line":100,"column":8},"end":{"line":100,"column":51}},"44":{"start":{"line":100,"column":19},"end":{"line":100,"column":51}},"45":{"start":{"line":101,"column":8},"end":{"line":104,"column":10}},"46":{"start":{"line":108,"column":32},"end":{"line":114,"column":5}},"47":{"start":{"line":109,"column":6},"end":{"line":109,"column":27}},"48":{"start":{"line":109,"column":20},"end":{"line":109,"column":27}},"49":{"start":{"line":110,"column":6},"end":{"line":110,"column":24}},"50":{"start":{"line":111,"column":6},"end":{"line":113,"column":7}},"51":{"start":{"line":112,"column":8},"end":{"line":112,"column":82}},"52":{"start":{"line":116,"column":28},"end":{"line":121,"column":5}},"53":{"start":{"line":117,"column":6},"end":{"line":117,"column":33}},"54":{"start":{"line":118,"column":6},"end":{"line":118,"column":30}},"55":{"start":{"line":119,"column":6},"end":{"line":119,"column":72}},"56":{"start":{"line":120,"column":6},"end":{"line":120,"column":65}},"57":{"start":{"line":127,"column":4},"end":{"line":127,"column":22}},"58":{"start":{"line":129,"column":17},"end":{"line":164,"column":5}},"59":{"start":{"line":130,"column":6},"end":{"line":163,"column":7}},"60":{"start":{"line":131,"column":39},"end":{"line":131,"column":57}},"61":{"start":{"line":132,"column":8},"end":{"line":132,"column":37}},"62":{"start":{"line":133,"column":8},"end":{"line":133,"column":29}},"63":{"start":{"line":133,"column":22},"end":{"line":133,"column":29}},"64":{"start":{"line":134,"column":8},"end":{"line":136,"column":9}},"65":{"start":{"line":135,"column":10},"end":{"line":135,"column":28}},"66":{"start":{"line":137,"column":8},"end":{"line":137,"column":31}},"67":{"start":{"line":138,"column":8},"end":{"line":138,"column":29}},"68":{"start":{"line":138,"column":22},"end":{"line":138,"column":29}},"69":{"start":{"line":139,"column":8},"end":{"line":139,"column":30}},"70":{"start":{"line":140,"column":8},"end":{"line":151,"column":9}},"71":{"start":{"line":141,"column":10},"end":{"line":150,"column":11}},"72":{"start":{"line":142,"column":37},"end":{"line":142,"column":66}},"73":{"start":{"line":143,"column":12},"end":{"line":147,"column":13}},"74":{"start":{"line":144,"column":14},"end":{"line":146,"column":15}},"75":{"start":{"line":145,"column":16},"end":{"line":145,"column":74}},"76":{"start":{"line":152,"column":8},"end":{"line":152,"column":29}},"77":{"start":{"line":152,"column":22},"end":{"line":152,"column":29}},"78":{"start":{"line":153,"column":22},"end":{"line":153,"column":61}},"79":{"start":{"line":154,"column":8},"end":{"line":154,"column":29}},"80":{"start":{"line":154,"column":22},"end":{"line":154,"column":29}},"81":{"start":{"line":155,"column":28},"end":{"line":155,"column":80}},"82":{"start":{"line":155,"column":60},"end":{"line":155,"column":79}},"83":{"start":{"line":156,"column":8},"end":{"line":156,"column":79}},"84":{"start":{"line":156,"column":34},"end":{"line":156,"column":77}},"85":{"start":{"line":157,"column":8},"end":{"line":157,"column":32}},"86":{"start":{"line":158,"column":8},"end":{"line":158,"column":48}},"87":{"start":{"line":160,"column":8},"end":{"line":160,"column":29}},"88":{"start":{"line":160,"column":22},"end":{"line":160,"column":29}},"89":{"start":{"line":161,"column":8},"end":{"line":161,"column":24}},"90":{"start":{"line":162,"column":8},"end":{"line":162,"column":29}},"91":{"start":{"line":166,"column":4},"end":{"line":166,"column":11}},"92":{"start":{"line":168,"column":4},"end":{"line":173,"column":6}},"93":{"start":{"line":169,"column":6},"end":{"line":169,"column":22}},"94":{"start":{"line":170,"column":6},"end":{"line":170,"column":33}},"95":{"start":{"line":171,"column":6},"end":{"line":171,"column":30}},"96":{"start":{"line":172,"column":6},"end":{"line":172,"column":42}},"97":{"start":{"line":176,"column":14},"end":{"line":187,"column":8}},"98":{"start":{"line":177,"column":4},"end":{"line":177,"column":21}},"99":{"start":{"line":178,"column":4},"end":{"line":186,"column":5}},"100":{"start":{"line":179,"column":6},"end":{"line":182,"column":9}},"101":{"start":{"line":184,"column":6},"end":{"line":184,"column":24}},"102":{"start":{"line":189,"column":2},"end":{"line":189,"column":62}}},"fnMap":{"0":{"name":"(anonymous_0)","decl":{"start":{"line":17,"column":7},"end":{"line":17,"column":12}},"loc":{"start":{"line":17,"column":18},"end":{"line":17,"column":21}}},"1":{"name":"nonEmpty","decl":{"start":{"line":26,"column":9},"end":{"line":26,"column":17}},"loc":{"start":{"line":26,"column":39},"end":{"line":28,"column":1}}},"2":{"name":"getTipTransactionKey","decl":{"start":{"line":30,"column":16},"end":{"line":30,"column":36}},"loc":{"start":{"line":30,"column":65},"end":{"line":34,"column":1}}},"3":{"name":"useTipJar","decl":{"start":{"line":45,"column":16},"end":{"line":45,"column":25}},"loc":{"start":{"line":45,"column":25},"end":{"line":50,"column":1}}},"4":{"name":"useTipJarNative","decl":{"start":{"line":52,"column":9},"end":{"line":52,"column":24}},"loc":{"start":{"line":52,"column":24},"end":{"line":190,"column":1}}},"5":{"name":"(anonymous_5)","decl":{"start":{"line":72,"column":12},"end":{"line":72,"column":15}},"loc":{"start":{"line":72,"column":17},"end":{"line":174,"column":3}}},"6":{"name":"(anonymous_6)","decl":{"start":{"line":81,"column":34},"end":{"line":81,"column":39}},"loc":{"start":{"line":81,"column":63},"end":{"line":106,"column":5}}},"7":{"name":"(anonymous_7)","decl":{"start":{"line":108,"column":32},"end":{"line":108,"column":33}},"loc":{"start":{"line":108,"column":57},"end":{"line":114,"column":5}}},"8":{"name":"(anonymous_8)","decl":{"start":{"line":116,"column":28},"end":{"line":116,"column":31}},"loc":{"start":{"line":116,"column":33},"end":{"line":121,"column":5}}},"9":{"name":"(anonymous_9)","decl":{"start":{"line":129,"column":17},"end":{"line":129,"column":22}},"loc":{"start":{"line":129,"column":28},"end":{"line":164,"column":5}}},"10":{"name":"(anonymous_10)","decl":{"start":{"line":155,"column":55},"end":{"line":155,"column":56}},"loc":{"start":{"line":155,"column":60},"end":{"line":155,"column":79}}},"11":{"name":"(anonymous_11)","decl":{"start":{"line":156,"column":24},"end":{"line":156,"column":25}},"loc":{"start":{"line":156,"column":34},"end":{"line":156,"column":77}}},"12":{"name":"(anonymous_12)","decl":{"start":{"line":168,"column":11},"end":{"line":168,"column":14}},"loc":{"start":{"line":168,"column":16},"end":{"line":173,"column":5}}},"13":{"name":"(anonymous_13)","decl":{"start":{"line":176,"column":26},"end":{"line":176,"column":31}},"loc":{"start":{"line":176,"column":48},"end":{"line":187,"column":3}}}},"branchMap":{"0":{"loc":{"start":{"line":27,"column":9},"end":{"line":27,"column":56}},"type":"cond-expr","locations":[{"start":{"line":27,"column":44},"end":{"line":27,"column":49}},{"start":{"line":27,"column":52},"end":{"line":27,"column":56}}]},"1":{"loc":{"start":{"line":27,"column":9},"end":{"line":27,"column":41}},"type":"binary-expr","locations":[{"start":{"line":27,"column":9},"end":{"line":27,"column":14}},{"start":{"line":27,"column":18},"end":{"line":27,"column":41}}]},"2":{"loc":{"start":{"line":31,"column":9},"end":{"line":33,"column":28}},"type":"binary-expr","locations":[{"start":{"line":31,"column":9},"end":{"line":31,"column":41}},{"start":{"line":32,"column":7},"end":{"line":32,"column":39}},{"start":{"line":33,"column":7},"end":{"line":33,"column":28}}]},"3":{"loc":{"start":{"line":38,"column":2},"end":{"line":40,"column":3}},"type":"if","locations":[{"start":{"line":38,"column":2},"end":{"line":40,"column":3}},{"start":{},"end":{}}]},"4":{"loc":{"start":{"line":38,"column":6},"end":{"line":38,"column":56}},"type":"binary-expr","locations":[{"start":{"line":38,"column":6},"end":{"line":38,"column":27}},{"start":{"line":38,"column":31},"end":{"line":38,"column":56}}]},"5":{"loc":{"start":{"line":46,"column":2},"end":{"line":48,"column":3}},"type":"if","locations":[{"start":{"line":46,"column":2},"end":{"line":48,"column":3}},{"start":{},"end":{}}]},"6":{"loc":{"start":{"line":85,"column":8},"end":{"line":85,"column":29}},"type":"if","locations":[{"start":{"line":85,"column":8},"end":{"line":85,"column":29}},{"start":{},"end":{}}]},"7":{"loc":{"start":{"line":91,"column":8},"end":{"line":91,"column":54}},"type":"if","locations":[{"start":{"line":91,"column":8},"end":{"line":91,"column":54}},{"start":{},"end":{}}]},"8":{"loc":{"start":{"line":94,"column":8},"end":{"line":94,"column":29}},"type":"if","locations":[{"start":{"line":94,"column":8},"end":{"line":94,"column":29}},{"start":{},"end":{}}]},"9":{"loc":{"start":{"line":96,"column":8},"end":{"line":99,"column":9}},"type":"if","locations":[{"start":{"line":96,"column":8},"end":{"line":99,"column":9}},{"start":{},"end":{}}]},"10":{"loc":{"start":{"line":96,"column":12},"end":{"line":96,"column":52}},"type":"binary-expr","locations":[{"start":{"line":96,"column":12},"end":{"line":96,"column":17}},{"start":{"line":96,"column":21},"end":{"line":96,"column":52}}]},"11":{"loc":{"start":{"line":100,"column":8},"end":{"line":100,"column":51}},"type":"if","locations":[{"start":{"line":100,"column":8},"end":{"line":100,"column":51}},{"start":{},"end":{}}]},"12":{"loc":{"start":{"line":109,"column":6},"end":{"line":109,"column":27}},"type":"if","locations":[{"start":{"line":109,"column":6},"end":{"line":109,"column":27}},{"start":{},"end":{}}]},"13":{"loc":{"start":{"line":111,"column":6},"end":{"line":113,"column":7}},"type":"if","locations":[{"start":{"line":111,"column":6},"end":{"line":113,"column":7}},{"start":{},"end":{}}]},"14":{"loc":{"start":{"line":133,"column":8},"end":{"line":133,"column":29}},"type":"if","locations":[{"start":{"line":133,"column":8},"end":{"line":133,"column":29}},{"start":{},"end":{}}]},"15":{"loc":{"start":{"line":134,"column":8},"end":{"line":136,"column":9}},"type":"if","locations":[{"start":{"line":134,"column":8},"end":{"line":136,"column":9}},{"start":{},"end":{}}]},"16":{"loc":{"start":{"line":138,"column":8},"end":{"line":138,"column":29}},"type":"if","locations":[{"start":{"line":138,"column":8},"end":{"line":138,"column":29}},{"start":{},"end":{}}]},"17":{"loc":{"start":{"line":140,"column":8},"end":{"line":151,"column":9}},"type":"if","locations":[{"start":{"line":140,"column":8},"end":{"line":151,"column":9}},{"start":{},"end":{}}]},"18":{"loc":{"start":{"line":144,"column":14},"end":{"line":146,"column":15}},"type":"if","locations":[{"start":{"line":144,"column":14},"end":{"line":146,"column":15}},{"start":{},"end":{}}]},"19":{"loc":{"start":{"line":152,"column":8},"end":{"line":152,"column":29}},"type":"if","locations":[{"start":{"line":152,"column":8},"end":{"line":152,"column":29}},{"start":{},"end":{}}]},"20":{"loc":{"start":{"line":154,"column":8},"end":{"line":154,"column":29}},"type":"if","locations":[{"start":{"line":154,"column":8},"end":{"line":154,"column":29}},{"start":{},"end":{}}]},"21":{"loc":{"start":{"line":156,"column":41},"end":{"line":156,"column":53}},"type":"binary-expr","locations":[{"start":{"line":156,"column":41},"end":{"line":156,"column":48}},{"start":{"line":156,"column":52},"end":{"line":156,"column":53}}]},"22":{"loc":{"start":{"line":156,"column":64},"end":{"line":156,"column":76}},"type":"binary-expr","locations":[{"start":{"line":156,"column":64},"end":{"line":156,"column":71}},{"start":{"line":156,"column":75},"end":{"line":156,"column":76}}]},"23":{"loc":{"start":{"line":160,"column":8},"end":{"line":160,"column":29}},"type":"if","locations":[{"start":{"line":160,"column":8},"end":{"line":160,"column":29}},{"start":{},"end":{}}]}},"s":{"0":1,"1":1,"2":1,"3":1,"4":1,"5":1,"6":1,"7":12,"8":5,"9":1,"10":1,"11":1,"12":0,"13":0,"14":0,"15":0,"16":0,"17":0,"18":0,"19":0,"20":0,"21":0,"22":0,"23":0,"24":0,"25":0,"26":0,"27":0,"28":0,"29":0,"30":0,"31":0,"32":0,"33":0,"34":0,"35":0,"36":0,"37":0,"38":0,"39":0,"40":0,"41":0,"42":0,"43":0,"44":0,"45":0,"46":0,"47":0,"48":0,"49":0,"50":0,"51":0,"52":0,"53":0,"54":0,"55":0,"56":0,"57":0,"58":0,"59":0,"60":0,"61":0,"62":0,"63":0,"64":0,"65":0,"66":0,"67":0,"68":0,"69":0,"70":0,"71":0,"72":0,"73":0,"74":0,"75":0,"76":0,"77":0,"78":0,"79":0,"80":0,"81":0,"82":0,"83":0,"84":0,"85":0,"86":0,"87":0,"88":0,"89":0,"90":0,"91":0,"92":0,"93":0,"94":0,"95":0,"96":0,"97":0,"98":0,"99":0,"100":0,"101":0,"102":0},"f":{"0":0,"1":12,"2":5,"3":0,"4":0,"5":0,"6":0,"7":0,"8":0,"9":0,"10":0,"11":0,"12":0,"13":0},"b":{"0":[3,9],"1":[12,4],"2":[5,4,3],"3":[0,1],"4":[1,1],"5":[0,0],"6":[0,0],"7":[0,0],"8":[0,0],"9":[0,0],"10":[0,0],"11":[0,0],"12":[0,0],"13":[0,0],"14":[0,0],"15":[0,0],"16":[0,0],"17":[0,0],"18":[0,0],"19":[0,0],"20":[0,0],"21":[0,0],"22":[0,0],"23":[0,0]}}
,"/Users/gunho/code/conjugo-es/src/utils/verbSearch.ts": {"path":"/Users/gunho/code/conjugo-es/src/utils/verbSearch.ts","statementMap":{"0":{"start":{"line":21,"column":0},"end":{"line":21,"column":16}},"1":{"start":{"line":95,"column":0},"end":{"line":95,"column":16}},"2":{"start":{"line":99,"column":0},"end":{"line":99,"column":16}},"3":{"start":{"line":104,"column":0},"end":{"line":104,"column":16}},"4":{"start":{"line":1,"column":0},"end":{"line":1,"column":48}},"5":{"start":{"line":2,"column":0},"end":{"line":2,"column":39}},"6":{"start":{"line":3,"column":0},"end":{"line":3,"column":68}},"7":{"start":{"line":4,"column":0},"end":{"line":4,"column":84}},"8":{"start":{"line":22,"column":2},"end":{"line":29,"column":12}},"9":{"start":{"line":32,"column":13},"end":{"line":39,"column":2}},"10":{"start":{"line":33,"column":27},"end":{"line":38,"column":4}},"11":{"start":{"line":41,"column":17},"end":{"line":50,"column":2}},"12":{"start":{"line":54,"column":43},"end":{"line":54,"column":47}},"13":{"start":{"line":55,"column":39},"end":{"line":55,"column":43}},"14":{"start":{"line":58,"column":2},"end":{"line":58,"column":48}},"15":{"start":{"line":58,"column":24},"end":{"line":58,"column":48}},"16":{"start":{"line":59,"column":29},"end":{"line":59,"column":31}},"17":{"start":{"line":60,"column":2},"end":{"line":77,"column":5}},"18":{"start":{"line":61,"column":4},"end":{"line":76,"column":7}},"19":{"start":{"line":62,"column":22},"end":{"line":62,"column":63}},"20":{"start":{"line":63,"column":6},"end":{"line":75,"column":9}},"21":{"start":{"line":64,"column":8},"end":{"line":74,"column":9}},"22":{"start":{"line":65,"column":28},"end":{"line":65,"column":56}},"23":{"start":{"line":66,"column":10},"end":{"line":73,"column":13}},"24":{"start":{"line":78,"column":2},"end":{"line":78,"column":27}},"25":{"start":{"line":79,"column":2},"end":{"line":79,"column":26}},"26":{"start":{"line":83,"column":2},"end":{"line":83,"column":32}},"27":{"start":{"line":83,"column":16},"end":{"line":83,"column":32}},"28":{"start":{"line":84,"column":2},"end":{"line":91,"column":5}},"29":{"start":{"line":92,"column":2},"end":{"line":92,"column":18}},"30":{"start":{"line":96,"column":2},"end":{"line":96,"column":32}},"31":{"start":{"line":100,"column":2},"end":{"line":100,"column":55}},"32":{"start":{"line":100,"column":45},"end":{"line":100,"column":55}},"33":{"start":{"line":101,"column":2},"end":{"line":101,"column":37}},"34":{"start":{"line":105,"column":2},"end":{"line":105,"column":44}},"35":{"start":{"line":105,"column":34},"end":{"line":105,"column":44}},"36":{"start":{"line":106,"column":2},"end":{"line":106,"column":83}},"37":{"start":{"line":106,"column":45},"end":{"line":106,"column":81}}},"fnMap":{"0":{"name":"normalizeSearchText","decl":{"start":{"line":21,"column":16},"end":{"line":21,"column":35}},"loc":{"start":{"line":21,"column":49},"end":{"line":30,"column":1}}},"1":{"name":"(anonymous_2)","decl":{"start":{"line":33,"column":2},"end":{"line":33,"column":3}},"loc":{"start":{"line":33,"column":27},"end":{"line":38,"column":4}}},"2":{"name":"getConjugationIndex","decl":{"start":{"line":57,"column":9},"end":{"line":57,"column":28}},"loc":{"start":{"line":57,"column":28},"end":{"line":80,"column":1}}},"3":{"name":"(anonymous_4)","decl":{"start":{"line":60,"column":22},"end":{"line":60,"column":23}},"loc":{"start":{"line":60,"column":32},"end":{"line":77,"column":3}}},"4":{"name":"(anonymous_5)","decl":{"start":{"line":61,"column":22},"end":{"line":61,"column":23}},"loc":{"start":{"line":61,"column":32},"end":{"line":76,"column":5}}},"5":{"name":"(anonymous_6)","decl":{"start":{"line":63,"column":22},"end":{"line":63,"column":23}},"loc":{"start":{"line":63,"column":28},"end":{"line":75,"column":7}}},"6":{"name":"getConjFuse","decl":{"start":{"line":82,"column":9},"end":{"line":82,"column":20}},"loc":{"start":{"line":82,"column":20},"end":{"line":93,"column":1}}},"7":{"name":"searchVerbs","decl":{"start":{"line":95,"column":16},"end":{"line":95,"column":27}},"loc":{"start":{"line":95,"column":41},"end":{"line":97,"column":1}}},"8":{"name":"searchConjugations","decl":{"start":{"line":99,"column":16},"end":{"line":99,"column":34}},"loc":{"start":{"line":99,"column":48},"end":{"line":102,"column":1}}},"9":{"name":"getExactConjugationMatches","decl":{"start":{"line":104,"column":16},"end":{"line":104,"column":42}},"loc":{"start":{"line":104,"column":66},"end":{"line":107,"column":1}}},"10":{"name":"(anonymous_11)","decl":{"start":{"line":106,"column":38},"end":{"line":106,"column":39}},"loc":{"start":{"line":106,"column":45},"end":{"line":106,"column":81}}}},"branchMap":{"0":{"loc":{"start":{"line":58,"column":2},"end":{"line":58,"column":48}},"type":"if","locations":[{"start":{"line":58,"column":2},"end":{"line":58,"column":48}},{"start":{},"end":{}}]},"1":{"loc":{"start":{"line":64,"column":8},"end":{"line":74,"column":9}},"type":"if","locations":[{"start":{"line":64,"column":8},"end":{"line":74,"column":9}},{"start":{},"end":{}}]},"2":{"loc":{"start":{"line":64,"column":12},"end":{"line":64,"column":41}},"type":"binary-expr","locations":[{"start":{"line":64,"column":12},"end":{"line":64,"column":23}},{"start":{"line":64,"column":27},"end":{"line":64,"column":41}}]},"3":{"loc":{"start":{"line":83,"column":2},"end":{"line":83,"column":32}},"type":"if","locations":[{"start":{"line":83,"column":2},"end":{"line":83,"column":32}},{"start":{},"end":{}}]},"4":{"loc":{"start":{"line":100,"column":2},"end":{"line":100,"column":55}},"type":"if","locations":[{"start":{"line":100,"column":2},"end":{"line":100,"column":55}},{"start":{},"end":{}}]},"5":{"loc":{"start":{"line":105,"column":2},"end":{"line":105,"column":44}},"type":"if","locations":[{"start":{"line":105,"column":2},"end":{"line":105,"column":44}},{"start":{},"end":{}}]}},"s":{"0":1,"1":1,"2":1,"3":1,"4":1,"5":1,"6":1,"7":1,"8":2024,"9":1,"10":1010,"11":1,"12":1,"13":1,"14":0,"15":0,"16":0,"17":0,"18":0,"19":0,"20":0,"21":0,"22":0,"23":0,"24":0,"25":0,"26":0,"27":0,"28":0,"29":0,"30":0,"31":0,"32":0,"33":0,"34":0,"35":0,"36":0,"37":0},"f":{"0":2024,"1":1010,"2":0,"3":0,"4":0,"5":0,"6":0,"7":0,"8":0,"9":0,"10":0},"b":{"0":[0,0],"1":[0,0],"2":[0,0],"3":[0,0],"4":[0,0],"5":[0,0]}}
}
