TN:
SF:src/store/favoritesStore.ts
FN:13,(anonymous_1)
FN:17,(anonymous_2)
FN:31,(anonymous_3)
FN:34,(anonymous_4)
FN:40,(anonymous_5)
FNF:5
FNH:0
FNDA:0,(anonymous_1)
FNDA:0,(anonymous_2)
FNDA:0,(anonymous_3)
FNDA:0,(anonymous_4)
FNDA:0,(anonymous_5)
DA:1,0
DA:2,0
DA:3,0
DA:13,0
DA:18,0
DA:19,0
DA:20,0
DA:21,0
DA:23,0
DA:26,0
DA:27,0
DA:32,0
DA:33,0
DA:34,0
DA:36,0
DA:37,0
DA:41,0
LF:17
LH:0
BRDA:20,0,0,0
BRDA:20,0,1,0
BRDA:33,1,0,0
BRDA:33,1,1,0
BRF:4
BRH:0
end_of_record
TN:
SF:src/store/flashcardSessionStore.ts
FN:21,getTodayKey
FN:29,enqueueOperation
FN:30,(anonymous_3)
FN:31,(anonymous_4)
FN:35,(anonymous_5)
FN:40,(anonymous_6)
FN:44,(anonymous_7)
FN:65,(anonymous_8)
FN:80,(anonymous_9)
FN:87,(anonymous_10)
FN:95,(anonymous_11)
FN:98,(anonymous_12)
FN:120,(anonymous_13)
FN:121,(anonymous_14)
FN:129,__resetFlashcardSessionStoreForTests
FNF:15
FNH:10
FNDA:3,getTodayKey
FNDA:5,enqueueOperation
FNDA:0,(anonymous_3)
FNDA:0,(anonymous_4)
FNDA:1,(anonymous_5)
FNDA:3,(anonymous_6)
FNDA:2,(anonymous_7)
FNDA:0,(anonymous_8)
FNDA:2,(anonymous_9)
FNDA:4,(anonymous_10)
FNDA:3,(anonymous_11)
FNDA:3,(anonymous_12)
FNDA:0,(anonymous_13)
FNDA:0,(anonymous_14)
FNDA:7,__resetFlashcardSessionStoreForTests
DA:1,1
DA:2,1
DA:3,1
DA:4,1
DA:22,3
DA:26,1
DA:27,1
DA:30,5
DA:31,5
DA:32,5
DA:35,1
DA:41,3
DA:42,3
DA:43,2
DA:44,2
DA:45,2
DA:46,2
DA:47,2
DA:48,1
DA:49,1
DA:52,1
DA:53,1
DA:54,1
DA:55,1
DA:56,1
DA:57,1
DA:58,0
DA:59,0
DA:60,0
DA:62,1
DA:65,1
DA:66,1
DA:67,1
DA:68,0
DA:71,0
DA:76,1
DA:77,1
DA:80,2
DA:81,2
DA:83,2
DA:84,2
DA:88,4
DA:89,2
DA:91,4
DA:92,1
DA:95,3
DA:96,3
DA:97,3
DA:98,3
DA:101,3
DA:102,3
DA:103,3
DA:109,0
DA:112,3
DA:113,3
DA:114,0
DA:116,3
DA:121,0
DA:122,0
DA:123,0
DA:124,0
DA:129,1
DA:130,7
DA:131,7
DA:132,7
LF:65
LH:54
BRDA:41,0,0,0
BRDA:41,0,1,3
BRDA:42,1,0,1
BRDA:42,1,1,2
BRDA:45,2,0,0
BRDA:45,2,1,2
BRDA:48,3,0,1
BRDA:48,3,1,0
BRDA:55,4,0,0
BRDA:55,4,1,1
BRDA:56,5,0,1
BRDA:56,5,1,0
BRDA:57,6,0,0
BRDA:57,6,1,1
BRDA:67,7,0,0
BRDA:67,7,1,1
BRDA:81,8,0,2
BRDA:81,8,1,0
BRDA:88,9,0,2
BRDA:88,9,1,2
BRDA:91,10,0,1
BRDA:91,10,1,3
BRDA:101,11,0,3
BRDA:101,11,1,0
BRDA:113,12,0,0
BRDA:113,12,1,3
BRF:26
BRH:16
end_of_record
TN:
SF:src/store/historyStore.ts
FN:15,(anonymous_1)
FN:19,(anonymous_2)
FN:33,(anonymous_3)
FN:34,(anonymous_4)
FN:40,(anonymous_5)
FN:41,(anonymous_6)
FN:46,(anonymous_7)
FNF:7
FNH:0
FNDA:0,(anonymous_1)
FNDA:0,(anonymous_2)
FNDA:0,(anonymous_3)
FNDA:0,(anonymous_4)
FNDA:0,(anonymous_5)
FNDA:0,(anonymous_6)
FNDA:0,(anonymous_7)
DA:1,0
DA:2,0
DA:3,0
DA:4,0
DA:15,0
DA:20,0
DA:21,0
DA:22,0
DA:23,0
DA:25,0
DA:28,0
DA:29,0
DA:34,0
DA:35,0
DA:36,0
DA:37,0
DA:41,0
DA:42,0
DA:43,0
DA:47,0
DA:48,0
LF:21
LH:0
BRDA:22,0,0,0
BRDA:22,0,1,0
BRF:2
BRH:0
end_of_record
TN:
SF:src/store/practiceSettingsStore.ts
FN:27,(anonymous_1)
FN:32,(anonymous_2)
FN:51,(anonymous_3)
FN:57,(anonymous_4)
FN:63,(anonymous_5)
FN:68,(anonymous_6)
FN:76,(anonymous_7)
FN:81,(anonymous_8)
FN:90,persistSettings
FNF:9
FNH:0
FNDA:0,(anonymous_1)
FNDA:0,(anonymous_2)
FNDA:0,(anonymous_3)
FNDA:0,(anonymous_4)
FNDA:0,(anonymous_5)
FNDA:0,(anonymous_6)
FNDA:0,(anonymous_7)
FNDA:0,(anonymous_8)
FNDA:0,persistSettings
DA:1,0
DA:2,0
DA:3,0
DA:17,0
DA:25,0
DA:27,0
DA:33,0
DA:34,0
DA:35,0
DA:36,0
DA:37,0
DA:43,0
DA:46,0
DA:47,0
DA:52,0
DA:53,0
DA:54,0
DA:58,0
DA:59,0
DA:60,0
DA:64,0
DA:66,0
DA:67,0
DA:68,0
DA:70,0
DA:72,0
DA:73,0
DA:77,0
DA:79,0
DA:80,0
DA:81,0
DA:83,0
DA:85,0
DA:86,0
DA:91,0
DA:92,0
DA:93,0
DA:94,0
DA:95,0
DA:97,0
DA:101,0
LF:41
LH:0
BRDA:35,0,0,0
BRDA:35,0,1,0
BRDA:38,1,0,0
BRDA:38,1,1,0
BRDA:39,2,0,0
BRDA:39,2,1,0
BRDA:52,3,0,0
BRDA:52,3,1,0
BRDA:58,4,0,0
BRDA:58,4,1,0
BRDA:66,5,0,0
BRDA:66,5,1,0
BRDA:67,6,0,0
BRDA:67,6,1,0
BRDA:79,7,0,0
BRDA:79,7,1,0
BRDA:80,8,0,0
BRDA:80,8,1,0
BRDA:93,9,0,0
BRDA:93,9,1,0
BRF:20
BRH:0
end_of_record
TN:
SF:src/store/quizStore.ts
FN:21,enqueueOperation
FN:22,(anonymous_2)
FN:23,(anonymous_3)
FN:27,(anonymous_4)
FN:34,(anonymous_5)
FN:38,(anonymous_6)
FN:56,(anonymous_7)
FN:63,(anonymous_8)
FN:73,(anonymous_9)
FN:92,(anonymous_10)
FN:93,(anonymous_11)
FN:101,__resetQuizStoreForTests
FNF:12
FNH:8
FNDA:7,enqueueOperation
FNDA:0,(anonymous_2)
FNDA:0,(anonymous_3)
FNDA:1,(anonymous_4)
FNDA:5,(anonymous_5)
FNDA:4,(anonymous_6)
FNDA:4,(anonymous_7)
FNDA:5,(anonymous_8)
FNDA:3,(anonymous_9)
FNDA:0,(anonymous_10)
FNDA:0,(anonymous_11)
FNDA:8,__resetQuizStoreForTests
DA:1,1
DA:2,1
DA:3,1
DA:18,1
DA:19,1
DA:22,7
DA:23,7
DA:24,7
DA:27,1
DA:35,5
DA:36,5
DA:37,4
DA:38,4
DA:39,4
DA:40,4
DA:41,4
DA:42,2
DA:43,2
DA:44,2
DA:46,0
DA:52,2
DA:53,2
DA:56,4
DA:57,4
DA:59,4
DA:60,4
DA:64,5
DA:65,4
DA:67,5
DA:70,2
DA:71,2
DA:73,3
DA:74,3
DA:75,3
DA:80,3
DA:81,3
DA:85,1
DA:86,1
DA:88,2
DA:93,0
DA:94,0
DA:95,0
DA:96,0
DA:101,1
DA:102,8
DA:103,8
DA:104,8
LF:47
LH:42
BRDA:35,0,0,0
BRDA:35,0,1,5
BRDA:36,1,0,1
BRDA:36,1,1,4
BRDA:39,2,0,0
BRDA:39,2,1,4
BRDA:42,3,0,2
BRDA:42,3,1,0
BRDA:57,4,0,4
BRDA:57,4,1,0
BRDA:64,5,0,4
BRDA:64,5,1,1
BRDA:67,6,0,2
BRDA:67,6,1,3
BRDA:77,7,0,2
BRDA:77,7,1,1
BRDA:81,8,0,1
BRDA:81,8,1,2
BRF:18
BRH:14
end_of_record
TN:
SF:src/store/sessionStore.ts
FN:22,getTodayKey
FN:30,enqueueOperation
FN:31,(anonymous_3)
FN:32,(anonymous_4)
FN:36,(anonymous_5)
FN:41,(anonymous_6)
FN:45,(anonymous_7)
FN:67,(anonymous_8)
FN:83,(anonymous_9)
FN:90,(anonymous_10)
FN:98,(anonymous_11)
FN:101,(anonymous_12)
FN:126,(anonymous_13)
FN:127,(anonymous_14)
FN:135,__resetSessionStoreForTests
FNF:15
FNH:10
FNDA:4,getTodayKey
FNDA:8,enqueueOperation
FNDA:0,(anonymous_3)
FNDA:0,(anonymous_4)
FNDA:1,(anonymous_5)
FNDA:5,(anonymous_6)
FNDA:4,(anonymous_7)
FNDA:0,(anonymous_8)
FNDA:4,(anonymous_9)
FNDA:6,(anonymous_10)
FNDA:4,(anonymous_11)
FNDA:4,(anonymous_12)
FNDA:0,(anonymous_13)
FNDA:0,(anonymous_14)
FNDA:7,__resetSessionStoreForTests
DA:1,1
DA:2,1
DA:3,1
DA:4,1
DA:23,4
DA:27,1
DA:28,1
DA:31,8
DA:32,8
DA:33,8
DA:36,1
DA:42,5
DA:43,5
DA:44,4
DA:45,4
DA:46,4
DA:47,4
DA:48,4
DA:49,2
DA:50,2
DA:53,2
DA:54,2
DA:55,2
DA:56,2
DA:57,2
DA:58,2
DA:59,0
DA:60,0
DA:61,0
DA:62,0
DA:64,2
DA:67,2
DA:68,2
DA:69,2
DA:70,0
DA:73,0
DA:79,2
DA:80,2
DA:83,4
DA:84,4
DA:86,4
DA:87,4
DA:91,6
DA:92,4
DA:94,6
DA:95,2
DA:98,4
DA:99,4
DA:100,4
DA:101,4
DA:104,4
DA:106,4
DA:107,4
DA:115,0
DA:118,4
DA:119,4
DA:120,0
DA:122,4
DA:127,0
DA:128,0
DA:129,0
DA:130,0
DA:135,1
DA:136,7
DA:137,7
DA:138,7
LF:66
LH:54
BRDA:42,0,0,0
BRDA:42,0,1,5
BRDA:43,1,0,1
BRDA:43,1,1,4
BRDA:46,2,0,0
BRDA:46,2,1,4
BRDA:49,3,0,2
BRDA:49,3,1,0
BRDA:56,4,0,0
BRDA:56,4,1,2
BRDA:57,5,0,2
BRDA:57,5,1,0
BRDA:58,6,0,0
BRDA:58,6,1,2
BRDA:62,7,0,0
BRDA:62,7,1,0
BRDA:64,8,0,2
BRDA:64,8,1,0
BRDA:69,9,0,0
BRDA:69,9,1,2
BRDA:84,10,0,4
BRDA:84,10,1,0
BRDA:91,11,0,4
BRDA:91,11,1,2
BRDA:94,12,0,2
BRDA:94,12,1,4
BRDA:104,13,0,4
BRDA:104,13,1,0
BRDA:119,14,0,0
BRDA:119,14,1,4
BRF:30
BRH:17
end_of_record
TN:
SF:src/store/spacedRepStore.ts
FN:27,buildPromptKey
FN:31,getStoredWeight
FN:41,applyPromptResult
FN:68,enqueueOperation
FN:69,(anonymous_5)
FN:70,(anonymous_6)
FN:74,(anonymous_7)
FN:79,(anonymous_8)
FN:83,(anonymous_9)
FN:99,(anonymous_10)
FN:106,(anonymous_11)
FN:115,(anonymous_12)
FN:127,(anonymous_13)
FN:131,(anonymous_14)
FN:132,(anonymous_15)
FN:140,__resetSpacedRepStoreForTests
FNF:16
FNH:11
FNDA:15,buildPromptKey
FNDA:7,getStoredWeight
FNDA:4,applyPromptResult
FNDA:7,enqueueOperation
FNDA:0,(anonymous_5)
FNDA:0,(anonymous_6)
FNDA:2,(anonymous_7)
FNDA:5,(anonymous_8)
FNDA:4,(anonymous_9)
FNDA:4,(anonymous_10)
FNDA:5,(anonymous_11)
FNDA:3,(anonymous_12)
FNDA:0,(anonymous_13)
FNDA:0,(anonymous_14)
FNDA:0,(anonymous_15)
FNDA:8,__resetSpacedRepStoreForTests
DA:1,2
DA:2,2
DA:3,2
DA:22,2
DA:23,2
DA:24,2
DA:25,2
DA:27,2
DA:28,15
DA:31,2
DA:37,7
DA:38,7
DA:41,2
DA:48,4
DA:49,4
DA:50,4
DA:52,4
DA:58,4
DA:60,4
DA:65,2
DA:66,2
DA:69,7
DA:70,7
DA:71,7
DA:74,2
DA:80,5
DA:81,5
DA:82,4
DA:83,4
DA:84,4
DA:85,4
DA:86,4
DA:87,2
DA:88,2
DA:90,0
DA:95,2
DA:96,2
DA:99,4
DA:100,4
DA:102,4
DA:103,4
DA:107,5
DA:108,4
DA:110,5
DA:112,2
DA:113,2
DA:115,3
DA:116,3
DA:117,3
DA:118,3
DA:120,1
DA:121,1
DA:123,2
DA:128,0
DA:132,0
DA:133,0
DA:134,0
DA:135,0
DA:140,2
DA:141,8
DA:142,8
DA:143,8
LF:62
LH:56
BRDA:38,0,0,7
BRDA:38,0,1,6
BRDA:38,0,2,0
BRDA:52,1,0,0
BRDA:52,1,1,4
BRDA:80,2,0,0
BRDA:80,2,1,5
BRDA:81,3,0,1
BRDA:81,3,1,4
BRDA:84,4,0,0
BRDA:84,4,1,4
BRDA:87,5,0,2
BRDA:87,5,1,0
BRDA:100,6,0,4
BRDA:100,6,1,0
BRDA:107,7,0,4
BRDA:107,7,1,1
BRDA:110,8,0,2
BRDA:110,8,1,3
BRDA:118,9,0,1
BRDA:118,9,1,2
BRF:21
BRH:15
end_of_record
TN:
SF:src/store/themeStore.ts
FN:16,(anonymous_1)
FN:22,(anonymous_2)
FN:39,(anonymous_3)
FN:45,(anonymous_4)
FN:51,(anonymous_5)
FNF:5
FNH:0
FNDA:0,(anonymous_1)
FNDA:0,(anonymous_2)
FNDA:0,(anonymous_3)
FNDA:0,(anonymous_4)
FNDA:0,(anonymous_5)
DA:1,0
DA:2,0
DA:3,0
DA:16,0
DA:23,0
DA:24,0
DA:25,0
DA:26,0
DA:27,0
DA:34,0
DA:35,0
DA:40,0
DA:41,0
DA:42,0
DA:46,0
DA:47,0
DA:48,0
DA:52,0
DA:53,0
DA:54,0
LF:20
LH:0
BRDA:42,0,0,0
BRDA:42,0,1,0
BRDA:48,1,0,0
BRDA:48,1,1,0
BRDA:54,2,0,0
BRDA:54,2,1,0
BRF:6
BRH:0
end_of_record
TN:
SF:src/utils/appMeta.ts
FNF:0
FNH:0
DA:1,0
DA:3,0
DA:5,0
DA:6,0
DA:7,0
DA:8,0
DA:9,0
DA:10,0
DA:11,0
LF:9
LH:0
BRF:0
BRH:0
end_of_record
TN:
SF:src/utils/conjugate.ts
FN:130,getIrregularParticiple
FN:178,applyStemChange
FN:281,getPastParticiple
FN:288,getGerund
FN:312,makeResult
FN:316,accentLastVowel
FN:335,removeAccents
FN:344,(anonymous_7)
FN:347,getAffirmativeVosotrosForm
FN:355,tryOverrides
FN:358,(anonymous_10)
FN:368,(anonymous_11)
FN:376,(anonymous_12)
FN:386,tryIrregularFutureConditional
FN:394,tryIrregularPreterite
FN:403,tryYoGo
FN:430,tryYoZco
FN:453,trySpellingChangePreterite
FN:459,(anonymous_18)
FN:475,(anonymous_19)
FN:586,tryUirVerb
FN:614,trySubjunctiveImperfect
FN:642,applyStemChanges
FN:701,conjugateSimple
FN:718,(anonymous_24)
FN:761,conjugate
FN:776,(anonymous_26)
FN:785,(anonymous_27)
FNF:28
FNH:28
FNDA:10139,getIrregularParticiple
FNDA:4642,applyStemChange
FNDA:10139,getPastParticiple
FNDA:6091,getGerund
FNDA:110124,makeResult
FNDA:2026,accentLastVowel
FNDA:23580,removeAccents
FNDA:78,(anonymous_7)
FNDA:2037,getAffirmativeVosotrosForm
FNDA:18354,tryOverrides
FNDA:1482,(anonymous_10)
FNDA:372,(anonymous_11)
FNDA:384,(anonymous_12)
FNDA:107886,tryIrregularFutureConditional
FNDA:107196,tryIrregularPreterite
FNDA:106758,tryYoGo
FNDA:106175,tryYoZco
FNDA:92414,trySpellingChangePreterite
FNDA:19380,(anonymous_18)
FNDA:4456,(anonymous_19)
FNDA:86926,tryUirVerb
FNDA:104570,trySubjunctiveImperfect
FNDA:86065,applyStemChanges
FNDA:18354,conjugateSimple
FNDA:107886,(anonymous_24)
FNDA:32533,conjugate
FNDA:48528,(anonymous_26)
FNDA:24240,(anonymous_27)
DA:1,3
DA:5,3
DA:55,3
DA:64,3
DA:74,3
DA:131,10139
DA:136,3
DA:174,3
DA:176,3
DA:182,4642
DA:189,4642
DA:191,4642
DA:192,4642
DA:193,4586
DA:218,3
DA:237,3
DA:256,3
DA:282,10139
DA:283,10139
DA:284,9778
DA:285,9778
DA:289,6091
DA:290,181
DA:293,5910
DA:294,114
DA:296,5796
DA:297,5796
DA:313,110124
DA:317,2026
DA:325,2026
DA:326,2026
DA:327,2026
DA:328,2026
DA:332,0
DA:336,23580
DA:344,23580
DA:348,2037
DA:349,7
DA:351,2030
DA:356,18354
DA:357,18354
DA:358,247
DA:359,1482
DA:364,18107
DA:365,18107
DA:367,62
DA:368,62
DA:369,372
DA:370,310
DA:371,252
DA:372,190
DA:375,18045
DA:376,64
DA:377,384
DA:378,320
DA:382,17981
DA:387,107886
DA:388,690
DA:390,107196
DA:395,107196
DA:396,438
DA:397,438
DA:399,106758
DA:404,106758
DA:405,1494
DA:406,1494
DA:407,43
DA:410,1451
DA:411,228
DA:414,228
DA:417,1223
DA:418,117
DA:419,117
DA:422,1106
DA:423,195
DA:424,195
DA:426,911
DA:431,106175
DA:432,5640
DA:433,5640
DA:434,107
DA:436,5533
DA:437,642
DA:440,4891
DA:441,321
DA:442,321
DA:445,4570
DA:446,535
DA:447,535
DA:449,4035
DA:454,92414
DA:455,19380
DA:456,19380
DA:459,19380
DA:460,19380
DA:461,5286
DA:462,3684
DA:463,6252
DA:464,414
DA:465,402
DA:466,876
DA:467,516
DA:468,1950
DA:472,19380
DA:473,19380
DA:475,17430
DA:476,4456
DA:477,4456
DA:478,211
DA:479,4245
DA:480,0
DA:483,4456
DA:485,1540
DA:487,1090
DA:489,1826
DA:491,0
DA:496,17430
DA:497,363
DA:498,111
DA:499,77
DA:500,131
DA:505,17111
DA:506,364
DA:507,48
DA:508,48
DA:509,16
DA:511,48
DA:516,17063
DA:517,2202
DA:518,1920
DA:519,1920
DA:520,0
DA:522,1920
DA:525,282
DA:526,282
DA:528,282
DA:529,64
DA:532,282
DA:533,26
DA:535,282
DA:539,14861
DA:540,1104
DA:541,951
DA:542,951
DA:543,951
DA:544,0
DA:546,951
DA:548,153
DA:549,153
DA:550,153
DA:551,40
DA:554,153
DA:555,15
DA:557,153
DA:561,13757
DA:562,1815
DA:563,1585
DA:564,1585
DA:565,1585
DA:566,0
DA:568,1585
DA:570,230
DA:571,230
DA:572,230
DA:573,45
DA:576,230
DA:577,26
DA:579,230
DA:582,11942
DA:587,86926
DA:588,1950
DA:589,1950
DA:590,164
DA:592,1786
DA:593,82
DA:596,1704
DA:597,164
DA:598,164
DA:601,1540
DA:602,205
DA:603,205
DA:606,1335
DA:607,246
DA:608,246
DA:610,1089
DA:615,104570
DA:617,12156
DA:619,12156
DA:621,12156
DA:622,240
DA:623,11916
DA:624,432
DA:627,11484
DA:628,252
DA:630,11232
DA:631,11232
DA:632,456
DA:634,11232
DA:637,12156
DA:638,12156
DA:643,86065
DA:646,86065
DA:647,1526
DA:648,1004
DA:653,85061
DA:654,1368
DA:655,652
DA:658,716
DA:659,64
DA:664,84345
DA:665,1229
DA:666,839
DA:669,390
DA:670,128
DA:675,83378
DA:676,498
DA:677,166
DA:682,83212
DA:683,1140
DA:684,760
DA:686,380
DA:687,130
DA:692,82322
DA:693,0
DA:694,0
DA:698,82322
DA:706,18354
DA:707,18354
DA:708,18354
DA:709,18354
DA:714,18354
DA:715,18354
DA:718,17981
DA:719,107886
DA:722,107886
DA:723,107886
DA:725,107196
DA:726,107196
DA:728,106758
DA:729,106758
DA:731,106175
DA:732,106175
DA:734,104570
DA:735,104570
DA:737,92414
DA:738,92414
DA:740,86926
DA:741,86926
DA:744,86065
DA:745,86065
DA:748,86065
DA:751,86065
DA:755,86065
DA:761,3
DA:766,32533
DA:767,2051
DA:773,30482
DA:774,8088
DA:775,8088
DA:776,48528
DA:782,22394
DA:783,4040
DA:784,4040
DA:785,24240
DA:791,18354
LF:265
LH:257
BRDA:131,0,0,10139
BRDA:131,0,1,9778
BRDA:192,1,0,56
BRDA:192,1,1,4586
BRDA:283,2,0,361
BRDA:283,2,1,9778
BRDA:285,3,0,6827
BRDA:285,3,1,2951
BRDA:289,4,0,181
BRDA:289,4,1,5910
BRDA:293,5,0,114
BRDA:293,5,1,5796
BRDA:297,6,0,4094
BRDA:297,6,1,1702
BRDA:327,7,0,2026
BRDA:327,7,1,0
BRDA:344,8,0,78
BRDA:344,8,1,0
BRDA:348,9,0,7
BRDA:348,9,1,2030
BRDA:348,10,0,2037
BRDA:348,10,1,351
BRDA:356,11,0,18354
BRDA:356,11,1,18107
BRDA:357,12,0,247
BRDA:357,12,1,18107
BRDA:359,13,0,1482
BRDA:359,13,1,72
BRDA:364,14,0,18107
BRDA:364,14,1,17689
BRDA:365,15,0,62
BRDA:365,15,1,18045
BRDA:365,16,0,18107
BRDA:365,16,1,418
BRDA:369,17,0,62
BRDA:369,17,1,310
BRDA:370,18,0,58
BRDA:370,18,1,252
BRDA:370,19,0,310
BRDA:370,19,1,62
BRDA:371,20,0,62
BRDA:371,20,1,190
BRDA:375,21,0,64
BRDA:375,21,1,17981
BRDA:375,22,0,18045
BRDA:375,22,1,356
BRDA:377,23,0,64
BRDA:377,23,1,320
BRDA:387,24,0,690
BRDA:387,24,1,107196
BRDA:387,25,0,107886
BRDA:387,25,1,95724
BRDA:387,25,2,24270
BRDA:395,26,0,438
BRDA:395,26,1,106758
BRDA:395,27,0,107196
BRDA:395,27,1,11994
BRDA:404,28,0,105264
BRDA:404,28,1,1494
BRDA:406,29,0,43
BRDA:406,29,1,1451
BRDA:406,30,0,1494
BRDA:406,30,1,258
BRDA:410,31,0,228
BRDA:410,31,1,1223
BRDA:411,32,0,0
BRDA:411,32,1,228
BRDA:417,33,0,117
BRDA:417,33,1,1106
BRDA:417,34,0,1223
BRDA:417,34,1,234
BRDA:422,35,0,195
BRDA:422,35,1,911
BRDA:422,36,0,1106
BRDA:422,36,1,234
BRDA:431,37,0,100535
BRDA:431,37,1,5640
BRDA:433,38,0,107
BRDA:433,38,1,5533
BRDA:433,39,0,5640
BRDA:433,39,1,642
BRDA:436,40,0,642
BRDA:436,40,1,4891
BRDA:440,41,0,321
BRDA:440,41,1,4570
BRDA:440,42,0,4891
BRDA:440,42,1,642
BRDA:445,43,0,535
BRDA:445,43,1,4035
BRDA:445,44,0,4570
BRDA:445,44,1,642
BRDA:454,45,0,73034
BRDA:454,45,1,19380
BRDA:456,46,0,19380
BRDA:456,46,1,14094
BRDA:456,46,2,10410
BRDA:460,47,0,5286
BRDA:460,47,1,3684
BRDA:460,47,2,6252
BRDA:460,47,3,414
BRDA:460,47,4,402
BRDA:460,47,5,876
BRDA:460,47,6,516
BRDA:460,47,7,1950
BRDA:473,48,0,1950
BRDA:473,48,1,17430
BRDA:477,49,0,211
BRDA:477,49,1,4245
BRDA:477,50,0,4456
BRDA:477,50,1,2865
BRDA:479,51,0,0
BRDA:479,51,1,4245
BRDA:479,52,0,4245
BRDA:479,52,1,0
BRDA:483,53,0,1540
BRDA:483,53,1,1090
BRDA:483,53,2,1826
BRDA:483,53,3,0
BRDA:496,54,0,363
BRDA:496,54,1,17067
BRDA:496,55,0,17430
BRDA:496,55,1,2178
BRDA:497,56,0,111
BRDA:497,56,1,77
BRDA:497,56,2,131
BRDA:505,57,0,364
BRDA:505,57,1,16747
BRDA:505,58,0,17111
BRDA:505,58,1,2184
BRDA:506,59,0,48
BRDA:506,59,1,316
BRDA:506,60,0,364
BRDA:506,60,1,355
BRDA:506,60,2,346
BRDA:506,60,3,327
BRDA:508,61,0,16
BRDA:508,61,1,32
BRDA:516,62,0,2202
BRDA:516,62,1,14861
BRDA:517,63,0,1920
BRDA:517,63,1,282
BRDA:519,64,0,0
BRDA:519,64,1,1920
BRDA:519,65,0,1920
BRDA:519,65,1,0
BRDA:519,65,2,0
BRDA:519,65,3,0
BRDA:528,66,0,64
BRDA:528,66,1,218
BRDA:528,67,0,282
BRDA:528,67,1,96
BRDA:532,68,0,26
BRDA:532,68,1,256
BRDA:532,69,0,282
BRDA:532,69,1,180
BRDA:532,69,2,78
BRDA:532,69,3,65
BRDA:539,70,0,1104
BRDA:539,70,1,13757
BRDA:539,71,0,14861
BRDA:539,71,1,2208
BRDA:540,72,0,951
BRDA:540,72,1,153
BRDA:543,73,0,0
BRDA:543,73,1,951
BRDA:543,74,0,951
BRDA:543,74,1,0
BRDA:543,74,2,0
BRDA:550,75,0,40
BRDA:550,75,1,113
BRDA:550,76,0,153
BRDA:550,76,1,60
BRDA:554,77,0,15
BRDA:554,77,1,138
BRDA:554,78,0,153
BRDA:554,78,1,93
BRDA:554,78,2,45
BRDA:561,79,0,1815
BRDA:561,79,1,11942
BRDA:561,80,0,13757
BRDA:561,80,1,2178
BRDA:562,81,0,1585
BRDA:562,81,1,230
BRDA:565,82,0,0
BRDA:565,82,1,1585
BRDA:565,83,0,1585
BRDA:565,83,1,0
BRDA:565,83,2,0
BRDA:565,83,3,0
BRDA:572,84,0,45
BRDA:572,84,1,185
BRDA:572,85,0,230
BRDA:572,85,1,75
BRDA:576,86,0,26
BRDA:576,86,1,204
BRDA:576,87,0,230
BRDA:576,87,1,145
BRDA:576,87,2,65
BRDA:576,87,3,52
BRDA:587,88,0,84976
BRDA:587,88,1,1950
BRDA:589,89,0,164
BRDA:589,89,1,1786
BRDA:589,90,0,1950
BRDA:589,90,1,246
BRDA:592,91,0,82
BRDA:592,91,1,1704
BRDA:592,92,0,1786
BRDA:592,92,1,246
BRDA:593,93,0,41
BRDA:593,93,1,41
BRDA:596,94,0,164
BRDA:596,94,1,1540
BRDA:596,95,0,1704
BRDA:596,95,1,246
BRDA:596,95,2,205
BRDA:601,96,0,205
BRDA:601,96,1,1335
BRDA:601,97,0,1540
BRDA:601,97,1,246
BRDA:606,98,0,246
BRDA:606,98,1,1089
BRDA:615,99,0,92414
BRDA:615,99,1,12156
BRDA:619,100,0,12156
BRDA:619,100,1,11916
BRDA:621,101,0,240
BRDA:621,101,1,11916
BRDA:623,102,0,432
BRDA:623,102,1,11484
BRDA:624,103,0,192
BRDA:624,103,1,240
BRDA:627,104,0,252
BRDA:627,104,1,11232
BRDA:631,105,0,456
BRDA:631,105,1,10776
BRDA:631,106,0,11232
BRDA:631,106,1,1614
BRDA:634,107,0,8142
BRDA:634,107,1,3090
BRDA:637,108,0,2026
BRDA:637,108,1,10130
BRDA:646,109,0,1526
BRDA:646,109,1,84539
BRDA:646,110,0,86065
BRDA:646,110,1,11572
BRDA:647,111,0,1004
BRDA:647,111,1,522
BRDA:653,112,0,1368
BRDA:653,112,1,83693
BRDA:653,113,0,85061
BRDA:653,113,1,10144
BRDA:654,114,0,652
BRDA:654,114,1,716
BRDA:654,115,0,1368
BRDA:654,115,1,1108
BRDA:654,115,2,912
BRDA:658,116,0,64
BRDA:658,116,1,652
BRDA:658,117,0,716
BRDA:658,117,1,242
BRDA:658,117,2,222
BRDA:664,118,0,1229
BRDA:664,118,1,83116
BRDA:664,119,0,84345
BRDA:664,119,1,9058
BRDA:665,120,0,839
BRDA:665,120,1,390
BRDA:669,121,0,128
BRDA:669,121,1,262
BRDA:669,122,0,390
BRDA:669,122,1,136
BRDA:669,122,2,128
BRDA:669,122,3,64
BRDA:675,123,0,498
BRDA:675,123,1,82880
BRDA:675,124,0,83378
BRDA:675,124,1,11155
BRDA:676,125,0,166
BRDA:676,125,1,332
BRDA:682,126,0,1140
BRDA:682,126,1,82072
BRDA:682,127,0,83212
BRDA:682,127,1,8478
BRDA:683,128,0,760
BRDA:683,128,1,380
BRDA:686,129,0,130
BRDA:686,129,1,250
BRDA:686,130,0,380
BRDA:686,130,1,138
BRDA:686,130,2,130
BRDA:686,130,3,65
BRDA:692,131,0,0
BRDA:692,131,1,82322
BRDA:692,132,0,82322
BRDA:692,132,1,0
BRDA:692,132,2,0
BRDA:693,133,0,0
BRDA:693,133,1,0
BRDA:693,134,0,0
BRDA:693,134,1,0
BRDA:693,134,2,0
BRDA:715,135,0,373
BRDA:715,135,1,17981
BRDA:719,136,0,107886
BRDA:719,136,1,23658
BRDA:723,137,0,690
BRDA:723,137,1,107196
BRDA:726,138,0,438
BRDA:726,138,1,106758
BRDA:729,139,0,583
BRDA:729,139,1,106175
BRDA:732,140,0,1605
BRDA:732,140,1,104570
BRDA:735,141,0,12156
BRDA:735,141,1,92414
BRDA:738,142,0,5488
BRDA:738,142,1,86926
BRDA:741,143,0,861
BRDA:741,143,1,86065
BRDA:744,144,0,23580
BRDA:744,144,1,62485
BRDA:744,145,0,86065
BRDA:744,145,1,74263
BRDA:748,146,0,1975
BRDA:748,146,1,84090
BRDA:748,147,0,86065
BRDA:748,147,1,10144
BRDA:751,148,0,7090
BRDA:751,148,1,78975
BRDA:751,149,0,86065
BRDA:751,149,1,19202
BRDA:751,149,2,9058
BRDA:766,150,0,2051
BRDA:766,150,1,30482
BRDA:773,151,0,8088
BRDA:773,151,1,22394
BRDA:782,152,0,4040
BRDA:782,152,1,18354
BRF:339
BRH:314
end_of_record
TN:
SF:src/utils/constants.ts
FNF:0
FNH:0
DA:1,2
DA:2,2
DA:6,2
DA:7,2
DA:8,2
DA:11,2
DA:12,2
DA:15,2
DA:16,2
DA:19,2
DA:22,2
LF:11
LH:11
BRF:0
BRH:0
end_of_record
TN:
SF:src/utils/iapLifecycle.ts
FN:7,clearEndTimer
FN:14,retainIapConnection
FN:19,hasPendingIapEnd
FN:23,waitForPendingIapEnd
FN:29,releaseIapConnection
FN:34,(anonymous_5)
FN:39,(anonymous_6)
FN:40,(anonymous_7)
FN:41,(anonymous_8)
FN:43,(anonymous_9)
FN:52,__resetIapLifecycleForTests
FNF:11
FNH:10
FNDA:9,clearEndTimer
FNDA:3,retainIapConnection
FNDA:2,hasPendingIapEnd
FNDA:1,waitForPendingIapEnd
FNDA:2,releaseIapConnection
FNDA:1,(anonymous_5)
FNDA:1,(anonymous_6)
FNDA:1,(anonymous_7)
FNDA:0,(anonymous_8)
FNDA:1,(anonymous_9)
FNDA:4,__resetIapLifecycleForTests
DA:3,2
DA:4,2
DA:5,2
DA:8,9
DA:9,1
DA:10,1
DA:14,2
DA:15,3
DA:16,3
DA:19,2
DA:20,2
DA:23,2
DA:24,1
DA:25,1
DA:29,2
DA:30,2
DA:31,2
DA:33,2
DA:34,2
DA:35,1
DA:36,1
DA:38,1
DA:39,1
DA:40,1
DA:41,0
DA:43,1
DA:44,1
DA:45,1
DA:48,1
DA:52,2
DA:53,4
DA:54,4
DA:55,4
LF:33
LH:32
BRDA:8,0,0,1
BRDA:8,0,1,8
BRDA:24,1,0,1
BRDA:24,1,1,0
BRDA:29,2,0,0
BRDA:31,3,0,0
BRDA:31,3,1,2
BRDA:31,4,0,2
BRDA:31,4,1,2
BRDA:36,5,0,0
BRDA:36,5,1,1
BRDA:44,6,0,1
BRDA:44,6,1,0
BRF:13
BRH:8
end_of_record
TN:
SF:src/utils/practiceFeedback.ts
FN:17,getPromptMeta
FN:53,summarizeWeakSpot
FN:59,(anonymous_2)
FN:64,(anonymous_3)
FN:65,(anonymous_4)
FNF:5
FNH:0
FNDA:0,getPromptMeta
FNDA:0,summarizeWeakSpot
FNDA:0,(anonymous_2)
FNDA:0,(anonymous_3)
FNDA:0,(anonymous_4)
DA:1,0
DA:3,0
DA:17,0
DA:18,0
DA:19,0
DA:27,0
DA:28,0
DA:36,0
DA:37,0
DA:45,0
DA:53,0
DA:54,0
DA:56,0
DA:57,0
DA:59,0
DA:60,0
DA:61,0
DA:64,0
DA:65,0
DA:67,0
DA:68,0
DA:71,0
DA:72,0
DA:73,0
LF:24
LH:0
BRDA:18,0,0,0
BRDA:18,0,1,0
BRDA:27,1,0,0
BRDA:27,1,1,0
BRDA:36,2,0,0
BRDA:36,2,1,0
BRDA:54,3,0,0
BRDA:54,3,1,0
BRDA:60,4,0,0
BRDA:60,4,1,0
BRDA:61,5,0,0
BRDA:61,5,1,0
BRDA:67,6,0,0
BRDA:67,6,1,0
BRDA:67,7,0,0
BRDA:67,7,1,0
BRDA:67,7,2,0
BRDA:67,7,3,0
BRDA:71,8,0,0
BRDA:71,8,1,0
BRDA:72,9,0,0
BRDA:72,9,1,0
BRDA:72,10,0,0
BRDA:72,10,1,0
BRDA:72,10,2,0
BRF:25
BRH:0
end_of_record
TN:
SF:src/utils/practiceInsights.ts
FN:27,isTense
FN:31,parsePromptWeights
FN:33,(anonymous_2)
FN:48,(anonymous_3)
FN:51,rankGroupedWeights
FN:54,(anonymous_5)
FN:63,(anonymous_6)
FN:68,(anonymous_7)
FN:72,buildPracticeInsights
FN:74,(anonymous_9)
FN:78,(anonymous_10)
FN:80,(anonymous_11)
FN:84,(anonymous_12)
FN:85,(anonymous_13)
FN:86,(anonymous_14)
FNF:15
FNH:0
FNDA:0,isTense
FNDA:0,parsePromptWeights
FNDA:0,(anonymous_2)
FNDA:0,(anonymous_3)
FNDA:0,rankGroupedWeights
FNDA:0,(anonymous_5)
FNDA:0,(anonymous_6)
FNDA:0,(anonymous_7)
FNDA:0,buildPracticeInsights
FNDA:0,(anonymous_9)
FNDA:0,(anonymous_10)
FNDA:0,(anonymous_11)
FNDA:0,(anonymous_12)
FNDA:0,(anonymous_13)
FNDA:0,(anonymous_14)
DA:1,0
DA:2,0
DA:3,0
DA:28,0
DA:31,0
DA:32,0
DA:34,0
DA:35,0
DA:36,0
DA:44,0
DA:46,0
DA:48,0
DA:52,0
DA:54,0
DA:55,0
DA:56,0
DA:57,0
DA:58,0
DA:59,0
DA:62,0
DA:63,0
DA:68,0
DA:72,0
DA:73,0
DA:74,0
DA:76,0
DA:78,0
DA:80,0
DA:84,0
DA:85,0
DA:86,0
LF:31
LH:0
BRDA:36,0,0,0
BRDA:36,0,1,0
BRDA:37,1,0,0
BRDA:37,1,1,0
BRDA:37,1,2,0
BRDA:37,1,3,0
BRDA:37,1,4,0
BRDA:37,1,5,0
BRDA:56,2,0,0
BRDA:56,2,1,0
BRDA:68,3,0,0
BRDA:68,3,1,0
BRDA:68,4,0,0
BRDA:68,4,1,0
BRDA:68,5,0,0
BRDA:68,5,1,0
BRF:16
BRH:0
end_of_record
TN:
SF:src/utils/safeStorage.ts
FN:3,safeSetItem
FN:13,safeRemoveItem
FNF:2
FNH:1
FNDA:13,safeSetItem
FNDA:0,safeRemoveItem
DA:1,3
DA:3,3
DA:4,13
DA:5,13
DA:6,11
DA:8,2
DA:9,2
DA:13,3
DA:14,0
DA:15,0
DA:16,0
DA:18,0
DA:19,0
LF:13
LH:8
BRF:0
BRH:0
end_of_record
TN:
SF:src/utils/screenActivity.ts
FN:7,canRunFocusedScreenEffect
FNF:1
FNH:1
FNDA:4,canRunFocusedScreenEffect
DA:7,1
DA:8,4
LF:2
LH:2
BRDA:8,0,0,4
BRDA:8,0,1,3
BRDA:8,0,2,2
BRF:3
BRH:3
end_of_record
TN:
SF:src/utils/searchDebounce.ts
FN:3,hasSearchText
FN:7,isSearchDebouncePending
FNF:2
FNH:2
FNDA:3,hasSearchText
FNDA:3,isSearchDebouncePending
DA:1,1
DA:3,1
DA:4,3
DA:7,1
DA:8,3
DA:9,2
LF:6
LH:6
BRDA:8,0,0,1
BRDA:8,0,1,2
BRF:2
BRH:2
end_of_record
TN:
SF:src/utils/speech.ts
FN:3,speak
FN:11,stopSpeech
FNF:2
FNH:0
FNDA:0,speak
FNDA:0,stopSpeech
DA:1,0
DA:3,0
DA:4,0
DA:5,0
DA:11,0
DA:12,0
LF:6
LH:0
BRF:0
BRH:0
end_of_record
TN:
SF:src/utils/statsMath.ts
FN:1,hasPositiveCount
FN:5,getAccuracyPercent
FNF:2
FNH:2
FNDA:3,hasPositiveCount
FNDA:2,getAccuracyPercent
DA:1,1
DA:2,3
DA:5,1
DA:6,2
DA:7,1
LF:5
LH:5
BRDA:2,0,0,3
BRDA:2,0,1,3
BRDA:2,0,2,3
BRDA:6,1,0,1
BRDA:6,1,1,1
BRF:5
BRH:5
end_of_record
TN:
SF:src/utils/theme.ts
FN:89,useColors
FN:90,(anonymous_1)
FNF:2
FNH:0
FNDA:0,useColors
FNDA:0,(anonymous_1)
DA:1,0
DA:3,0
DA:44,0
DA:87,0
DA:89,0
DA:90,0
DA:91,0
DA:95,0
DA:97,0
DA:115,0
DA:123,0
LF:11
LH:0
BRDA:91,0,0,0
BRDA:91,0,1,0
BRF:2
BRH:0
end_of_record
TN:
SF:src/utils/tipJar.ts
FN:17,(anonymous_0)
FN:26,nonEmpty
FN:30,getTipTransactionKey
FN:45,useTipJar
FN:52,useTipJarNative
FN:72,(anonymous_5)
FN:81,(anonymous_6)
FN:108,(anonymous_7)
FN:116,(anonymous_8)
FN:129,(anonymous_9)
FN:155,(anonymous_10)
FN:156,(anonymous_11)
FN:168,(anonymous_12)
FN:176,(anonymous_13)
FNF:14
FNH:2
FNDA:0,(anonymous_0)
FNDA:12,nonEmpty
FNDA:5,getTipTransactionKey
FNDA:0,useTipJar
FNDA:0,useTipJarNative
FNDA:0,(anonymous_5)
FNDA:0,(anonymous_6)
FNDA:0,(anonymous_7)
FNDA:0,(anonymous_8)
FNDA:0,(anonymous_9)
FNDA:0,(anonymous_10)
FNDA:0,(anonymous_11)
FNDA:0,(anonymous_12)
FNDA:0,(anonymous_13)
DA:1,1
DA:2,1
DA:3,1
DA:10,1
DA:12,1
DA:27,12
DA:30,1
DA:31,5
DA:36,1
DA:37,1
DA:38,1
DA:39,0
DA:45,1
DA:46,0
DA:47,0
DA:49,0
DA:63,0
DA:67,0
DA:68,0
DA:69,0
DA:70,0
DA:72,0
DA:73,0
DA:74,0
DA:75,0
DA:78,0
DA:79,0
DA:81,0
DA:82,0
DA:83,0
DA:84,0
DA:85,0
DA:86,0
DA:90,0
DA:91,0
DA:93,0
DA:94,0
DA:95,0
DA:96,0
DA:98,0
DA:100,0
DA:101,0
DA:108,0
DA:109,0
DA:110,0
DA:111,0
DA:112,0
DA:116,0
DA:117,0
DA:118,0
DA:119,0
DA:120,0
DA:127,0
DA:129,0
DA:130,0
DA:131,0
DA:132,0
DA:133,0
DA:134,0
DA:135,0
DA:137,0
DA:138,0
DA:139,0
DA:140,0
DA:141,0
DA:142,0
DA:143,0
DA:144,0
DA:145,0
DA:152,0
DA:153,0
DA:154,0
DA:155,0
DA:156,0
DA:157,0
DA:158,0
DA:160,0
DA:161,0
DA:162,0
DA:166,0
DA:168,0
DA:169,0
DA:170,0
DA:171,0
DA:172,0
DA:176,0
DA:177,0
DA:178,0
DA:179,0
DA:184,0
DA:189,0
LF:91
LH:12
BRDA:27,0,0,3
BRDA:27,0,1,9
BRDA:27,1,0,12
BRDA:27,1,1,4
BRDA:31,2,0,5
BRDA:31,2,1,4
BRDA:31,2,2,3
BRDA:38,3,0,0
BRDA:38,3,1,1
BRDA:38,4,0,1
BRDA:38,4,1,1
BRDA:46,5,0,0
BRDA:46,5,1,0
BRDA:85,6,0,0
BRDA:85,6,1,0
BRDA:91,7,0,0
BRDA:91,7,1,0
BRDA:94,8,0,0
BRDA:94,8,1,0
BRDA:96,9,0,0
BRDA:96,9,1,0
BRDA:96,10,0,0
BRDA:96,10,1,0
BRDA:100,11,0,0
BRDA:100,11,1,0
BRDA:109,12,0,0
BRDA:109,12,1,0
BRDA:111,13,0,0
BRDA:111,13,1,0
BRDA:133,14,0,0
BRDA:133,14,1,0
BRDA:134,15,0,0
BRDA:134,15,1,0
BRDA:138,16,0,0
BRDA:138,16,1,0
BRDA:140,17,0,0
BRDA:140,17,1,0
BRDA:144,18,0,0
BRDA:144,18,1,0
BRDA:152,19,0,0
BRDA:152,19,1,0
BRDA:154,20,0,0
BRDA:154,20,1,0
BRDA:156,21,0,0
BRDA:156,21,1,0
BRDA:156,22,0,0
BRDA:156,22,1,0
BRDA:160,23,0,0
BRDA:160,23,1,0
BRF:49
BRH:10
end_of_record
TN:
SF:src/utils/verbSearch.ts
FN:21,normalizeSearchText
FN:33,(anonymous_2)
FN:57,getConjugationIndex
FN:60,(anonymous_4)
FN:61,(anonymous_5)
FN:63,(anonymous_6)
FN:82,getConjFuse
FN:95,searchVerbs
FN:99,searchConjugations
FN:104,getExactConjugationMatches
FN:106,(anonymous_11)
FNF:11
FNH:2
FNDA:2024,normalizeSearchText
FNDA:1010,(anonymous_2)
FNDA:0,getConjugationIndex
FNDA:0,(anonymous_4)
FNDA:0,(anonymous_5)
FNDA:0,(anonymous_6)
FNDA:0,getConjFuse
FNDA:0,searchVerbs
FNDA:0,searchConjugations
FNDA:0,getExactConjugationMatches
FNDA:0,(anonymous_11)
DA:1,1
DA:2,1
DA:3,1
DA:4,1
DA:21,1
DA:22,2024
DA:32,1
DA:33,1010
DA:41,1
DA:54,1
DA:55,1
DA:58,0
DA:59,0
DA:60,0
DA:61,0
DA:62,0
DA:63,0
DA:64,0
DA:65,0
DA:66,0
DA:78,0
DA:79,0
DA:83,0
DA:84,0
DA:92,0
DA:95,1
DA:96,0
DA:99,1
DA:100,0
DA:101,0
DA:104,1
DA:105,0
DA:106,0
LF:33
LH:14
BRDA:58,0,0,0
BRDA:58,0,1,0
BRDA:64,1,0,0
BRDA:64,1,1,0
BRDA:64,2,0,0
BRDA:64,2,1,0
BRDA:83,3,0,0
BRDA:83,3,1,0
BRDA:100,4,0,0
BRDA:100,4,1,0
BRDA:105,5,0,0
BRDA:105,5,1,0
BRF:12
BRH:0
end_of_record
